{"/volume1/server/buscobarbie_api/src/logic/index.js": {"path":"/volume1/server/buscobarbie_api/src/logic/index.js","statementMap":{"0":{"start":{"line":1,"column":0},"end":{"line":25,"column":1}}},"fnMap":{},"branchMap":{},"s":{"0":22},"f":{},"b":{},"_coverageSchema":"1a1c01bbd47fc00a2c39e90264f33305004495a9","hash":"2acfc0a15276ac04d8f81f2cb4918ddc4777b7a9"}
,"/volume1/server/buscobarbie_api/src/logic/admin/adminContact.js": {"path":"/volume1/server/buscobarbie_api/src/logic/admin/adminContact.js","statementMap":{"0":{"start":{"line":1,"column":78},"end":{"line":1,"column":99}},"1":{"start":{"line":2,"column":19},"end":{"line":2,"column":40}},"2":{"start":{"line":3,"column":0},"end":{"line":3,"column":26}},"3":{"start":{"line":4,"column":18},"end":{"line":4,"column":39}},"4":{"start":{"line":5,"column":18},"end":{"line":5,"column":39}},"5":{"start":{"line":6,"column":18},"end":{"line":6,"column":39}},"6":{"start":{"line":7,"column":22},"end":{"line":7,"column":47}},"7":{"start":{"line":8,"column":22},"end":{"line":8,"column":47}},"8":{"start":{"line":10,"column":0},"end":{"line":81,"column":1}},"9":{"start":{"line":11,"column":4},"end":{"line":11,"column":22}},"10":{"start":{"line":12,"column":4},"end":{"line":12,"column":24}},"11":{"start":{"line":13,"column":4},"end":{"line":13,"column":34}},"12":{"start":{"line":14,"column":4},"end":{"line":14,"column":25}},"13":{"start":{"line":16,"column":24},"end":{"line":24,"column":6}},"14":{"start":{"line":26,"column":22},"end":{"line":73,"column":12}},"15":{"start":{"line":75,"column":4},"end":{"line":80,"column":6}}},"fnMap":{"0":{"name":"(anonymous_0)","decl":{"start":{"line":10,"column":17},"end":{"line":10,"column":18}},"loc":{"start":{"line":10,"column":63},"end":{"line":81,"column":1}},"line":10}},"branchMap":{},"s":{"0":22,"1":22,"2":22,"3":22,"4":22,"5":22,"6":22,"7":22,"8":22,"9":1,"10":1,"11":1,"12":1,"13":1,"14":1,"15":1},"f":{"0":1},"b":{},"_coverageSchema":"1a1c01bbd47fc00a2c39e90264f33305004495a9","hash":"49ae5f9e831572ab01ca29a0e00b9b29218e537b"}
,"/volume1/server/buscobarbie_api/src/logic/admin/adminDeleteAd.js": {"path":"/volume1/server/buscobarbie_api/src/logic/admin/adminDeleteAd.js","statementMap":{"0":{"start":{"line":1,"column":21},"end":{"line":1,"column":44}},"1":{"start":{"line":2,"column":29},"end":{"line":2,"column":51}},"2":{"start":{"line":3,"column":11},"end":{"line":3,"column":33}},"3":{"start":{"line":4,"column":44},"end":{"line":4,"column":61}},"4":{"start":{"line":5,"column":19},"end":{"line":5,"column":40}},"5":{"start":{"line":6,"column":0},"end":{"line":6,"column":26}},"6":{"start":{"line":7,"column":18},"end":{"line":7,"column":39}},"7":{"start":{"line":8,"column":18},"end":{"line":8,"column":39}},"8":{"start":{"line":9,"column":18},"end":{"line":9,"column":39}},"9":{"start":{"line":10,"column":22},"end":{"line":10,"column":47}},"10":{"start":{"line":11,"column":16},"end":{"line":11,"column":35}},"11":{"start":{"line":13,"column":0},"end":{"line":129,"column":1}},"12":{"start":{"line":14,"column":4},"end":{"line":14,"column":26}},"13":{"start":{"line":15,"column":4},"end":{"line":15,"column":28}},"14":{"start":{"line":17,"column":17},"end":{"line":17,"column":51}},"15":{"start":{"line":18,"column":4},"end":{"line":18,"column":56}},"16":{"start":{"line":18,"column":15},"end":{"line":18,"column":56}},"17":{"start":{"line":19,"column":4},"end":{"line":19,"column":75}},"18":{"start":{"line":19,"column":31},"end":{"line":19,"column":75}},"19":{"start":{"line":21,"column":15},"end":{"line":21,"column":45}},"20":{"start":{"line":22,"column":4},"end":{"line":22,"column":52}},"21":{"start":{"line":22,"column":13},"end":{"line":22,"column":52}},"22":{"start":{"line":24,"column":19},"end":{"line":24,"column":54}},"23":{"start":{"line":26,"column":4},"end":{"line":26,"column":37}},"24":{"start":{"line":27,"column":4},"end":{"line":27,"column":77}},"25":{"start":{"line":29,"column":24},"end":{"line":37,"column":6}},"26":{"start":{"line":39,"column":22},"end":{"line":121,"column":12}},"27":{"start":{"line":123,"column":4},"end":{"line":128,"column":6}}},"fnMap":{"0":{"name":"(anonymous_0)","decl":{"start":{"line":13,"column":17},"end":{"line":13,"column":18}},"loc":{"start":{"line":13,"column":47},"end":{"line":129,"column":1}},"line":13}},"branchMap":{"0":{"loc":{"start":{"line":18,"column":4},"end":{"line":18,"column":56}},"type":"if","locations":[{"start":{"line":18,"column":4},"end":{"line":18,"column":56}},{"start":{},"end":{}}],"line":18},"1":{"loc":{"start":{"line":19,"column":4},"end":{"line":19,"column":75}},"type":"if","locations":[{"start":{"line":19,"column":4},"end":{"line":19,"column":75}},{"start":{},"end":{}}],"line":19},"2":{"loc":{"start":{"line":22,"column":4},"end":{"line":22,"column":52}},"type":"if","locations":[{"start":{"line":22,"column":4},"end":{"line":22,"column":52}},{"start":{},"end":{}}],"line":22},"3":{"loc":{"start":{"line":107,"column":41},"end":{"line":107,"column":98}},"type":"cond-expr","locations":[{"start":{"line":107,"column":72},"end":{"line":107,"column":85}},{"start":{"line":107,"column":88},"end":{"line":107,"column":98}}],"line":107},"4":{"loc":{"start":{"line":108,"column":51},"end":{"line":108,"column":106}},"type":"cond-expr","locations":[{"start":{"line":108,"column":70},"end":{"line":108,"column":86}},{"start":{"line":108,"column":89},"end":{"line":108,"column":106}}],"line":108},"5":{"loc":{"start":{"line":109,"column":55},"end":{"line":109,"column":94}},"type":"cond-expr","locations":[{"start":{"line":109,"column":66},"end":{"line":109,"column":74}},{"start":{"line":109,"column":77},"end":{"line":109,"column":94}}],"line":109},"6":{"loc":{"start":{"line":112,"column":53},"end":{"line":112,"column":108}},"type":"cond-expr","locations":[{"start":{"line":112,"column":63},"end":{"line":112,"column":70}},{"start":{"line":112,"column":73},"end":{"line":112,"column":108}}],"line":112},"7":{"loc":{"start":{"line":113,"column":65},"end":{"line":113,"column":121}},"type":"cond-expr","locations":[{"start":{"line":113,"column":82},"end":{"line":113,"column":100}},{"start":{"line":113,"column":103},"end":{"line":113,"column":121}}],"line":113},"8":{"loc":{"start":{"line":114,"column":65},"end":{"line":114,"column":104}},"type":"cond-expr","locations":[{"start":{"line":114,"column":83},"end":{"line":114,"column":98}},{"start":{"line":114,"column":101},"end":{"line":114,"column":104}}],"line":114}},"s":{"0":22,"1":22,"2":22,"3":22,"4":22,"5":22,"6":22,"7":22,"8":22,"9":22,"10":22,"11":22,"12":4,"13":4,"14":4,"15":4,"16":1,"17":3,"18":1,"19":2,"20":2,"21":1,"22":1,"23":1,"24":1,"25":1,"26":1,"27":1},"f":{"0":4},"b":{"0":[1,3],"1":[1,2],"2":[1,1],"3":[1,0],"4":[1,0],"5":[0,1],"6":[0,1],"7":[0,1],"8":[0,1]},"_coverageSchema":"1a1c01bbd47fc00a2c39e90264f33305004495a9","hash":"cc59473630891168e72cd5de849dea1ec8c512e9"}
,"/volume1/server/buscobarbie_api/src/logic/admin/logFirstConnection.js": {"path":"/volume1/server/buscobarbie_api/src/logic/admin/logFirstConnection.js","statementMap":{"0":{"start":{"line":1,"column":28},"end":{"line":1,"column":51}},"1":{"start":{"line":3,"column":0},"end":{"line":13,"column":1}},"2":{"start":{"line":6,"column":23},"end":{"line":6,"column":60}},"3":{"start":{"line":8,"column":4},"end":{"line":8,"column":32}},"4":{"start":{"line":8,"column":20},"end":{"line":8,"column":32}},"5":{"start":{"line":10,"column":4},"end":{"line":10,"column":57}},"6":{"start":{"line":12,"column":4},"end":{"line":12,"column":15}}},"fnMap":{"0":{"name":"(anonymous_0)","decl":{"start":{"line":3,"column":17},"end":{"line":3,"column":18}},"loc":{"start":{"line":3,"column":54},"end":{"line":13,"column":1}},"line":3}},"branchMap":{"0":{"loc":{"start":{"line":8,"column":4},"end":{"line":8,"column":32}},"type":"if","locations":[{"start":{"line":8,"column":4},"end":{"line":8,"column":32}},{"start":{},"end":{}}],"line":8}},"s":{"0":22,"1":22,"2":2,"3":2,"4":1,"5":1,"6":1},"f":{"0":2},"b":{"0":[1,1]},"_coverageSchema":"1a1c01bbd47fc00a2c39e90264f33305004495a9","hash":"162463ad9cd45640807a8608bd3242745acaae3c"}
,"/volume1/server/buscobarbie_api/src/logic/admin/retrieveAdminData.js": {"path":"/volume1/server/buscobarbie_api/src/logic/admin/retrieveAdminData.js","statementMap":{"0":{"start":{"line":1,"column":21},"end":{"line":1,"column":44}},"1":{"start":{"line":2,"column":44},"end":{"line":2,"column":61}},"2":{"start":{"line":3,"column":29},"end":{"line":3,"column":51}},"3":{"start":{"line":5,"column":0},"end":{"line":19,"column":1}},"4":{"start":{"line":6,"column":4},"end":{"line":6,"column":28}},"5":{"start":{"line":8,"column":17},"end":{"line":8,"column":51}},"6":{"start":{"line":9,"column":4},"end":{"line":9,"column":56}},"7":{"start":{"line":9,"column":15},"end":{"line":9,"column":56}},"8":{"start":{"line":10,"column":4},"end":{"line":10,"column":75}},"9":{"start":{"line":10,"column":31},"end":{"line":10,"column":75}},"10":{"start":{"line":12,"column":22},"end":{"line":12,"column":66}},"11":{"start":{"line":13,"column":17},"end":{"line":13,"column":82}},"12":{"start":{"line":15,"column":24},"end":{"line":15,"column":70}},"13":{"start":{"line":16,"column":19},"end":{"line":16,"column":109}},"14":{"start":{"line":18,"column":4},"end":{"line":18,"column":58}}},"fnMap":{"0":{"name":"(anonymous_0)","decl":{"start":{"line":5,"column":17},"end":{"line":5,"column":18}},"loc":{"start":{"line":5,"column":41},"end":{"line":19,"column":1}},"line":5}},"branchMap":{"0":{"loc":{"start":{"line":9,"column":4},"end":{"line":9,"column":56}},"type":"if","locations":[{"start":{"line":9,"column":4},"end":{"line":9,"column":56}},{"start":{},"end":{}}],"line":9},"1":{"loc":{"start":{"line":10,"column":4},"end":{"line":10,"column":75}},"type":"if","locations":[{"start":{"line":10,"column":4},"end":{"line":10,"column":75}},{"start":{},"end":{}}],"line":10}},"s":{"0":22,"1":22,"2":22,"3":22,"4":3,"5":3,"6":3,"7":1,"8":2,"9":1,"10":1,"11":1,"12":1,"13":1,"14":1},"f":{"0":3},"b":{"0":[1,2],"1":[1,1]},"_coverageSchema":"1a1c01bbd47fc00a2c39e90264f33305004495a9","hash":"e2e270904eda9a69dc673606b2772928c924209a"}
,"/volume1/server/buscobarbie_api/src/logic/admin/verifyAd.js": {"path":"/volume1/server/buscobarbie_api/src/logic/admin/verifyAd.js","statementMap":{"0":{"start":{"line":1,"column":21},"end":{"line":1,"column":44}},"1":{"start":{"line":2,"column":29},"end":{"line":2,"column":51}},"2":{"start":{"line":3,"column":44},"end":{"line":3,"column":61}},"3":{"start":{"line":4,"column":19},"end":{"line":4,"column":40}},"4":{"start":{"line":5,"column":0},"end":{"line":5,"column":26}},"5":{"start":{"line":6,"column":18},"end":{"line":6,"column":39}},"6":{"start":{"line":7,"column":18},"end":{"line":7,"column":39}},"7":{"start":{"line":8,"column":18},"end":{"line":8,"column":39}},"8":{"start":{"line":9,"column":22},"end":{"line":9,"column":47}},"9":{"start":{"line":10,"column":16},"end":{"line":10,"column":35}},"10":{"start":{"line":12,"column":0},"end":{"line":124,"column":1}},"11":{"start":{"line":13,"column":4},"end":{"line":13,"column":26}},"12":{"start":{"line":14,"column":4},"end":{"line":14,"column":28}},"13":{"start":{"line":16,"column":17},"end":{"line":16,"column":51}},"14":{"start":{"line":17,"column":4},"end":{"line":17,"column":56}},"15":{"start":{"line":17,"column":15},"end":{"line":17,"column":56}},"16":{"start":{"line":18,"column":4},"end":{"line":18,"column":75}},"17":{"start":{"line":18,"column":31},"end":{"line":18,"column":75}},"18":{"start":{"line":20,"column":15},"end":{"line":20,"column":45}},"19":{"start":{"line":21,"column":4},"end":{"line":21,"column":52}},"20":{"start":{"line":21,"column":13},"end":{"line":21,"column":52}},"21":{"start":{"line":23,"column":4},"end":{"line":23,"column":63}},"22":{"start":{"line":25,"column":19},"end":{"line":25,"column":54}},"23":{"start":{"line":27,"column":24},"end":{"line":35,"column":6}},"24":{"start":{"line":37,"column":22},"end":{"line":116,"column":12}},"25":{"start":{"line":118,"column":4},"end":{"line":123,"column":6}}},"fnMap":{"0":{"name":"(anonymous_0)","decl":{"start":{"line":12,"column":17},"end":{"line":12,"column":18}},"loc":{"start":{"line":12,"column":47},"end":{"line":124,"column":1}},"line":12}},"branchMap":{"0":{"loc":{"start":{"line":17,"column":4},"end":{"line":17,"column":56}},"type":"if","locations":[{"start":{"line":17,"column":4},"end":{"line":17,"column":56}},{"start":{},"end":{}}],"line":17},"1":{"loc":{"start":{"line":18,"column":4},"end":{"line":18,"column":75}},"type":"if","locations":[{"start":{"line":18,"column":4},"end":{"line":18,"column":75}},{"start":{},"end":{}}],"line":18},"2":{"loc":{"start":{"line":21,"column":4},"end":{"line":21,"column":52}},"type":"if","locations":[{"start":{"line":21,"column":4},"end":{"line":21,"column":52}},{"start":{},"end":{}}],"line":21},"3":{"loc":{"start":{"line":102,"column":41},"end":{"line":102,"column":98}},"type":"cond-expr","locations":[{"start":{"line":102,"column":72},"end":{"line":102,"column":85}},{"start":{"line":102,"column":88},"end":{"line":102,"column":98}}],"line":102},"4":{"loc":{"start":{"line":103,"column":51},"end":{"line":103,"column":106}},"type":"cond-expr","locations":[{"start":{"line":103,"column":70},"end":{"line":103,"column":86}},{"start":{"line":103,"column":89},"end":{"line":103,"column":106}}],"line":103},"5":{"loc":{"start":{"line":104,"column":55},"end":{"line":104,"column":94}},"type":"cond-expr","locations":[{"start":{"line":104,"column":66},"end":{"line":104,"column":74}},{"start":{"line":104,"column":77},"end":{"line":104,"column":94}}],"line":104},"6":{"loc":{"start":{"line":107,"column":53},"end":{"line":107,"column":108}},"type":"cond-expr","locations":[{"start":{"line":107,"column":63},"end":{"line":107,"column":70}},{"start":{"line":107,"column":73},"end":{"line":107,"column":108}}],"line":107},"7":{"loc":{"start":{"line":108,"column":65},"end":{"line":108,"column":121}},"type":"cond-expr","locations":[{"start":{"line":108,"column":82},"end":{"line":108,"column":100}},{"start":{"line":108,"column":103},"end":{"line":108,"column":121}}],"line":108},"8":{"loc":{"start":{"line":109,"column":65},"end":{"line":109,"column":104}},"type":"cond-expr","locations":[{"start":{"line":109,"column":83},"end":{"line":109,"column":98}},{"start":{"line":109,"column":101},"end":{"line":109,"column":104}}],"line":109}},"s":{"0":22,"1":22,"2":22,"3":22,"4":22,"5":22,"6":22,"7":22,"8":22,"9":22,"10":22,"11":4,"12":4,"13":4,"14":4,"15":1,"16":3,"17":1,"18":2,"19":2,"20":1,"21":1,"22":1,"23":1,"24":1,"25":1},"f":{"0":4},"b":{"0":[1,3],"1":[1,2],"2":[1,1],"3":[1,0],"4":[1,0],"5":[0,1],"6":[0,1],"7":[0,1],"8":[0,1]},"_coverageSchema":"1a1c01bbd47fc00a2c39e90264f33305004495a9","hash":"f5942d6c169760c7b40e1bec06737bb147094bfb"}
,"/volume1/server/buscobarbie_api/src/logic/ads/reportAd.js": {"path":"/volume1/server/buscobarbie_api/src/logic/ads/reportAd.js","statementMap":{"0":{"start":{"line":1,"column":47},"end":{"line":1,"column":68}},"1":{"start":{"line":2,"column":29},"end":{"line":2,"column":51}},"2":{"start":{"line":3,"column":26},"end":{"line":3,"column":43}},"3":{"start":{"line":4,"column":19},"end":{"line":4,"column":40}},"4":{"start":{"line":5,"column":15},"end":{"line":5,"column":38}},"5":{"start":{"line":6,"column":0},"end":{"line":6,"column":26}},"6":{"start":{"line":7,"column":18},"end":{"line":7,"column":39}},"7":{"start":{"line":8,"column":18},"end":{"line":8,"column":39}},"8":{"start":{"line":9,"column":18},"end":{"line":9,"column":39}},"9":{"start":{"line":10,"column":22},"end":{"line":10,"column":47}},"10":{"start":{"line":11,"column":22},"end":{"line":11,"column":47}},"11":{"start":{"line":13,"column":0},"end":{"line":85,"column":1}},"12":{"start":{"line":14,"column":4},"end":{"line":14,"column":32}},"13":{"start":{"line":15,"column":4},"end":{"line":15,"column":22}},"14":{"start":{"line":16,"column":4},"end":{"line":16,"column":26}},"15":{"start":{"line":18,"column":15},"end":{"line":18,"column":38}},"16":{"start":{"line":19,"column":4},"end":{"line":19,"column":62}},"17":{"start":{"line":19,"column":13},"end":{"line":19,"column":62}},"18":{"start":{"line":21,"column":24},"end":{"line":29,"column":6}},"19":{"start":{"line":31,"column":22},"end":{"line":77,"column":12}},"20":{"start":{"line":79,"column":4},"end":{"line":84,"column":6}}},"fnMap":{"0":{"name":"(anonymous_0)","decl":{"start":{"line":13,"column":17},"end":{"line":13,"column":18}},"loc":{"start":{"line":13,"column":53},"end":{"line":85,"column":1}},"line":13}},"branchMap":{"0":{"loc":{"start":{"line":19,"column":4},"end":{"line":19,"column":62}},"type":"if","locations":[{"start":{"line":19,"column":4},"end":{"line":19,"column":62}},{"start":{},"end":{}}],"line":19}},"s":{"0":22,"1":22,"2":22,"3":22,"4":22,"5":22,"6":22,"7":22,"8":22,"9":22,"10":22,"11":22,"12":2,"13":2,"14":2,"15":2,"16":2,"17":1,"18":1,"19":1,"20":1},"f":{"0":2},"b":{"0":[1,1]},"_coverageSchema":"1a1c01bbd47fc00a2c39e90264f33305004495a9","hash":"289acc79bc559650e13b9ee7b170bb80d3a1d7f8"}
,"/volume1/server/buscobarbie_api/src/logic/ads/retrieveAdWithId.js": {"path":"/volume1/server/buscobarbie_api/src/logic/ads/retrieveAdWithId.js","statementMap":{"0":{"start":{"line":1,"column":28},"end":{"line":1,"column":49}},"1":{"start":{"line":2,"column":21},"end":{"line":2,"column":44}},"2":{"start":{"line":3,"column":29},"end":{"line":3,"column":51}},"3":{"start":{"line":5,"column":0},"end":{"line":19,"column":1}},"4":{"start":{"line":6,"column":4},"end":{"line":6,"column":28}},"5":{"start":{"line":7,"column":4},"end":{"line":7,"column":26}},"6":{"start":{"line":8,"column":4},"end":{"line":18,"column":10}},"7":{"start":{"line":10,"column":12},"end":{"line":10,"column":32}},"8":{"start":{"line":10,"column":21},"end":{"line":10,"column":32}},"9":{"start":{"line":11,"column":12},"end":{"line":11,"column":60}},"10":{"start":{"line":11,"column":49},"end":{"line":11,"column":60}},"11":{"start":{"line":12,"column":12},"end":{"line":17,"column":14}},"12":{"start":{"line":14,"column":16},"end":{"line":14,"column":47}},"13":{"start":{"line":14,"column":36},"end":{"line":14,"column":47}},"14":{"start":{"line":15,"column":16},"end":{"line":15,"column":35}},"15":{"start":{"line":16,"column":16},"end":{"line":16,"column":25}}},"fnMap":{"0":{"name":"(anonymous_0)","decl":{"start":{"line":5,"column":17},"end":{"line":5,"column":18}},"loc":{"start":{"line":5,"column":41},"end":{"line":19,"column":1}},"line":5},"1":{"name":"(anonymous_1)","decl":{"start":{"line":9,"column":14},"end":{"line":9,"column":15}},"loc":{"start":{"line":9,"column":20},"end":{"line":18,"column":9}},"line":9},"2":{"name":"(anonymous_2)","decl":{"start":{"line":13,"column":18},"end":{"line":13,"column":19}},"loc":{"start":{"line":13,"column":26},"end":{"line":17,"column":13}},"line":13}},"branchMap":{"0":{"loc":{"start":{"line":10,"column":12},"end":{"line":10,"column":32}},"type":"if","locations":[{"start":{"line":10,"column":12},"end":{"line":10,"column":32}},{"start":{},"end":{}}],"line":10},"1":{"loc":{"start":{"line":11,"column":12},"end":{"line":11,"column":60}},"type":"if","locations":[{"start":{"line":11,"column":12},"end":{"line":11,"column":60}},{"start":{},"end":{}}],"line":11},"2":{"loc":{"start":{"line":14,"column":16},"end":{"line":14,"column":47}},"type":"if","locations":[{"start":{"line":14,"column":16},"end":{"line":14,"column":47}},{"start":{},"end":{}}],"line":14}},"s":{"0":22,"1":22,"2":22,"3":22,"4":4,"5":4,"6":4,"7":4,"8":1,"9":3,"10":1,"11":2,"12":2,"13":1,"14":1,"15":1},"f":{"0":4,"1":4,"2":2},"b":{"0":[1,3],"1":[1,2],"2":[1,1]},"_coverageSchema":"1a1c01bbd47fc00a2c39e90264f33305004495a9","hash":"a0bd7dec472171931976320838c78817560dcd31"}
,"/volume1/server/buscobarbie_api/src/logic/ads/retrieveFilteredAds.js": {"path":"/volume1/server/buscobarbie_api/src/logic/ads/retrieveFilteredAds.js","statementMap":{"0":{"start":{"line":1,"column":15},"end":{"line":1,"column":38}},"1":{"start":{"line":2,"column":28},"end":{"line":2,"column":49}},"2":{"start":{"line":4,"column":0},"end":{"line":60,"column":1}},"3":{"start":{"line":5,"column":16},"end":{"line":5,"column":20}},"4":{"start":{"line":6,"column":4},"end":{"line":6,"column":57}},"5":{"start":{"line":6,"column":34},"end":{"line":6,"column":57}},"6":{"start":{"line":8,"column":4},"end":{"line":8,"column":90}},"7":{"start":{"line":10,"column":24},"end":{"line":39,"column":5}},"8":{"start":{"line":11,"column":8},"end":{"line":11,"column":42}},"9":{"start":{"line":13,"column":8},"end":{"line":14,"column":48}},"10":{"start":{"line":14,"column":12},"end":{"line":14,"column":48}},"11":{"start":{"line":16,"column":8},"end":{"line":16,"column":34}},"12":{"start":{"line":18,"column":8},"end":{"line":18,"column":28}},"13":{"start":{"line":20,"column":8},"end":{"line":27,"column":9}},"14":{"start":{"line":21,"column":12},"end":{"line":26,"column":13}},"15":{"start":{"line":29,"column":8},"end":{"line":31,"column":9}},"16":{"start":{"line":30,"column":12},"end":{"line":30,"column":40}},"17":{"start":{"line":33,"column":8},"end":{"line":34,"column":28}},"18":{"start":{"line":34,"column":12},"end":{"line":34,"column":28}},"19":{"start":{"line":36,"column":8},"end":{"line":38,"column":9}},"20":{"start":{"line":37,"column":12},"end":{"line":37,"column":38}},"21":{"start":{"line":41,"column":16},"end":{"line":46,"column":5}},"22":{"start":{"line":42,"column":8},"end":{"line":42,"column":51}},"23":{"start":{"line":42,"column":32},"end":{"line":42,"column":51}},"24":{"start":{"line":43,"column":8},"end":{"line":43,"column":57}},"25":{"start":{"line":43,"column":39},"end":{"line":43,"column":57}},"26":{"start":{"line":44,"column":8},"end":{"line":44,"column":48}},"27":{"start":{"line":44,"column":33},"end":{"line":44,"column":48}},"28":{"start":{"line":45,"column":8},"end":{"line":45,"column":47}},"29":{"start":{"line":45,"column":33},"end":{"line":45,"column":47}},"30":{"start":{"line":48,"column":4},"end":{"line":59,"column":10}},"31":{"start":{"line":50,"column":12},"end":{"line":58,"column":18}},"32":{"start":{"line":52,"column":20},"end":{"line":57,"column":21}}},"fnMap":{"0":{"name":"(anonymous_0)","decl":{"start":{"line":4,"column":17},"end":{"line":4,"column":18}},"loc":{"start":{"line":4,"column":97},"end":{"line":60,"column":1}},"line":4},"1":{"name":"(anonymous_1)","decl":{"start":{"line":10,"column":28},"end":{"line":10,"column":29}},"loc":{"start":{"line":10,"column":40},"end":{"line":39,"column":5}},"line":10},"2":{"name":"(anonymous_2)","decl":{"start":{"line":41,"column":20},"end":{"line":41,"column":21}},"loc":{"start":{"line":41,"column":32},"end":{"line":46,"column":5}},"line":41},"3":{"name":"(anonymous_3)","decl":{"start":{"line":49,"column":14},"end":{"line":49,"column":15}},"loc":{"start":{"line":49,"column":21},"end":{"line":59,"column":9}},"line":49},"4":{"name":"(anonymous_4)","decl":{"start":{"line":51,"column":22},"end":{"line":51,"column":23}},"loc":{"start":{"line":51,"column":31},"end":{"line":58,"column":17}},"line":51}},"branchMap":{"0":{"loc":{"start":{"line":6,"column":4},"end":{"line":6,"column":57}},"type":"if","locations":[{"start":{"line":6,"column":4},"end":{"line":6,"column":57}},{"start":{},"end":{}}],"line":6},"1":{"loc":{"start":{"line":13,"column":8},"end":{"line":14,"column":48}},"type":"if","locations":[{"start":{"line":13,"column":8},"end":{"line":14,"column":48}},{"start":{},"end":{}}],"line":13},"2":{"loc":{"start":{"line":20,"column":8},"end":{"line":27,"column":9}},"type":"if","locations":[{"start":{"line":20,"column":8},"end":{"line":27,"column":9}},{"start":{},"end":{}}],"line":20},"3":{"loc":{"start":{"line":29,"column":8},"end":{"line":31,"column":9}},"type":"if","locations":[{"start":{"line":29,"column":8},"end":{"line":31,"column":9}},{"start":{},"end":{}}],"line":29},"4":{"loc":{"start":{"line":33,"column":8},"end":{"line":34,"column":28}},"type":"if","locations":[{"start":{"line":33,"column":8},"end":{"line":34,"column":28}},{"start":{},"end":{}}],"line":33},"5":{"loc":{"start":{"line":36,"column":8},"end":{"line":38,"column":9}},"type":"if","locations":[{"start":{"line":36,"column":8},"end":{"line":38,"column":9}},{"start":{},"end":{}}],"line":36},"6":{"loc":{"start":{"line":36,"column":12},"end":{"line":36,"column":33}},"type":"binary-expr","locations":[{"start":{"line":36,"column":12},"end":{"line":36,"column":17}},{"start":{"line":36,"column":21},"end":{"line":36,"column":33}}],"line":36},"7":{"loc":{"start":{"line":42,"column":8},"end":{"line":42,"column":51}},"type":"if","locations":[{"start":{"line":42,"column":8},"end":{"line":42,"column":51}},{"start":{},"end":{}}],"line":42},"8":{"loc":{"start":{"line":43,"column":8},"end":{"line":43,"column":57}},"type":"if","locations":[{"start":{"line":43,"column":8},"end":{"line":43,"column":57}},{"start":{},"end":{}}],"line":43},"9":{"loc":{"start":{"line":44,"column":8},"end":{"line":44,"column":48}},"type":"if","locations":[{"start":{"line":44,"column":8},"end":{"line":44,"column":48}},{"start":{},"end":{}}],"line":44},"10":{"loc":{"start":{"line":45,"column":8},"end":{"line":45,"column":47}},"type":"if","locations":[{"start":{"line":45,"column":8},"end":{"line":45,"column":47}},{"start":{},"end":{}}],"line":45}},"s":{"0":22,"1":22,"2":22,"3":2,"4":2,"5":1,"6":2,"7":2,"8":2,"9":2,"10":1,"11":2,"12":2,"13":2,"14":1,"15":2,"16":2,"17":2,"18":1,"19":2,"20":1,"21":2,"22":2,"23":1,"24":2,"25":1,"26":2,"27":0,"28":2,"29":0,"30":2,"31":2,"32":2},"f":{"0":2,"1":2,"2":2,"3":2,"4":2},"b":{"0":[1,1],"1":[1,1],"2":[1,1],"3":[2,0],"4":[1,1],"5":[1,1],"6":[2,1],"7":[1,1],"8":[1,1],"9":[0,2],"10":[0,2]},"_coverageSchema":"1a1c01bbd47fc00a2c39e90264f33305004495a9","hash":"8a2276ac36a8442651777872dd586c28999f0105"}
,"/volume1/server/buscobarbie_api/src/logic/user/authenticateGoogleUser.js": {"path":"/volume1/server/buscobarbie_api/src/logic/user/authenticateGoogleUser.js","statementMap":{"0":{"start":{"line":1,"column":26},"end":{"line":1,"column":47}},"1":{"start":{"line":2,"column":17},"end":{"line":2,"column":40}},"2":{"start":{"line":3,"column":15},"end":{"line":3,"column":34}},"3":{"start":{"line":4,"column":11},"end":{"line":4,"column":33}},"4":{"start":{"line":5,"column":17},"end":{"line":5,"column":32}},"5":{"start":{"line":6,"column":20},"end":{"line":6,"column":53}},"6":{"start":{"line":7,"column":20},"end":{"line":7,"column":104}},"7":{"start":{"line":8,"column":14},"end":{"line":8,"column":35}},"8":{"start":{"line":10,"column":0},"end":{"line":29,"column":1}},"9":{"start":{"line":11,"column":4},"end":{"line":11,"column":24}},"10":{"start":{"line":13,"column":15},"end":{"line":13,"column":51}},"11":{"start":{"line":14,"column":4},"end":{"line":14,"column":29}},"12":{"start":{"line":14,"column":14},"end":{"line":14,"column":29}},"13":{"start":{"line":16,"column":19},"end":{"line":16,"column":21}},"14":{"start":{"line":18,"column":4},"end":{"line":20,"column":5}},"15":{"start":{"line":18,"column":17},"end":{"line":18,"column":18}},"16":{"start":{"line":19,"column":8},"end":{"line":19,"column":67}},"17":{"start":{"line":22,"column":17},"end":{"line":22,"column":48}},"18":{"start":{"line":24,"column":4},"end":{"line":24,"column":93}},"19":{"start":{"line":26,"column":4},"end":{"line":26,"column":79}},"20":{"start":{"line":28,"column":4},"end":{"line":28,"column":18}}},"fnMap":{"0":{"name":"(anonymous_0)","decl":{"start":{"line":10,"column":17},"end":{"line":10,"column":18}},"loc":{"start":{"line":10,"column":46},"end":{"line":29,"column":1}},"line":10}},"branchMap":{"0":{"loc":{"start":{"line":14,"column":4},"end":{"line":14,"column":29}},"type":"if","locations":[{"start":{"line":14,"column":4},"end":{"line":14,"column":29}},{"start":{},"end":{}}],"line":14}},"s":{"0":22,"1":22,"2":22,"3":22,"4":22,"5":22,"6":22,"7":22,"8":22,"9":2,"10":2,"11":2,"12":1,"13":1,"14":1,"15":1,"16":8,"17":1,"18":1,"19":1,"20":1},"f":{"0":2},"b":{"0":[1,1]},"_coverageSchema":"1a1c01bbd47fc00a2c39e90264f33305004495a9","hash":"90a122b3260a8bf369c627ddc18a0a9d66a9caff"}
,"/volume1/server/buscobarbie_api/src/logic/user/authenticateUser.js": {"path":"/volume1/server/buscobarbie_api/src/logic/user/authenticateUser.js","statementMap":{"0":{"start":{"line":1,"column":89},"end":{"line":1,"column":106}},"1":{"start":{"line":2,"column":44},"end":{"line":2,"column":65}},"2":{"start":{"line":3,"column":17},"end":{"line":3,"column":40}},"3":{"start":{"line":4,"column":15},"end":{"line":4,"column":34}},"4":{"start":{"line":20,"column":0},"end":{"line":36,"column":1}},"5":{"start":{"line":21,"column":4},"end":{"line":21,"column":24}},"6":{"start":{"line":22,"column":4},"end":{"line":22,"column":30}},"7":{"start":{"line":24,"column":17},"end":{"line":24,"column":53}},"8":{"start":{"line":26,"column":4},"end":{"line":26,"column":56}},"9":{"start":{"line":26,"column":15},"end":{"line":26,"column":56}},"10":{"start":{"line":27,"column":4},"end":{"line":27,"column":92}},"11":{"start":{"line":27,"column":32},"end":{"line":27,"column":92}},"12":{"start":{"line":28,"column":4},"end":{"line":28,"column":79}},"13":{"start":{"line":28,"column":33},"end":{"line":28,"column":79}},"14":{"start":{"line":30,"column":19},"end":{"line":30,"column":64}},"15":{"start":{"line":32,"column":4},"end":{"line":32,"column":74}},"16":{"start":{"line":32,"column":17},"end":{"line":32,"column":74}},"17":{"start":{"line":33,"column":4},"end":{"line":33,"column":55}}},"fnMap":{"0":{"name":"(anonymous_0)","decl":{"start":{"line":20,"column":17},"end":{"line":20,"column":18}},"loc":{"start":{"line":20,"column":50},"end":{"line":36,"column":1}},"line":20}},"branchMap":{"0":{"loc":{"start":{"line":26,"column":4},"end":{"line":26,"column":56}},"type":"if","locations":[{"start":{"line":26,"column":4},"end":{"line":26,"column":56}},{"start":{},"end":{}}],"line":26},"1":{"loc":{"start":{"line":27,"column":4},"end":{"line":27,"column":92}},"type":"if","locations":[{"start":{"line":27,"column":4},"end":{"line":27,"column":92}},{"start":{},"end":{}}],"line":27},"2":{"loc":{"start":{"line":28,"column":4},"end":{"line":28,"column":79}},"type":"if","locations":[{"start":{"line":28,"column":4},"end":{"line":28,"column":79}},{"start":{},"end":{}}],"line":28},"3":{"loc":{"start":{"line":32,"column":4},"end":{"line":32,"column":74}},"type":"if","locations":[{"start":{"line":32,"column":4},"end":{"line":32,"column":74}},{"start":{},"end":{}}],"line":32}},"s":{"0":22,"1":22,"2":22,"3":22,"4":22,"5":5,"6":5,"7":5,"8":5,"9":1,"10":4,"11":1,"12":3,"13":1,"14":2,"15":2,"16":1,"17":1},"f":{"0":5},"b":{"0":[1,4],"1":[1,3],"2":[1,2],"3":[1,1]},"_coverageSchema":"1a1c01bbd47fc00a2c39e90264f33305004495a9","hash":"ae304413f10284eb206b715da8683f7428ec0bbd"}
,"/volume1/server/buscobarbie_api/src/logic/user/contactUser.js": {"path":"/volume1/server/buscobarbie_api/src/logic/user/contactUser.js","statementMap":{"0":{"start":{"line":1,"column":26},"end":{"line":1,"column":43}},"1":{"start":{"line":2,"column":17},"end":{"line":2,"column":40}},"2":{"start":{"line":3,"column":19},"end":{"line":3,"column":40}},"3":{"start":{"line":4,"column":0},"end":{"line":4,"column":26}},"4":{"start":{"line":5,"column":18},"end":{"line":5,"column":39}},"5":{"start":{"line":6,"column":18},"end":{"line":6,"column":39}},"6":{"start":{"line":7,"column":18},"end":{"line":7,"column":39}},"7":{"start":{"line":8,"column":22},"end":{"line":8,"column":47}},"8":{"start":{"line":9,"column":16},"end":{"line":9,"column":35}},"9":{"start":{"line":11,"column":0},"end":{"line":101,"column":1}},"10":{"start":{"line":13,"column":17},"end":{"line":13,"column":51}},"11":{"start":{"line":14,"column":4},"end":{"line":14,"column":56}},"12":{"start":{"line":14,"column":15},"end":{"line":14,"column":56}},"13":{"start":{"line":16,"column":24},"end":{"line":24,"column":6}},"14":{"start":{"line":26,"column":22},"end":{"line":92,"column":12}},"15":{"start":{"line":94,"column":17},"end":{"line":99,"column":6}}},"fnMap":{"0":{"name":"(anonymous_0)","decl":{"start":{"line":11,"column":17},"end":{"line":11,"column":18}},"loc":{"start":{"line":11,"column":59},"end":{"line":101,"column":1}},"line":11}},"branchMap":{"0":{"loc":{"start":{"line":14,"column":4},"end":{"line":14,"column":56}},"type":"if","locations":[{"start":{"line":14,"column":4},"end":{"line":14,"column":56}},{"start":{},"end":{}}],"line":14}},"s":{"0":22,"1":22,"2":22,"3":22,"4":22,"5":22,"6":22,"7":22,"8":22,"9":22,"10":2,"11":2,"12":1,"13":1,"14":1,"15":1},"f":{"0":2},"b":{"0":[1,1]},"_coverageSchema":"1a1c01bbd47fc00a2c39e90264f33305004495a9","hash":"0c1e2a4f372b46c2a89956517633cca1adebcf57"}
,"/volume1/server/buscobarbie_api/src/logic/user/deleteUser.js": {"path":"/volume1/server/buscobarbie_api/src/logic/user/deleteUser.js","statementMap":{"0":{"start":{"line":1,"column":29},"end":{"line":1,"column":51}},"1":{"start":{"line":2,"column":21},"end":{"line":2,"column":44}},"2":{"start":{"line":3,"column":26},"end":{"line":3,"column":43}},"3":{"start":{"line":4,"column":11},"end":{"line":4,"column":33}},"4":{"start":{"line":6,"column":0},"end":{"line":17,"column":1}},"5":{"start":{"line":7,"column":4},"end":{"line":7,"column":28}},"6":{"start":{"line":9,"column":17},"end":{"line":9,"column":51}},"7":{"start":{"line":10,"column":4},"end":{"line":10,"column":56}},"8":{"start":{"line":10,"column":15},"end":{"line":10,"column":56}},"9":{"start":{"line":12,"column":4},"end":{"line":12,"column":43}},"10":{"start":{"line":14,"column":4},"end":{"line":14,"column":41}},"11":{"start":{"line":16,"column":4},"end":{"line":16,"column":68}}},"fnMap":{"0":{"name":"(anonymous_0)","decl":{"start":{"line":6,"column":17},"end":{"line":6,"column":18}},"loc":{"start":{"line":6,"column":41},"end":{"line":17,"column":1}},"line":6}},"branchMap":{"0":{"loc":{"start":{"line":10,"column":4},"end":{"line":10,"column":56}},"type":"if","locations":[{"start":{"line":10,"column":4},"end":{"line":10,"column":56}},{"start":{},"end":{}}],"line":10}},"s":{"0":22,"1":22,"2":22,"3":22,"4":22,"5":2,"6":2,"7":2,"8":1,"9":1,"10":1,"11":1},"f":{"0":2},"b":{"0":[1,1]},"_coverageSchema":"1a1c01bbd47fc00a2c39e90264f33305004495a9","hash":"45d058449fd440a5fc70aa8e41a42bceaf77e9ff"}
,"/volume1/server/buscobarbie_api/src/logic/user/recoverPassword.js": {"path":"/volume1/server/buscobarbie_api/src/logic/user/recoverPassword.js","statementMap":{"0":{"start":{"line":1,"column":26},"end":{"line":1,"column":47}},"1":{"start":{"line":2,"column":17},"end":{"line":2,"column":40}},"2":{"start":{"line":3,"column":19},"end":{"line":3,"column":40}},"3":{"start":{"line":4,"column":12},"end":{"line":4,"column":35}},"4":{"start":{"line":5,"column":0},"end":{"line":5,"column":26}},"5":{"start":{"line":6,"column":18},"end":{"line":6,"column":39}},"6":{"start":{"line":7,"column":18},"end":{"line":7,"column":39}},"7":{"start":{"line":8,"column":18},"end":{"line":8,"column":39}},"8":{"start":{"line":9,"column":22},"end":{"line":9,"column":47}},"9":{"start":{"line":10,"column":16},"end":{"line":10,"column":35}},"10":{"start":{"line":11,"column":19},"end":{"line":11,"column":41}},"11":{"start":{"line":13,"column":0},"end":{"line":116,"column":1}},"12":{"start":{"line":14,"column":4},"end":{"line":14,"column":24}},"13":{"start":{"line":16,"column":17},"end":{"line":16,"column":53}},"14":{"start":{"line":18,"column":4},"end":{"line":115,"column":27}},"15":{"start":{"line":20,"column":28},"end":{"line":28,"column":10}},"16":{"start":{"line":30,"column":22},"end":{"line":30,"column":82}},"17":{"start":{"line":32,"column":26},"end":{"line":105,"column":16}},"18":{"start":{"line":107,"column":21},"end":{"line":112,"column":10}},"19":{"start":{"line":114,"column":8},"end":{"line":114,"column":19}},"20":{"start":{"line":115,"column":11},"end":{"line":115,"column":27}}},"fnMap":{"0":{"name":"(anonymous_0)","decl":{"start":{"line":13,"column":17},"end":{"line":13,"column":18}},"loc":{"start":{"line":13,"column":40},"end":{"line":116,"column":1}},"line":13}},"branchMap":{"0":{"loc":{"start":{"line":18,"column":4},"end":{"line":115,"column":27}},"type":"if","locations":[{"start":{"line":18,"column":4},"end":{"line":115,"column":27}},{"start":{"line":115,"column":11},"end":{"line":115,"column":27}}],"line":18},"1":{"loc":{"start":{"line":18,"column":8},"end":{"line":18,"column":38}},"type":"binary-expr","locations":[{"start":{"line":18,"column":8},"end":{"line":18,"column":12}},{"start":{"line":18,"column":16},"end":{"line":18,"column":38}}],"line":18}},"s":{"0":22,"1":22,"2":22,"3":22,"4":22,"5":22,"6":22,"7":22,"8":22,"9":22,"10":22,"11":22,"12":2,"13":2,"14":2,"15":1,"16":1,"17":1,"18":1,"19":1,"20":1},"f":{"0":2},"b":{"0":[1,1],"1":[2,1]},"_coverageSchema":"1a1c01bbd47fc00a2c39e90264f33305004495a9","hash":"ff81dc742f7e2df8d69fcc46852326a31b46f6f9"}
,"/volume1/server/buscobarbie_api/src/logic/user/registerUserWithAd.js": {"path":"/volume1/server/buscobarbie_api/src/logic/user/registerUserWithAd.js","statementMap":{"0":{"start":{"line":1,"column":27},"end":{"line":1,"column":44}},"1":{"start":{"line":17,"column":4},"end":{"line":17,"column":25}},"2":{"start":{"line":18,"column":21},"end":{"line":18,"column":44}},"3":{"start":{"line":19,"column":11},"end":{"line":19,"column":33}},"4":{"start":{"line":20,"column":19},"end":{"line":20,"column":40}},"5":{"start":{"line":21,"column":17},"end":{"line":21,"column":32}},"6":{"start":{"line":22,"column":20},"end":{"line":22,"column":53}},"7":{"start":{"line":23,"column":0},"end":{"line":23,"column":26}},"8":{"start":{"line":24,"column":12},"end":{"line":24,"column":35}},"9":{"start":{"line":25,"column":15},"end":{"line":25,"column":34}},"10":{"start":{"line":26,"column":19},"end":{"line":26,"column":41}},"11":{"start":{"line":27,"column":23},"end":{"line":27,"column":49}},"12":{"start":{"line":28,"column":18},"end":{"line":28,"column":39}},"13":{"start":{"line":29,"column":18},"end":{"line":29,"column":39}},"14":{"start":{"line":30,"column":18},"end":{"line":30,"column":39}},"15":{"start":{"line":31,"column":22},"end":{"line":31,"column":47}},"16":{"start":{"line":32,"column":16},"end":{"line":32,"column":35}},"17":{"start":{"line":34,"column":0},"end":{"line":190,"column":1}},"18":{"start":{"line":35,"column":4},"end":{"line":35,"column":33}},"19":{"start":{"line":36,"column":4},"end":{"line":36,"column":22}},"20":{"start":{"line":37,"column":4},"end":{"line":37,"column":30}},"21":{"start":{"line":38,"column":4},"end":{"line":38,"column":24}},"22":{"start":{"line":39,"column":4},"end":{"line":39,"column":24}},"23":{"start":{"line":40,"column":4},"end":{"line":40,"column":22}},"24":{"start":{"line":41,"column":4},"end":{"line":41,"column":30}},"25":{"start":{"line":42,"column":4},"end":{"line":42,"column":22}},"26":{"start":{"line":43,"column":4},"end":{"line":43,"column":30}},"27":{"start":{"line":44,"column":4},"end":{"line":44,"column":24}},"28":{"start":{"line":45,"column":4},"end":{"line":45,"column":34}},"29":{"start":{"line":46,"column":4},"end":{"line":46,"column":25}},"30":{"start":{"line":47,"column":4},"end":{"line":47,"column":22}},"31":{"start":{"line":48,"column":14},"end":{"line":48,"column":16}},"32":{"start":{"line":49,"column":4},"end":{"line":52,"column":5}},"33":{"start":{"line":50,"column":8},"end":{"line":50,"column":29}},"34":{"start":{"line":51,"column":8},"end":{"line":51,"column":25}},"35":{"start":{"line":54,"column":21},"end":{"line":58,"column":5}},"36":{"start":{"line":60,"column":22},"end":{"line":60,"column":55}},"37":{"start":{"line":61,"column":4},"end":{"line":61,"column":77}},"38":{"start":{"line":61,"column":30},"end":{"line":61,"column":77}},"39":{"start":{"line":63,"column":17},"end":{"line":63,"column":48}},"40":{"start":{"line":65,"column":17},"end":{"line":65,"column":67}},"41":{"start":{"line":67,"column":4},"end":{"line":67,"column":42}},"42":{"start":{"line":69,"column":15},"end":{"line":69,"column":115}},"43":{"start":{"line":72,"column":4},"end":{"line":72,"column":99}},"44":{"start":{"line":74,"column":4},"end":{"line":83,"column":5}},"45":{"start":{"line":76,"column":21},"end":{"line":76,"column":23}},"46":{"start":{"line":77,"column":8},"end":{"line":80,"column":9}},"47":{"start":{"line":77,"column":21},"end":{"line":77,"column":22}},"48":{"start":{"line":78,"column":12},"end":{"line":78,"column":102}},"49":{"start":{"line":79,"column":12},"end":{"line":79,"column":124}},"50":{"start":{"line":82,"column":8},"end":{"line":82,"column":69}},"51":{"start":{"line":87,"column":24},"end":{"line":95,"column":6}},"52":{"start":{"line":97,"column":18},"end":{"line":97,"column":77}},"53":{"start":{"line":99,"column":22},"end":{"line":179,"column":12}},"54":{"start":{"line":181,"column":17},"end":{"line":186,"column":6}},"55":{"start":{"line":188,"column":4},"end":{"line":188,"column":15}}},"fnMap":{"0":{"name":"(anonymous_0)","decl":{"start":{"line":34,"column":17},"end":{"line":34,"column":18}},"loc":{"start":{"line":34,"column":145},"end":{"line":190,"column":1}},"line":34}},"branchMap":{"0":{"loc":{"start":{"line":49,"column":4},"end":{"line":52,"column":5}},"type":"if","locations":[{"start":{"line":49,"column":4},"end":{"line":52,"column":5}},{"start":{},"end":{}}],"line":49},"1":{"loc":{"start":{"line":61,"column":4},"end":{"line":61,"column":77}},"type":"if","locations":[{"start":{"line":61,"column":4},"end":{"line":61,"column":77}},{"start":{},"end":{}}],"line":61},"2":{"loc":{"start":{"line":74,"column":4},"end":{"line":83,"column":5}},"type":"if","locations":[{"start":{"line":74,"column":4},"end":{"line":83,"column":5}},{"start":{},"end":{}}],"line":74},"3":{"loc":{"start":{"line":163,"column":41},"end":{"line":163,"column":91}},"type":"cond-expr","locations":[{"start":{"line":163,"column":65},"end":{"line":163,"column":78}},{"start":{"line":163,"column":81},"end":{"line":163,"column":91}}],"line":163},"4":{"loc":{"start":{"line":164,"column":51},"end":{"line":164,"column":106}},"type":"cond-expr","locations":[{"start":{"line":164,"column":70},"end":{"line":164,"column":86}},{"start":{"line":164,"column":89},"end":{"line":164,"column":106}}],"line":164},"5":{"loc":{"start":{"line":165,"column":55},"end":{"line":165,"column":94}},"type":"cond-expr","locations":[{"start":{"line":165,"column":66},"end":{"line":165,"column":74}},{"start":{"line":165,"column":77},"end":{"line":165,"column":94}}],"line":165},"6":{"loc":{"start":{"line":168,"column":53},"end":{"line":168,"column":108}},"type":"cond-expr","locations":[{"start":{"line":168,"column":63},"end":{"line":168,"column":70}},{"start":{"line":168,"column":73},"end":{"line":168,"column":108}}],"line":168},"7":{"loc":{"start":{"line":169,"column":65},"end":{"line":169,"column":121}},"type":"cond-expr","locations":[{"start":{"line":169,"column":82},"end":{"line":169,"column":100}},{"start":{"line":169,"column":103},"end":{"line":169,"column":121}}],"line":169},"8":{"loc":{"start":{"line":170,"column":65},"end":{"line":170,"column":100}},"type":"cond-expr","locations":[{"start":{"line":170,"column":81},"end":{"line":170,"column":94}},{"start":{"line":170,"column":97},"end":{"line":170,"column":100}}],"line":170}},"s":{"0":22,"1":22,"2":22,"3":22,"4":22,"5":22,"6":22,"7":22,"8":22,"9":22,"10":22,"11":22,"12":22,"13":22,"14":22,"15":22,"16":22,"17":22,"18":3,"19":3,"20":3,"21":3,"22":3,"23":3,"24":3,"25":3,"26":3,"27":3,"28":3,"29":3,"30":3,"31":3,"32":3,"33":1,"34":1,"35":3,"36":3,"37":3,"38":1,"39":2,"40":2,"41":2,"42":2,"43":2,"44":2,"45":1,"46":1,"47":1,"48":2,"49":2,"50":1,"51":2,"52":2,"53":2,"54":2,"55":2},"f":{"0":3},"b":{"0":[1,2],"1":[1,2],"2":[1,1],"3":[1,1],"4":[1,1],"5":[1,1],"6":[1,1],"7":[1,1],"8":[1,1]},"_coverageSchema":"1a1c01bbd47fc00a2c39e90264f33305004495a9","hash":"8a659f2bd22dd42d079cb6eb122080ad01045335"}
,"/volume1/server/buscobarbie_api/src/logic/user/updatePassword.js": {"path":"/volume1/server/buscobarbie_api/src/logic/user/updatePassword.js","statementMap":{"0":{"start":{"line":1,"column":44},"end":{"line":1,"column":61}},"1":{"start":{"line":2,"column":17},"end":{"line":2,"column":40}},"2":{"start":{"line":3,"column":29},"end":{"line":3,"column":50}},"3":{"start":{"line":4,"column":29},"end":{"line":4,"column":51}},"4":{"start":{"line":5,"column":15},"end":{"line":5,"column":34}},"5":{"start":{"line":22,"column":0},"end":{"line":37,"column":1}},"6":{"start":{"line":23,"column":4},"end":{"line":23,"column":28}},"7":{"start":{"line":24,"column":4},"end":{"line":24,"column":27}},"8":{"start":{"line":25,"column":4},"end":{"line":25,"column":27}},"9":{"start":{"line":27,"column":4},"end":{"line":27,"column":78}},"10":{"start":{"line":27,"column":25},"end":{"line":27,"column":78}},"11":{"start":{"line":29,"column":17},"end":{"line":29,"column":44}},"12":{"start":{"line":31,"column":4},"end":{"line":31,"column":74}},"13":{"start":{"line":31,"column":15},"end":{"line":31,"column":74}},"14":{"start":{"line":33,"column":17},"end":{"line":33,"column":45}},"15":{"start":{"line":35,"column":4},"end":{"line":35,"column":24}},"16":{"start":{"line":36,"column":4},"end":{"line":36,"column":21}}},"fnMap":{"0":{"name":"(anonymous_0)","decl":{"start":{"line":22,"column":17},"end":{"line":22,"column":18}},"loc":{"start":{"line":22,"column":55},"end":{"line":37,"column":1}},"line":22}},"branchMap":{"0":{"loc":{"start":{"line":27,"column":4},"end":{"line":27,"column":78}},"type":"if","locations":[{"start":{"line":27,"column":4},"end":{"line":27,"column":78}},{"start":{},"end":{}}],"line":27},"1":{"loc":{"start":{"line":31,"column":4},"end":{"line":31,"column":74}},"type":"if","locations":[{"start":{"line":31,"column":4},"end":{"line":31,"column":74}},{"start":{},"end":{}}],"line":31}},"s":{"0":22,"1":22,"2":22,"3":22,"4":22,"5":22,"6":3,"7":3,"8":3,"9":3,"10":1,"11":2,"12":2,"13":1,"14":1,"15":1,"16":1},"f":{"0":3},"b":{"0":[1,2],"1":[1,1]},"_coverageSchema":"1a1c01bbd47fc00a2c39e90264f33305004495a9","hash":"331dbe1b51194a05dde0306d939b2c33ab68d599"}
,"/volume1/server/buscobarbie_api/src/logic/user/updateUser.js": {"path":"/volume1/server/buscobarbie_api/src/logic/user/updateUser.js","statementMap":{"0":{"start":{"line":1,"column":29},"end":{"line":1,"column":51}},"1":{"start":{"line":2,"column":43},"end":{"line":2,"column":64}},"2":{"start":{"line":3,"column":17},"end":{"line":3,"column":40}},"3":{"start":{"line":4,"column":26},"end":{"line":4,"column":43}},"4":{"start":{"line":5,"column":15},"end":{"line":5,"column":34}},"5":{"start":{"line":7,"column":0},"end":{"line":29,"column":1}},"6":{"start":{"line":8,"column":4},"end":{"line":8,"column":24}},"7":{"start":{"line":9,"column":4},"end":{"line":9,"column":22}},"8":{"start":{"line":10,"column":4},"end":{"line":28,"column":5}},"9":{"start":{"line":11,"column":8},"end":{"line":11,"column":34}},"10":{"start":{"line":13,"column":21},"end":{"line":13,"column":52}},"11":{"start":{"line":15,"column":21},"end":{"line":15,"column":101}},"12":{"start":{"line":17,"column":8},"end":{"line":17,"column":60}},"13":{"start":{"line":17,"column":19},"end":{"line":17,"column":60}},"14":{"start":{"line":19,"column":8},"end":{"line":19,"column":19}},"15":{"start":{"line":23,"column":21},"end":{"line":23,"column":85}},"16":{"start":{"line":25,"column":8},"end":{"line":25,"column":60}},"17":{"start":{"line":25,"column":19},"end":{"line":25,"column":60}},"18":{"start":{"line":27,"column":8},"end":{"line":27,"column":19}}},"fnMap":{"0":{"name":"(anonymous_0)","decl":{"start":{"line":7,"column":17},"end":{"line":7,"column":18}},"loc":{"start":{"line":7,"column":53},"end":{"line":29,"column":1}},"line":7}},"branchMap":{"0":{"loc":{"start":{"line":10,"column":4},"end":{"line":28,"column":5}},"type":"if","locations":[{"start":{"line":10,"column":4},"end":{"line":28,"column":5}},{"start":{"line":22,"column":9},"end":{"line":28,"column":5}}],"line":10},"1":{"loc":{"start":{"line":17,"column":8},"end":{"line":17,"column":60}},"type":"if","locations":[{"start":{"line":17,"column":8},"end":{"line":17,"column":60}},{"start":{},"end":{}}],"line":17},"2":{"loc":{"start":{"line":25,"column":8},"end":{"line":25,"column":60}},"type":"if","locations":[{"start":{"line":25,"column":8},"end":{"line":25,"column":60}},{"start":{},"end":{}}],"line":25}},"s":{"0":22,"1":22,"2":22,"3":22,"4":22,"5":22,"6":4,"7":4,"8":4,"9":2,"10":2,"11":2,"12":2,"13":1,"14":1,"15":2,"16":2,"17":1,"18":1},"f":{"0":4},"b":{"0":[2,2],"1":[1,1],"2":[1,1]},"_coverageSchema":"1a1c01bbd47fc00a2c39e90264f33305004495a9","hash":"c1886718b97e9a62afc4c7044045be9fd645ff88"}
,"/volume1/server/buscobarbie_api/src/logic/user/verifyUser.js": {"path":"/volume1/server/buscobarbie_api/src/logic/user/verifyUser.js","statementMap":{"0":{"start":{"line":1,"column":44},"end":{"line":1,"column":61}},"1":{"start":{"line":2,"column":17},"end":{"line":2,"column":40}},"2":{"start":{"line":3,"column":29},"end":{"line":3,"column":51}},"3":{"start":{"line":5,"column":0},"end":{"line":14,"column":1}},"4":{"start":{"line":6,"column":4},"end":{"line":6,"column":24}},"5":{"start":{"line":8,"column":4},"end":{"line":13,"column":10}},"6":{"start":{"line":10,"column":12},"end":{"line":10,"column":64}},"7":{"start":{"line":10,"column":23},"end":{"line":10,"column":64}},"8":{"start":{"line":11,"column":12},"end":{"line":11,"column":91}},"9":{"start":{"line":11,"column":40},"end":{"line":11,"column":91}},"10":{"start":{"line":12,"column":12},"end":{"line":12,"column":76}}},"fnMap":{"0":{"name":"(anonymous_0)","decl":{"start":{"line":5,"column":17},"end":{"line":5,"column":18}},"loc":{"start":{"line":5,"column":31},"end":{"line":14,"column":1}},"line":5},"1":{"name":"(anonymous_1)","decl":{"start":{"line":9,"column":14},"end":{"line":9,"column":15}},"loc":{"start":{"line":9,"column":22},"end":{"line":13,"column":9}},"line":9}},"branchMap":{"0":{"loc":{"start":{"line":10,"column":12},"end":{"line":10,"column":64}},"type":"if","locations":[{"start":{"line":10,"column":12},"end":{"line":10,"column":64}},{"start":{},"end":{}}],"line":10},"1":{"loc":{"start":{"line":11,"column":12},"end":{"line":11,"column":91}},"type":"if","locations":[{"start":{"line":11,"column":12},"end":{"line":11,"column":91}},{"start":{},"end":{}}],"line":11}},"s":{"0":22,"1":22,"2":22,"3":22,"4":3,"5":3,"6":3,"7":1,"8":2,"9":1,"10":1},"f":{"0":3,"1":3},"b":{"0":[1,2],"1":[1,1]},"_coverageSchema":"1a1c01bbd47fc00a2c39e90264f33305004495a9","hash":"352d1e0f5bd09b31819abb8a1a27a8ae9b0f1ac3"}
,"/volume1/server/buscobarbie_api/src/logic/userAds/deleteAd.js": {"path":"/volume1/server/buscobarbie_api/src/logic/userAds/deleteAd.js","statementMap":{"0":{"start":{"line":1,"column":39},"end":{"line":1,"column":56}},"1":{"start":{"line":2,"column":21},"end":{"line":2,"column":44}},"2":{"start":{"line":3,"column":29},"end":{"line":3,"column":51}},"3":{"start":{"line":4,"column":11},"end":{"line":4,"column":33}},"4":{"start":{"line":6,"column":0},"end":{"line":30,"column":1}},"5":{"start":{"line":7,"column":4},"end":{"line":7,"column":28}},"6":{"start":{"line":8,"column":4},"end":{"line":8,"column":26}},"7":{"start":{"line":10,"column":17},"end":{"line":10,"column":51}},"8":{"start":{"line":11,"column":4},"end":{"line":11,"column":56}},"9":{"start":{"line":11,"column":15},"end":{"line":11,"column":56}},"10":{"start":{"line":13,"column":21},"end":{"line":13,"column":61}},"11":{"start":{"line":14,"column":19},"end":{"line":14,"column":34}},"12":{"start":{"line":16,"column":4},"end":{"line":21,"column":5}},"13":{"start":{"line":16,"column":17},"end":{"line":16,"column":18}},"14":{"start":{"line":17,"column":8},"end":{"line":20,"column":9}},"15":{"start":{"line":18,"column":12},"end":{"line":18,"column":45}},"16":{"start":{"line":19,"column":12},"end":{"line":19,"column":84}},"17":{"start":{"line":23,"column":21},"end":{"line":23,"column":61}},"18":{"start":{"line":24,"column":19},"end":{"line":24,"column":34}},"19":{"start":{"line":26,"column":4},"end":{"line":27,"column":59}},"20":{"start":{"line":27,"column":8},"end":{"line":27,"column":59}},"21":{"start":{"line":29,"column":4},"end":{"line":29,"column":19}}},"fnMap":{"0":{"name":"(anonymous_0)","decl":{"start":{"line":6,"column":17},"end":{"line":6,"column":18}},"loc":{"start":{"line":6,"column":47},"end":{"line":30,"column":1}},"line":6}},"branchMap":{"0":{"loc":{"start":{"line":11,"column":4},"end":{"line":11,"column":56}},"type":"if","locations":[{"start":{"line":11,"column":4},"end":{"line":11,"column":56}},{"start":{},"end":{}}],"line":11},"1":{"loc":{"start":{"line":17,"column":8},"end":{"line":20,"column":9}},"type":"if","locations":[{"start":{"line":17,"column":8},"end":{"line":20,"column":9}},{"start":{},"end":{}}],"line":17},"2":{"loc":{"start":{"line":26,"column":4},"end":{"line":27,"column":59}},"type":"if","locations":[{"start":{"line":26,"column":4},"end":{"line":27,"column":59}},{"start":{},"end":{}}],"line":26}},"s":{"0":22,"1":22,"2":22,"3":22,"4":22,"5":2,"6":2,"7":2,"8":2,"9":1,"10":1,"11":1,"12":1,"13":1,"14":2,"15":1,"16":1,"17":1,"18":1,"19":1,"20":0,"21":1},"f":{"0":2},"b":{"0":[1,1],"1":[1,1],"2":[0,1]},"_coverageSchema":"1a1c01bbd47fc00a2c39e90264f33305004495a9","hash":"5c51c401f3552e4c7b7211689494026651b24112"}
,"/volume1/server/buscobarbie_api/src/logic/userAds/newUserAd.js": {"path":"/volume1/server/buscobarbie_api/src/logic/userAds/newUserAd.js","statementMap":{"0":{"start":{"line":1,"column":38},"end":{"line":1,"column":55}},"1":{"start":{"line":2,"column":21},"end":{"line":2,"column":44}},"2":{"start":{"line":3,"column":29},"end":{"line":3,"column":51}},"3":{"start":{"line":16,"column":4},"end":{"line":16,"column":25}},"4":{"start":{"line":17,"column":11},"end":{"line":17,"column":33}},"5":{"start":{"line":18,"column":0},"end":{"line":18,"column":26}},"6":{"start":{"line":19,"column":23},"end":{"line":19,"column":49}},"7":{"start":{"line":21,"column":0},"end":{"line":73,"column":1}},"8":{"start":{"line":22,"column":4},"end":{"line":22,"column":24}},"9":{"start":{"line":23,"column":4},"end":{"line":23,"column":22}},"10":{"start":{"line":24,"column":4},"end":{"line":24,"column":30}},"11":{"start":{"line":25,"column":4},"end":{"line":25,"column":22}},"12":{"start":{"line":26,"column":4},"end":{"line":26,"column":30}},"13":{"start":{"line":27,"column":4},"end":{"line":27,"column":24}},"14":{"start":{"line":28,"column":4},"end":{"line":28,"column":34}},"15":{"start":{"line":29,"column":4},"end":{"line":29,"column":24}},"16":{"start":{"line":30,"column":4},"end":{"line":30,"column":33}},"17":{"start":{"line":31,"column":4},"end":{"line":31,"column":22}},"18":{"start":{"line":32,"column":4},"end":{"line":32,"column":25}},"19":{"start":{"line":33,"column":14},"end":{"line":33,"column":16}},"20":{"start":{"line":34,"column":4},"end":{"line":37,"column":5}},"21":{"start":{"line":35,"column":8},"end":{"line":35,"column":29}},"22":{"start":{"line":36,"column":8},"end":{"line":36,"column":25}},"23":{"start":{"line":39,"column":17},"end":{"line":39,"column":47}},"24":{"start":{"line":40,"column":4},"end":{"line":40,"column":56}},"25":{"start":{"line":40,"column":15},"end":{"line":40,"column":56}},"26":{"start":{"line":42,"column":21},"end":{"line":46,"column":5}},"27":{"start":{"line":48,"column":18},"end":{"line":48,"column":61}},"28":{"start":{"line":50,"column":4},"end":{"line":50,"column":75}},"29":{"start":{"line":50,"column":19},"end":{"line":50,"column":75}},"30":{"start":{"line":52,"column":15},"end":{"line":52,"column":116}},"31":{"start":{"line":54,"column":4},"end":{"line":54,"column":53}},"32":{"start":{"line":56,"column":17},"end":{"line":56,"column":19}},"33":{"start":{"line":57,"column":4},"end":{"line":63,"column":5}},"34":{"start":{"line":59,"column":8},"end":{"line":62,"column":9}},"35":{"start":{"line":59,"column":21},"end":{"line":59,"column":22}},"36":{"start":{"line":60,"column":12},"end":{"line":60,"column":86}},"37":{"start":{"line":61,"column":12},"end":{"line":61,"column":99}},"38":{"start":{"line":66,"column":4},"end":{"line":66,"column":19}},"39":{"start":{"line":68,"column":4},"end":{"line":68,"column":19}},"40":{"start":{"line":70,"column":16},"end":{"line":70,"column":50}},"41":{"start":{"line":72,"column":4},"end":{"line":72,"column":14}}},"fnMap":{"0":{"name":"(anonymous_0)","decl":{"start":{"line":21,"column":17},"end":{"line":21,"column":18}},"loc":{"start":{"line":21,"column":126},"end":{"line":73,"column":1}},"line":21}},"branchMap":{"0":{"loc":{"start":{"line":34,"column":4},"end":{"line":37,"column":5}},"type":"if","locations":[{"start":{"line":34,"column":4},"end":{"line":37,"column":5}},{"start":{},"end":{}}],"line":34},"1":{"loc":{"start":{"line":40,"column":4},"end":{"line":40,"column":56}},"type":"if","locations":[{"start":{"line":40,"column":4},"end":{"line":40,"column":56}},{"start":{},"end":{}}],"line":40},"2":{"loc":{"start":{"line":50,"column":4},"end":{"line":50,"column":75}},"type":"if","locations":[{"start":{"line":50,"column":4},"end":{"line":50,"column":75}},{"start":{},"end":{}}],"line":50},"3":{"loc":{"start":{"line":57,"column":4},"end":{"line":63,"column":5}},"type":"if","locations":[{"start":{"line":57,"column":4},"end":{"line":63,"column":5}},{"start":{},"end":{}}],"line":57}},"s":{"0":22,"1":22,"2":22,"3":22,"4":22,"5":22,"6":22,"7":22,"8":4,"9":4,"10":4,"11":4,"12":4,"13":4,"14":4,"15":4,"16":4,"17":4,"18":4,"19":4,"20":4,"21":3,"22":3,"23":4,"24":4,"25":1,"26":3,"27":3,"28":3,"29":1,"30":2,"31":2,"32":2,"33":2,"34":1,"35":1,"36":2,"37":2,"38":2,"39":2,"40":2,"41":2},"f":{"0":4},"b":{"0":[3,1],"1":[1,3],"2":[1,2],"3":[1,1]},"_coverageSchema":"1a1c01bbd47fc00a2c39e90264f33305004495a9","hash":"a0c2e05204f7bb393d48894740bf7b752e1a2293"}
,"/volume1/server/buscobarbie_api/src/logic/userAds/retrieveUserWithAds.js": {"path":"/volume1/server/buscobarbie_api/src/logic/userAds/retrieveUserWithAds.js","statementMap":{"0":{"start":{"line":1,"column":26},"end":{"line":1,"column":43}},"1":{"start":{"line":2,"column":21},"end":{"line":2,"column":44}},"2":{"start":{"line":4,"column":0},"end":{"line":13,"column":1}},"3":{"start":{"line":5,"column":17},"end":{"line":5,"column":74}},"4":{"start":{"line":6,"column":4},"end":{"line":6,"column":56}},"5":{"start":{"line":6,"column":15},"end":{"line":6,"column":56}},"6":{"start":{"line":7,"column":18},"end":{"line":7,"column":61}},"7":{"start":{"line":8,"column":16},"end":{"line":8,"column":67}},"8":{"start":{"line":10,"column":17},"end":{"line":10,"column":37}},"9":{"start":{"line":12,"column":4},"end":{"line":12,"column":15}}},"fnMap":{"0":{"name":"(anonymous_0)","decl":{"start":{"line":4,"column":17},"end":{"line":4,"column":18}},"loc":{"start":{"line":4,"column":41},"end":{"line":13,"column":1}},"line":4}},"branchMap":{"0":{"loc":{"start":{"line":6,"column":4},"end":{"line":6,"column":56}},"type":"if","locations":[{"start":{"line":6,"column":4},"end":{"line":6,"column":56}},{"start":{},"end":{}}],"line":6}},"s":{"0":22,"1":22,"2":22,"3":2,"4":2,"5":1,"6":1,"7":1,"8":1,"9":1},"f":{"0":2},"b":{"0":[1,1]},"_coverageSchema":"1a1c01bbd47fc00a2c39e90264f33305004495a9","hash":"180ebd6691ba1dcc78974769906565a9f6590681"}
,"/volume1/server/buscobarbie_api/src/logic/userAds/updateAd.js": {"path":"/volume1/server/buscobarbie_api/src/logic/userAds/updateAd.js","statementMap":{"0":{"start":{"line":1,"column":44},"end":{"line":1,"column":61}},"1":{"start":{"line":2,"column":21},"end":{"line":2,"column":44}},"2":{"start":{"line":3,"column":13},"end":{"line":3,"column":28}},"3":{"start":{"line":4,"column":17},"end":{"line":4,"column":32}},"4":{"start":{"line":5,"column":20},"end":{"line":5,"column":53}},"5":{"start":{"line":6,"column":29},"end":{"line":6,"column":51}},"6":{"start":{"line":18,"column":4},"end":{"line":18,"column":25}},"7":{"start":{"line":19,"column":11},"end":{"line":19,"column":33}},"8":{"start":{"line":20,"column":0},"end":{"line":20,"column":26}},"9":{"start":{"line":21,"column":23},"end":{"line":21,"column":49}},"10":{"start":{"line":23,"column":0},"end":{"line":87,"column":1}},"11":{"start":{"line":24,"column":4},"end":{"line":24,"column":24}},"12":{"start":{"line":25,"column":4},"end":{"line":25,"column":22}},"13":{"start":{"line":26,"column":4},"end":{"line":26,"column":30}},"14":{"start":{"line":27,"column":4},"end":{"line":27,"column":22}},"15":{"start":{"line":28,"column":4},"end":{"line":28,"column":30}},"16":{"start":{"line":29,"column":4},"end":{"line":29,"column":24}},"17":{"start":{"line":30,"column":4},"end":{"line":30,"column":34}},"18":{"start":{"line":31,"column":4},"end":{"line":31,"column":28}},"19":{"start":{"line":32,"column":4},"end":{"line":32,"column":26}},"20":{"start":{"line":33,"column":4},"end":{"line":33,"column":22}},"21":{"start":{"line":34,"column":14},"end":{"line":34,"column":16}},"22":{"start":{"line":35,"column":4},"end":{"line":38,"column":5}},"23":{"start":{"line":36,"column":8},"end":{"line":36,"column":29}},"24":{"start":{"line":37,"column":8},"end":{"line":37,"column":25}},"25":{"start":{"line":39,"column":4},"end":{"line":39,"column":25}},"26":{"start":{"line":41,"column":17},"end":{"line":41,"column":51}},"27":{"start":{"line":42,"column":4},"end":{"line":42,"column":56}},"28":{"start":{"line":42,"column":15},"end":{"line":42,"column":56}},"29":{"start":{"line":44,"column":15},"end":{"line":44,"column":38}},"30":{"start":{"line":45,"column":4},"end":{"line":45,"column":52}},"31":{"start":{"line":45,"column":13},"end":{"line":45,"column":52}},"32":{"start":{"line":46,"column":4},"end":{"line":46,"column":95}},"33":{"start":{"line":46,"column":39},"end":{"line":46,"column":95}},"34":{"start":{"line":48,"column":4},"end":{"line":48,"column":20}},"35":{"start":{"line":49,"column":4},"end":{"line":49,"column":18}},"36":{"start":{"line":50,"column":4},"end":{"line":50,"column":35}},"37":{"start":{"line":51,"column":4},"end":{"line":51,"column":27}},"38":{"start":{"line":52,"column":4},"end":{"line":52,"column":20}},"39":{"start":{"line":53,"column":4},"end":{"line":53,"column":20}},"40":{"start":{"line":54,"column":4},"end":{"line":54,"column":30}},"41":{"start":{"line":55,"column":4},"end":{"line":55,"column":23}},"42":{"start":{"line":56,"column":4},"end":{"line":56,"column":17}},"43":{"start":{"line":57,"column":4},"end":{"line":57,"column":18}},"44":{"start":{"line":58,"column":4},"end":{"line":58,"column":30}},"45":{"start":{"line":61,"column":18},"end":{"line":61,"column":71}},"46":{"start":{"line":62,"column":23},"end":{"line":62,"column":56}},"47":{"start":{"line":63,"column":4},"end":{"line":66,"column":6}},"48":{"start":{"line":64,"column":8},"end":{"line":65,"column":71}},"49":{"start":{"line":65,"column":12},"end":{"line":65,"column":71}},"50":{"start":{"line":68,"column":17},"end":{"line":68,"column":19}},"51":{"start":{"line":69,"column":4},"end":{"line":75,"column":5}},"52":{"start":{"line":71,"column":8},"end":{"line":74,"column":9}},"53":{"start":{"line":71,"column":21},"end":{"line":71,"column":22}},"54":{"start":{"line":72,"column":12},"end":{"line":72,"column":78}},"55":{"start":{"line":73,"column":12},"end":{"line":73,"column":100}},"56":{"start":{"line":78,"column":4},"end":{"line":78,"column":19}},"57":{"start":{"line":80,"column":4},"end":{"line":80,"column":31}},"58":{"start":{"line":82,"column":4},"end":{"line":82,"column":19}},"59":{"start":{"line":84,"column":16},"end":{"line":84,"column":50}},"60":{"start":{"line":86,"column":4},"end":{"line":86,"column":14}}},"fnMap":{"0":{"name":"(anonymous_0)","decl":{"start":{"line":23,"column":17},"end":{"line":23,"column":18}},"loc":{"start":{"line":23,"column":122},"end":{"line":87,"column":1}},"line":23},"1":{"name":"(anonymous_1)","decl":{"start":{"line":63,"column":17},"end":{"line":63,"column":18}},"loc":{"start":{"line":63,"column":31},"end":{"line":66,"column":5}},"line":63}},"branchMap":{"0":{"loc":{"start":{"line":35,"column":4},"end":{"line":38,"column":5}},"type":"if","locations":[{"start":{"line":35,"column":4},"end":{"line":38,"column":5}},{"start":{},"end":{}}],"line":35},"1":{"loc":{"start":{"line":42,"column":4},"end":{"line":42,"column":56}},"type":"if","locations":[{"start":{"line":42,"column":4},"end":{"line":42,"column":56}},{"start":{},"end":{}}],"line":42},"2":{"loc":{"start":{"line":45,"column":4},"end":{"line":45,"column":52}},"type":"if","locations":[{"start":{"line":45,"column":4},"end":{"line":45,"column":52}},{"start":{},"end":{}}],"line":45},"3":{"loc":{"start":{"line":46,"column":4},"end":{"line":46,"column":95}},"type":"if","locations":[{"start":{"line":46,"column":4},"end":{"line":46,"column":95}},{"start":{},"end":{}}],"line":46},"4":{"loc":{"start":{"line":64,"column":8},"end":{"line":65,"column":71}},"type":"if","locations":[{"start":{"line":64,"column":8},"end":{"line":65,"column":71}},{"start":{},"end":{}}],"line":64},"5":{"loc":{"start":{"line":69,"column":4},"end":{"line":75,"column":5}},"type":"if","locations":[{"start":{"line":69,"column":4},"end":{"line":75,"column":5}},{"start":{},"end":{}}],"line":69}},"s":{"0":22,"1":22,"2":22,"3":22,"4":22,"5":22,"6":22,"7":22,"8":22,"9":22,"10":22,"11":5,"12":5,"13":5,"14":5,"15":5,"16":5,"17":5,"18":5,"19":5,"20":5,"21":5,"22":5,"23":2,"24":2,"25":5,"26":5,"27":5,"28":1,"29":4,"30":4,"31":1,"32":3,"33":1,"34":2,"35":2,"36":2,"37":2,"38":2,"39":2,"40":2,"41":2,"42":2,"43":2,"44":2,"45":2,"46":2,"47":2,"48":2,"49":2,"50":2,"51":2,"52":1,"53":1,"54":2,"55":2,"56":2,"57":2,"58":2,"59":2,"60":2},"f":{"0":5,"1":2},"b":{"0":[2,3],"1":[1,4],"2":[1,3],"3":[1,2],"4":[2,0],"5":[1,1]},"_coverageSchema":"1a1c01bbd47fc00a2c39e90264f33305004495a9","hash":"cb0707ab1fabd7b3bd154b660b4d8acfeb4ce527"}
,"/volume1/server/buscobarbie_api/src/logic/userAds/updateAdVisibility.js": {"path":"/volume1/server/buscobarbie_api/src/logic/userAds/updateAdVisibility.js","statementMap":{"0":{"start":{"line":1,"column":31},"end":{"line":1,"column":52}},"1":{"start":{"line":2,"column":21},"end":{"line":2,"column":44}},"2":{"start":{"line":3,"column":29},"end":{"line":3,"column":51}},"3":{"start":{"line":4,"column":44},"end":{"line":4,"column":61}},"4":{"start":{"line":6,"column":0},"end":{"line":22,"column":1}},"5":{"start":{"line":7,"column":4},"end":{"line":7,"column":34}},"6":{"start":{"line":8,"column":4},"end":{"line":8,"column":28}},"7":{"start":{"line":9,"column":4},"end":{"line":9,"column":26}},"8":{"start":{"line":11,"column":17},"end":{"line":11,"column":51}},"9":{"start":{"line":12,"column":4},"end":{"line":12,"column":56}},"10":{"start":{"line":12,"column":15},"end":{"line":12,"column":56}},"11":{"start":{"line":14,"column":15},"end":{"line":14,"column":45}},"12":{"start":{"line":15,"column":4},"end":{"line":15,"column":52}},"13":{"start":{"line":15,"column":13},"end":{"line":15,"column":52}},"14":{"start":{"line":17,"column":4},"end":{"line":17,"column":95}},"15":{"start":{"line":17,"column":39},"end":{"line":17,"column":95}},"16":{"start":{"line":19,"column":4},"end":{"line":19,"column":63}},"17":{"start":{"line":21,"column":4},"end":{"line":21,"column":49}}},"fnMap":{"0":{"name":"(anonymous_0)","decl":{"start":{"line":6,"column":17},"end":{"line":6,"column":18}},"loc":{"start":{"line":6,"column":59},"end":{"line":22,"column":1}},"line":6}},"branchMap":{"0":{"loc":{"start":{"line":12,"column":4},"end":{"line":12,"column":56}},"type":"if","locations":[{"start":{"line":12,"column":4},"end":{"line":12,"column":56}},{"start":{},"end":{}}],"line":12},"1":{"loc":{"start":{"line":15,"column":4},"end":{"line":15,"column":52}},"type":"if","locations":[{"start":{"line":15,"column":4},"end":{"line":15,"column":52}},{"start":{},"end":{}}],"line":15},"2":{"loc":{"start":{"line":17,"column":4},"end":{"line":17,"column":95}},"type":"if","locations":[{"start":{"line":17,"column":4},"end":{"line":17,"column":95}},{"start":{},"end":{}}],"line":17}},"s":{"0":22,"1":22,"2":22,"3":22,"4":22,"5":4,"6":4,"7":4,"8":4,"9":4,"10":1,"11":3,"12":3,"13":1,"14":2,"15":1,"16":1,"17":1},"f":{"0":4},"b":{"0":[1,3],"1":[1,2],"2":[1,1]},"_coverageSchema":"1a1c01bbd47fc00a2c39e90264f33305004495a9","hash":"35e2265aac92f14b7883c89e5983fe27e3edd9c6"}
,"/volume1/server/buscobarbie_api/src/models/Ad.js": {"path":"/volume1/server/buscobarbie_api/src/models/Ad.js","statementMap":{"0":{"start":{"line":1,"column":17},"end":{"line":1,"column":36}},"1":{"start":{"line":2,"column":47},"end":{"line":2,"column":55}},"2":{"start":{"line":4,"column":0},"end":{"line":101,"column":3}},"3":{"start":{"line":15,"column":16},"end":{"line":15,"column":37}},"4":{"start":{"line":24,"column":16},"end":{"line":24,"column":38}},"5":{"start":{"line":44,"column":20},"end":{"line":44,"column":41}},"6":{"start":{"line":54,"column":16},"end":{"line":54,"column":37}},"7":{"start":{"line":63,"column":16},"end":{"line":63,"column":36}}},"fnMap":{"0":{"name":"(anonymous_0)","decl":{"start":{"line":14,"column":23},"end":{"line":14,"column":24}},"loc":{"start":{"line":14,"column":35},"end":{"line":16,"column":13}},"line":14},"1":{"name":"(anonymous_1)","decl":{"start":{"line":23,"column":23},"end":{"line":23,"column":24}},"loc":{"start":{"line":23,"column":35},"end":{"line":25,"column":13}},"line":23},"2":{"name":"(anonymous_2)","decl":{"start":{"line":43,"column":27},"end":{"line":43,"column":28}},"loc":{"start":{"line":43,"column":39},"end":{"line":45,"column":17}},"line":43},"3":{"name":"(anonymous_3)","decl":{"start":{"line":53,"column":23},"end":{"line":53,"column":24}},"loc":{"start":{"line":53,"column":35},"end":{"line":55,"column":13}},"line":53},"4":{"name":"(anonymous_4)","decl":{"start":{"line":62,"column":23},"end":{"line":62,"column":24}},"loc":{"start":{"line":62,"column":35},"end":{"line":64,"column":13}},"line":62}},"branchMap":{},"s":{"0":22,"1":22,"2":22,"3":47,"4":47,"5":0,"6":45,"7":47},"f":{"0":47,"1":47,"2":0,"3":45,"4":47},"b":{},"_coverageSchema":"1a1c01bbd47fc00a2c39e90264f33305004495a9","hash":"754612d0bbc2b67b94bb63b9fa954b8c8c297e5d"}
,"/volume1/server/buscobarbie_api/src/models/Blacklist.js": {"path":"/volume1/server/buscobarbie_api/src/models/Blacklist.js","statementMap":{"0":{"start":{"line":1,"column":26},"end":{"line":1,"column":45}},"1":{"start":{"line":3,"column":0},"end":{"line":13,"column":3}}},"fnMap":{},"branchMap":{},"s":{"0":22,"1":22},"f":{},"b":{},"_coverageSchema":"1a1c01bbd47fc00a2c39e90264f33305004495a9","hash":"2fff5ccfdc62a17131b6e574ad33b9921a730440"}
,"/volume1/server/buscobarbie_api/src/models/FirstConnection.js": {"path":"/volume1/server/buscobarbie_api/src/models/FirstConnection.js","statementMap":{"0":{"start":{"line":1,"column":17},"end":{"line":1,"column":36}},"1":{"start":{"line":2,"column":26},"end":{"line":2,"column":34}},"2":{"start":{"line":4,"column":0},"end":{"line":22,"column":3}}},"fnMap":{},"branchMap":{},"s":{"0":22,"1":22,"2":22},"f":{},"b":{},"_coverageSchema":"1a1c01bbd47fc00a2c39e90264f33305004495a9","hash":"74e6763cf3304319bd9d248fa3c3a845a091c086"}
,"/volume1/server/buscobarbie_api/src/models/User.js": {"path":"/volume1/server/buscobarbie_api/src/models/User.js","statementMap":{"0":{"start":{"line":1,"column":17},"end":{"line":1,"column":36}},"1":{"start":{"line":2,"column":26},"end":{"line":2,"column":34}},"2":{"start":{"line":4,"column":0},"end":{"line":41,"column":3}},"3":{"start":{"line":10,"column":16},"end":{"line":10,"column":37}},"4":{"start":{"line":20,"column":16},"end":{"line":20,"column":37}}},"fnMap":{"0":{"name":"(anonymous_0)","decl":{"start":{"line":9,"column":23},"end":{"line":9,"column":24}},"loc":{"start":{"line":9,"column":35},"end":{"line":11,"column":13}},"line":9},"1":{"name":"(anonymous_1)","decl":{"start":{"line":19,"column":23},"end":{"line":19,"column":24}},"loc":{"start":{"line":19,"column":35},"end":{"line":21,"column":13}},"line":19}},"branchMap":{},"s":{"0":22,"1":22,"2":22,"3":64,"4":64},"f":{"0":64,"1":64},"b":{},"_coverageSchema":"1a1c01bbd47fc00a2c39e90264f33305004495a9","hash":"0cc0ef7c1faea5eeb1c7c0eb019529708b9c7e72"}
,"/volume1/server/buscobarbie_api/src/models/index.js": {"path":"/volume1/server/buscobarbie_api/src/models/index.js","statementMap":{"0":{"start":{"line":1,"column":0},"end":{"line":6,"column":1}}},"fnMap":{},"branchMap":{},"s":{"0":22},"f":{},"b":{},"_coverageSchema":"1a1c01bbd47fc00a2c39e90264f33305004495a9","hash":"59aea2d9dacd273636b81763057e51b0f491f38d"}
,"/volume1/server/buscobarbie_api/src/utils/arrangeGoogleName.js": {"path":"/volume1/server/buscobarbie_api/src/utils/arrangeGoogleName.js","statementMap":{"0":{"start":{"line":1,"column":0},"end":{"line":5,"column":1}},"1":{"start":{"line":2,"column":4},"end":{"line":2,"column":47}},"2":{"start":{"line":2,"column":26},"end":{"line":2,"column":47}},"3":{"start":{"line":3,"column":4},"end":{"line":3,"column":53}},"4":{"start":{"line":3,"column":28},"end":{"line":3,"column":53}},"5":{"start":{"line":4,"column":4},"end":{"line":4,"column":15}}},"fnMap":{"0":{"name":"(anonymous_0)","decl":{"start":{"line":1,"column":17},"end":{"line":1,"column":18}},"loc":{"start":{"line":1,"column":33},"end":{"line":5,"column":1}},"line":1}},"branchMap":{"0":{"loc":{"start":{"line":2,"column":4},"end":{"line":2,"column":47}},"type":"if","locations":[{"start":{"line":2,"column":4},"end":{"line":2,"column":47}},{"start":{},"end":{}}],"line":2},"1":{"loc":{"start":{"line":3,"column":4},"end":{"line":3,"column":53}},"type":"if","locations":[{"start":{"line":3,"column":4},"end":{"line":3,"column":53}},{"start":{},"end":{}}],"line":3}},"s":{"0":22,"1":0,"2":0,"3":0,"4":0,"5":0},"f":{"0":0},"b":{"0":[0,0],"1":[0,0]},"_coverageSchema":"1a1c01bbd47fc00a2c39e90264f33305004495a9","hash":"b821546524534f8b7bfd4da8118bdc50c8a3db4a"}
,"/volume1/server/buscobarbie_api/src/utils/errorHandler.js": {"path":"/volume1/server/buscobarbie_api/src/utils/errorHandler.js","statementMap":{"0":{"start":{"line":11,"column":4},"end":{"line":11,"column":21}},"1":{"start":{"line":12,"column":15},"end":{"line":12,"column":34}},"2":{"start":{"line":14,"column":0},"end":{"line":46,"column":1}},"3":{"start":{"line":15,"column":4},"end":{"line":43,"column":55}},"4":{"start":{"line":16,"column":8},"end":{"line":16,"column":54}},"5":{"start":{"line":18,"column":9},"end":{"line":43,"column":55}},"6":{"start":{"line":19,"column":8},"end":{"line":19,"column":55}},"7":{"start":{"line":21,"column":9},"end":{"line":43,"column":55}},"8":{"start":{"line":22,"column":8},"end":{"line":22,"column":60}},"9":{"start":{"line":24,"column":9},"end":{"line":43,"column":55}},"10":{"start":{"line":25,"column":8},"end":{"line":25,"column":54}},"11":{"start":{"line":27,"column":9},"end":{"line":43,"column":55}},"12":{"start":{"line":28,"column":8},"end":{"line":28,"column":54}},"13":{"start":{"line":30,"column":9},"end":{"line":43,"column":55}},"14":{"start":{"line":31,"column":8},"end":{"line":31,"column":54}},"15":{"start":{"line":33,"column":9},"end":{"line":43,"column":55}},"16":{"start":{"line":34,"column":8},"end":{"line":34,"column":54}},"17":{"start":{"line":36,"column":9},"end":{"line":43,"column":55}},"18":{"start":{"line":37,"column":8},"end":{"line":37,"column":54}},"19":{"start":{"line":39,"column":9},"end":{"line":43,"column":55}},"20":{"start":{"line":40,"column":8},"end":{"line":40,"column":54}},"21":{"start":{"line":43,"column":8},"end":{"line":43,"column":55}},"22":{"start":{"line":45,"column":4},"end":{"line":45,"column":23}}},"fnMap":{"0":{"name":"(anonymous_0)","decl":{"start":{"line":14,"column":17},"end":{"line":14,"column":18}},"loc":{"start":{"line":14,"column":39},"end":{"line":46,"column":1}},"line":14}},"branchMap":{"0":{"loc":{"start":{"line":15,"column":4},"end":{"line":43,"column":55}},"type":"if","locations":[{"start":{"line":15,"column":4},"end":{"line":43,"column":55}},{"start":{"line":18,"column":9},"end":{"line":43,"column":55}}],"line":15},"1":{"loc":{"start":{"line":15,"column":8},"end":{"line":15,"column":66}},"type":"binary-expr","locations":[{"start":{"line":15,"column":8},"end":{"line":15,"column":36}},{"start":{"line":15,"column":40},"end":{"line":15,"column":66}}],"line":15},"2":{"loc":{"start":{"line":18,"column":9},"end":{"line":43,"column":55}},"type":"if","locations":[{"start":{"line":18,"column":9},"end":{"line":43,"column":55}},{"start":{"line":21,"column":9},"end":{"line":43,"column":55}}],"line":18},"3":{"loc":{"start":{"line":21,"column":9},"end":{"line":43,"column":55}},"type":"if","locations":[{"start":{"line":21,"column":9},"end":{"line":43,"column":55}},{"start":{"line":24,"column":9},"end":{"line":43,"column":55}}],"line":21},"4":{"loc":{"start":{"line":24,"column":9},"end":{"line":43,"column":55}},"type":"if","locations":[{"start":{"line":24,"column":9},"end":{"line":43,"column":55}},{"start":{"line":27,"column":9},"end":{"line":43,"column":55}}],"line":24},"5":{"loc":{"start":{"line":27,"column":9},"end":{"line":43,"column":55}},"type":"if","locations":[{"start":{"line":27,"column":9},"end":{"line":43,"column":55}},{"start":{"line":30,"column":9},"end":{"line":43,"column":55}}],"line":27},"6":{"loc":{"start":{"line":30,"column":9},"end":{"line":43,"column":55}},"type":"if","locations":[{"start":{"line":30,"column":9},"end":{"line":43,"column":55}},{"start":{"line":33,"column":9},"end":{"line":43,"column":55}}],"line":30},"7":{"loc":{"start":{"line":33,"column":9},"end":{"line":43,"column":55}},"type":"if","locations":[{"start":{"line":33,"column":9},"end":{"line":43,"column":55}},{"start":{"line":36,"column":9},"end":{"line":43,"column":55}}],"line":33},"8":{"loc":{"start":{"line":36,"column":9},"end":{"line":43,"column":55}},"type":"if","locations":[{"start":{"line":36,"column":9},"end":{"line":43,"column":55}},{"start":{"line":39,"column":9},"end":{"line":43,"column":55}}],"line":36},"9":{"loc":{"start":{"line":39,"column":9},"end":{"line":43,"column":55}},"type":"if","locations":[{"start":{"line":39,"column":9},"end":{"line":43,"column":55}},{"start":{"line":43,"column":8},"end":{"line":43,"column":55}}],"line":39}},"s":{"0":22,"1":22,"2":22,"3":0,"4":0,"5":0,"6":0,"7":0,"8":0,"9":0,"10":0,"11":0,"12":0,"13":0,"14":0,"15":0,"16":0,"17":0,"18":0,"19":0,"20":0,"21":0,"22":0},"f":{"0":0},"b":{"0":[0,0],"1":[0,0],"2":[0,0],"3":[0,0],"4":[0,0],"5":[0,0],"6":[0,0],"7":[0,0],"8":[0,0],"9":[0,0]},"_coverageSchema":"1a1c01bbd47fc00a2c39e90264f33305004495a9","hash":"3622c5b7511637d6e98baaabe8be30b852c64fe3"}
,"/volume1/server/buscobarbie_api/src/utils/index.js": {"path":"/volume1/server/buscobarbie_api/src/utils/index.js","statementMap":{"0":{"start":{"line":1,"column":0},"end":{"line":7,"column":1}}},"fnMap":{},"branchMap":{},"s":{"0":22},"f":{},"b":{},"_coverageSchema":"1a1c01bbd47fc00a2c39e90264f33305004495a9","hash":"02a08a846a219689e3565891a188f3994dbfc41e"}
,"/volume1/server/buscobarbie_api/src/utils/logger.js": {"path":"/volume1/server/buscobarbie_api/src/utils/logger.js","statementMap":{"0":{"start":{"line":1,"column":45},"end":{"line":1,"column":63}},"1":{"start":{"line":2,"column":46},"end":{"line":2,"column":52}},"2":{"start":{"line":4,"column":0},"end":{"line":17,"column":4}},"3":{"start":{"line":9,"column":20},"end":{"line":9,"column":76}}},"fnMap":{"0":{"name":"(anonymous_0)","decl":{"start":{"line":9,"column":15},"end":{"line":9,"column":16}},"loc":{"start":{"line":9,"column":20},"end":{"line":9,"column":76}},"line":9}},"branchMap":{},"s":{"0":22,"1":22,"2":22,"3":0},"f":{"0":0},"b":{},"_coverageSchema":"1a1c01bbd47fc00a2c39e90264f33305004495a9","hash":"ee360457b03e700bf1170ba3122725a807b3102f"}
,"/volume1/server/buscobarbie_api/src/utils/validateObjectId.js": {"path":"/volume1/server/buscobarbie_api/src/utils/validateObjectId.js","statementMap":{"0":{"start":{"line":1,"column":45},"end":{"line":1,"column":64}},"1":{"start":{"line":2,"column":24},"end":{"line":2,"column":41}},"2":{"start":{"line":4,"column":0},"end":{"line":6,"column":1}},"3":{"start":{"line":5,"column":4},"end":{"line":5,"column":59}},"4":{"start":{"line":5,"column":22},"end":{"line":5,"column":59}}},"fnMap":{"0":{"name":"(anonymous_0)","decl":{"start":{"line":4,"column":17},"end":{"line":4,"column":18}},"loc":{"start":{"line":4,"column":30},"end":{"line":6,"column":1}},"line":4}},"branchMap":{"0":{"loc":{"start":{"line":5,"column":4},"end":{"line":5,"column":59}},"type":"if","locations":[{"start":{"line":5,"column":4},"end":{"line":5,"column":59}},{"start":{},"end":{}}],"line":5}},"s":{"0":22,"1":22,"2":22,"3":63,"4":0},"f":{"0":63},"b":{"0":[0,63]},"_coverageSchema":"1a1c01bbd47fc00a2c39e90264f33305004495a9","hash":"02eb55a685c28b992b1e7452478122c55854bc84"}
,"/volume1/server/buscobarbie_api/src/utils/verifyToken.js": {"path":"/volume1/server/buscobarbie_api/src/utils/verifyToken.js","statementMap":{"0":{"start":{"line":1,"column":73},"end":{"line":1,"column":96}},"1":{"start":{"line":2,"column":36},"end":{"line":2,"column":53}},"2":{"start":{"line":3,"column":22},"end":{"line":3,"column":42}},"3":{"start":{"line":4,"column":19},"end":{"line":4,"column":41}},"4":{"start":{"line":6,"column":0},"end":{"line":19,"column":1}},"5":{"start":{"line":7,"column":4},"end":{"line":18,"column":5}},"6":{"start":{"line":8,"column":20},"end":{"line":8,"column":54}},"7":{"start":{"line":9,"column":8},"end":{"line":9,"column":54}},"8":{"start":{"line":9,"column":17},"end":{"line":9,"column":54}},"9":{"start":{"line":10,"column":24},"end":{"line":10,"column":49}},"10":{"start":{"line":11,"column":8},"end":{"line":11,"column":26}},"11":{"start":{"line":13,"column":8},"end":{"line":17,"column":48}},"12":{"start":{"line":14,"column":12},"end":{"line":14,"column":47}},"13":{"start":{"line":17,"column":12},"end":{"line":17,"column":48}}},"fnMap":{"0":{"name":"(anonymous_0)","decl":{"start":{"line":6,"column":17},"end":{"line":6,"column":18}},"loc":{"start":{"line":6,"column":40},"end":{"line":19,"column":1}},"line":6}},"branchMap":{"0":{"loc":{"start":{"line":9,"column":8},"end":{"line":9,"column":54}},"type":"if","locations":[{"start":{"line":9,"column":8},"end":{"line":9,"column":54}},{"start":{},"end":{}}],"line":9},"1":{"loc":{"start":{"line":13,"column":8},"end":{"line":17,"column":48}},"type":"if","locations":[{"start":{"line":13,"column":8},"end":{"line":17,"column":48}},{"start":{"line":17,"column":12},"end":{"line":17,"column":48}}],"line":13},"2":{"loc":{"start":{"line":13,"column":12},"end":{"line":13,"column":150}},"type":"binary-expr","locations":[{"start":{"line":13,"column":12},"end":{"line":13,"column":46}},{"start":{"line":13,"column":50},"end":{"line":13,"column":81}},{"start":{"line":13,"column":85},"end":{"line":13,"column":119}},{"start":{"line":13,"column":123},"end":{"line":13,"column":150}}],"line":13}},"s":{"0":22,"1":22,"2":22,"3":22,"4":22,"5":0,"6":0,"7":0,"8":0,"9":0,"10":0,"11":0,"12":0,"13":0},"f":{"0":0},"b":{"0":[0,0],"1":[0,0],"2":[0,0,0,0]},"_coverageSchema":"1a1c01bbd47fc00a2c39e90264f33305004495a9","hash":"79278541032e8ddf59d1a0b7171aa08178b93c94"}
}
