{"/volume1/server/buscobarbie_api/src/logic/index.js": {"path":"/volume1/server/buscobarbie_api/src/logic/index.js","statementMap":{"0":{"start":{"line":1,"column":0},"end":{"line":22,"column":1}}},"fnMap":{},"branchMap":{},"s":{"0":9},"f":{},"b":{},"_coverageSchema":"1a1c01bbd47fc00a2c39e90264f33305004495a9","hash":"72bfbf5a8bcbfd3ba2f104c9ad829feec20e9eaa"}
,"/volume1/server/buscobarbie_api/src/logic/admin/adminDeleteAd.js": {"path":"/volume1/server/buscobarbie_api/src/logic/admin/adminDeleteAd.js","statementMap":{"0":{"start":{"line":1,"column":21},"end":{"line":1,"column":44}},"1":{"start":{"line":2,"column":29},"end":{"line":2,"column":51}},"2":{"start":{"line":3,"column":11},"end":{"line":3,"column":33}},"3":{"start":{"line":4,"column":29},"end":{"line":4,"column":46}},"4":{"start":{"line":5,"column":19},"end":{"line":5,"column":40}},"5":{"start":{"line":6,"column":13},"end":{"line":6,"column":34}},"6":{"start":{"line":7,"column":13},"end":{"line":7,"column":34}},"7":{"start":{"line":8,"column":13},"end":{"line":8,"column":34}},"8":{"start":{"line":9,"column":17},"end":{"line":9,"column":42}},"9":{"start":{"line":10,"column":16},"end":{"line":10,"column":35}},"10":{"start":{"line":12,"column":0},"end":{"line":127,"column":1}},"11":{"start":{"line":13,"column":4},"end":{"line":13,"column":26}},"12":{"start":{"line":14,"column":4},"end":{"line":14,"column":28}},"13":{"start":{"line":16,"column":17},"end":{"line":16,"column":51}},"14":{"start":{"line":17,"column":4},"end":{"line":17,"column":75}},"15":{"start":{"line":17,"column":31},"end":{"line":17,"column":75}},"16":{"start":{"line":19,"column":15},"end":{"line":19,"column":45}},"17":{"start":{"line":20,"column":4},"end":{"line":20,"column":52}},"18":{"start":{"line":20,"column":13},"end":{"line":20,"column":52}},"19":{"start":{"line":22,"column":19},"end":{"line":22,"column":54}},"20":{"start":{"line":24,"column":4},"end":{"line":24,"column":37}},"21":{"start":{"line":25,"column":4},"end":{"line":25,"column":77}},"22":{"start":{"line":28,"column":24},"end":{"line":36,"column":6}},"23":{"start":{"line":38,"column":22},"end":{"line":119,"column":12}},"24":{"start":{"line":121,"column":17},"end":{"line":126,"column":6}}},"fnMap":{"0":{"name":"(anonymous_0)","decl":{"start":{"line":12,"column":17},"end":{"line":12,"column":18}},"loc":{"start":{"line":12,"column":47},"end":{"line":127,"column":1}},"line":12}},"branchMap":{"0":{"loc":{"start":{"line":17,"column":4},"end":{"line":17,"column":75}},"type":"if","locations":[{"start":{"line":17,"column":4},"end":{"line":17,"column":75}},{"start":{},"end":{}}],"line":17},"1":{"loc":{"start":{"line":20,"column":4},"end":{"line":20,"column":52}},"type":"if","locations":[{"start":{"line":20,"column":4},"end":{"line":20,"column":52}},{"start":{},"end":{}}],"line":20},"2":{"loc":{"start":{"line":106,"column":41},"end":{"line":106,"column":98}},"type":"cond-expr","locations":[{"start":{"line":106,"column":72},"end":{"line":106,"column":85}},{"start":{"line":106,"column":88},"end":{"line":106,"column":98}}],"line":106},"3":{"loc":{"start":{"line":107,"column":51},"end":{"line":107,"column":106}},"type":"cond-expr","locations":[{"start":{"line":107,"column":70},"end":{"line":107,"column":86}},{"start":{"line":107,"column":89},"end":{"line":107,"column":106}}],"line":107},"4":{"loc":{"start":{"line":108,"column":55},"end":{"line":108,"column":94}},"type":"cond-expr","locations":[{"start":{"line":108,"column":66},"end":{"line":108,"column":74}},{"start":{"line":108,"column":77},"end":{"line":108,"column":94}}],"line":108},"5":{"loc":{"start":{"line":111,"column":53},"end":{"line":111,"column":108}},"type":"cond-expr","locations":[{"start":{"line":111,"column":63},"end":{"line":111,"column":70}},{"start":{"line":111,"column":73},"end":{"line":111,"column":108}}],"line":111},"6":{"loc":{"start":{"line":112,"column":65},"end":{"line":112,"column":121}},"type":"cond-expr","locations":[{"start":{"line":112,"column":82},"end":{"line":112,"column":100}},{"start":{"line":112,"column":103},"end":{"line":112,"column":121}}],"line":112},"7":{"loc":{"start":{"line":113,"column":65},"end":{"line":113,"column":104}},"type":"cond-expr","locations":[{"start":{"line":113,"column":83},"end":{"line":113,"column":98}},{"start":{"line":113,"column":101},"end":{"line":113,"column":104}}],"line":113}},"s":{"0":9,"1":9,"2":9,"3":9,"4":9,"5":9,"6":9,"7":9,"8":9,"9":9,"10":9,"11":0,"12":0,"13":0,"14":0,"15":0,"16":0,"17":0,"18":0,"19":0,"20":0,"21":0,"22":0,"23":0,"24":0},"f":{"0":0},"b":{"0":[0,0],"1":[0,0],"2":[0,0],"3":[0,0],"4":[0,0],"5":[0,0],"6":[0,0],"7":[0,0]},"_coverageSchema":"1a1c01bbd47fc00a2c39e90264f33305004495a9","hash":"c5836b437a2543efcbc8e36705f0bba2e5e2071d"}
,"/volume1/server/buscobarbie_api/src/logic/admin/retrieveAdminData.js": {"path":"/volume1/server/buscobarbie_api/src/logic/admin/retrieveAdminData.js","statementMap":{"0":{"start":{"line":1,"column":21},"end":{"line":1,"column":44}},"1":{"start":{"line":2,"column":29},"end":{"line":2,"column":46}},"2":{"start":{"line":3,"column":29},"end":{"line":3,"column":51}},"3":{"start":{"line":5,"column":0},"end":{"line":18,"column":1}},"4":{"start":{"line":6,"column":4},"end":{"line":6,"column":28}},"5":{"start":{"line":8,"column":17},"end":{"line":8,"column":51}},"6":{"start":{"line":9,"column":4},"end":{"line":9,"column":75}},"7":{"start":{"line":9,"column":31},"end":{"line":9,"column":75}},"8":{"start":{"line":11,"column":22},"end":{"line":11,"column":66}},"9":{"start":{"line":12,"column":17},"end":{"line":12,"column":82}},"10":{"start":{"line":14,"column":24},"end":{"line":14,"column":70}},"11":{"start":{"line":15,"column":19},"end":{"line":15,"column":109}},"12":{"start":{"line":17,"column":4},"end":{"line":17,"column":58}}},"fnMap":{"0":{"name":"(anonymous_0)","decl":{"start":{"line":5,"column":17},"end":{"line":5,"column":18}},"loc":{"start":{"line":5,"column":41},"end":{"line":18,"column":1}},"line":5}},"branchMap":{"0":{"loc":{"start":{"line":9,"column":4},"end":{"line":9,"column":75}},"type":"if","locations":[{"start":{"line":9,"column":4},"end":{"line":9,"column":75}},{"start":{},"end":{}}],"line":9}},"s":{"0":9,"1":9,"2":9,"3":9,"4":0,"5":0,"6":0,"7":0,"8":0,"9":0,"10":0,"11":0,"12":0},"f":{"0":0},"b":{"0":[0,0]},"_coverageSchema":"1a1c01bbd47fc00a2c39e90264f33305004495a9","hash":"0780b5317111798656f840991af7ec85857a54e9"}
,"/volume1/server/buscobarbie_api/src/logic/admin/verifyAd.js": {"path":"/volume1/server/buscobarbie_api/src/logic/admin/verifyAd.js","statementMap":{"0":{"start":{"line":1,"column":21},"end":{"line":1,"column":44}},"1":{"start":{"line":2,"column":29},"end":{"line":2,"column":51}},"2":{"start":{"line":3,"column":29},"end":{"line":3,"column":46}},"3":{"start":{"line":4,"column":19},"end":{"line":4,"column":40}},"4":{"start":{"line":5,"column":13},"end":{"line":5,"column":34}},"5":{"start":{"line":6,"column":13},"end":{"line":6,"column":34}},"6":{"start":{"line":7,"column":13},"end":{"line":7,"column":34}},"7":{"start":{"line":8,"column":17},"end":{"line":8,"column":42}},"8":{"start":{"line":9,"column":16},"end":{"line":9,"column":35}},"9":{"start":{"line":11,"column":0},"end":{"line":121,"column":1}},"10":{"start":{"line":12,"column":4},"end":{"line":12,"column":26}},"11":{"start":{"line":13,"column":4},"end":{"line":13,"column":28}},"12":{"start":{"line":15,"column":17},"end":{"line":15,"column":51}},"13":{"start":{"line":16,"column":4},"end":{"line":16,"column":75}},"14":{"start":{"line":16,"column":31},"end":{"line":16,"column":75}},"15":{"start":{"line":18,"column":15},"end":{"line":18,"column":45}},"16":{"start":{"line":19,"column":4},"end":{"line":19,"column":52}},"17":{"start":{"line":19,"column":13},"end":{"line":19,"column":52}},"18":{"start":{"line":21,"column":4},"end":{"line":21,"column":63}},"19":{"start":{"line":23,"column":19},"end":{"line":23,"column":54}},"20":{"start":{"line":25,"column":24},"end":{"line":33,"column":6}},"21":{"start":{"line":35,"column":22},"end":{"line":113,"column":12}},"22":{"start":{"line":115,"column":17},"end":{"line":120,"column":6}}},"fnMap":{"0":{"name":"(anonymous_0)","decl":{"start":{"line":11,"column":17},"end":{"line":11,"column":18}},"loc":{"start":{"line":11,"column":47},"end":{"line":121,"column":1}},"line":11}},"branchMap":{"0":{"loc":{"start":{"line":16,"column":4},"end":{"line":16,"column":75}},"type":"if","locations":[{"start":{"line":16,"column":4},"end":{"line":16,"column":75}},{"start":{},"end":{}}],"line":16},"1":{"loc":{"start":{"line":19,"column":4},"end":{"line":19,"column":52}},"type":"if","locations":[{"start":{"line":19,"column":4},"end":{"line":19,"column":52}},{"start":{},"end":{}}],"line":19},"2":{"loc":{"start":{"line":100,"column":41},"end":{"line":100,"column":98}},"type":"cond-expr","locations":[{"start":{"line":100,"column":72},"end":{"line":100,"column":85}},{"start":{"line":100,"column":88},"end":{"line":100,"column":98}}],"line":100},"3":{"loc":{"start":{"line":101,"column":51},"end":{"line":101,"column":106}},"type":"cond-expr","locations":[{"start":{"line":101,"column":70},"end":{"line":101,"column":86}},{"start":{"line":101,"column":89},"end":{"line":101,"column":106}}],"line":101},"4":{"loc":{"start":{"line":102,"column":55},"end":{"line":102,"column":94}},"type":"cond-expr","locations":[{"start":{"line":102,"column":66},"end":{"line":102,"column":74}},{"start":{"line":102,"column":77},"end":{"line":102,"column":94}}],"line":102},"5":{"loc":{"start":{"line":105,"column":53},"end":{"line":105,"column":108}},"type":"cond-expr","locations":[{"start":{"line":105,"column":63},"end":{"line":105,"column":70}},{"start":{"line":105,"column":73},"end":{"line":105,"column":108}}],"line":105},"6":{"loc":{"start":{"line":106,"column":65},"end":{"line":106,"column":121}},"type":"cond-expr","locations":[{"start":{"line":106,"column":82},"end":{"line":106,"column":100}},{"start":{"line":106,"column":103},"end":{"line":106,"column":121}}],"line":106},"7":{"loc":{"start":{"line":107,"column":65},"end":{"line":107,"column":104}},"type":"cond-expr","locations":[{"start":{"line":107,"column":83},"end":{"line":107,"column":98}},{"start":{"line":107,"column":101},"end":{"line":107,"column":104}}],"line":107}},"s":{"0":9,"1":9,"2":9,"3":9,"4":9,"5":9,"6":9,"7":9,"8":9,"9":9,"10":0,"11":0,"12":0,"13":0,"14":0,"15":0,"16":0,"17":0,"18":0,"19":0,"20":0,"21":0,"22":0},"f":{"0":0},"b":{"0":[0,0],"1":[0,0],"2":[0,0],"3":[0,0],"4":[0,0],"5":[0,0],"6":[0,0],"7":[0,0]},"_coverageSchema":"1a1c01bbd47fc00a2c39e90264f33305004495a9","hash":"a825b5a0f043fa2116327c51ac7522b525a43b37"}
,"/volume1/server/buscobarbie_api/src/logic/ads/retrieveAdWithId.js": {"path":"/volume1/server/buscobarbie_api/src/logic/ads/retrieveAdWithId.js","statementMap":{"0":{"start":{"line":1,"column":28},"end":{"line":1,"column":49}},"1":{"start":{"line":2,"column":21},"end":{"line":2,"column":44}},"2":{"start":{"line":3,"column":29},"end":{"line":3,"column":51}},"3":{"start":{"line":5,"column":0},"end":{"line":18,"column":1}},"4":{"start":{"line":6,"column":4},"end":{"line":6,"column":28}},"5":{"start":{"line":7,"column":4},"end":{"line":7,"column":26}},"6":{"start":{"line":8,"column":4},"end":{"line":17,"column":10}},"7":{"start":{"line":10,"column":12},"end":{"line":10,"column":30}},"8":{"start":{"line":10,"column":21},"end":{"line":10,"column":30}},"9":{"start":{"line":11,"column":12},"end":{"line":11,"column":58}},"10":{"start":{"line":11,"column":49},"end":{"line":11,"column":58}},"11":{"start":{"line":12,"column":12},"end":{"line":16,"column":14}},"12":{"start":{"line":14,"column":16},"end":{"line":14,"column":35}},"13":{"start":{"line":15,"column":16},"end":{"line":15,"column":25}}},"fnMap":{"0":{"name":"(anonymous_0)","decl":{"start":{"line":5,"column":17},"end":{"line":5,"column":18}},"loc":{"start":{"line":5,"column":41},"end":{"line":18,"column":1}},"line":5},"1":{"name":"(anonymous_1)","decl":{"start":{"line":9,"column":14},"end":{"line":9,"column":15}},"loc":{"start":{"line":9,"column":20},"end":{"line":17,"column":9}},"line":9},"2":{"name":"(anonymous_2)","decl":{"start":{"line":13,"column":18},"end":{"line":13,"column":19}},"loc":{"start":{"line":13,"column":26},"end":{"line":16,"column":13}},"line":13}},"branchMap":{"0":{"loc":{"start":{"line":10,"column":12},"end":{"line":10,"column":30}},"type":"if","locations":[{"start":{"line":10,"column":12},"end":{"line":10,"column":30}},{"start":{},"end":{}}],"line":10},"1":{"loc":{"start":{"line":11,"column":12},"end":{"line":11,"column":58}},"type":"if","locations":[{"start":{"line":11,"column":12},"end":{"line":11,"column":58}},{"start":{},"end":{}}],"line":11}},"s":{"0":9,"1":9,"2":9,"3":9,"4":0,"5":0,"6":0,"7":0,"8":0,"9":0,"10":0,"11":0,"12":0,"13":0},"f":{"0":0,"1":0,"2":0},"b":{"0":[0,0],"1":[0,0]},"_coverageSchema":"1a1c01bbd47fc00a2c39e90264f33305004495a9","hash":"bd39e6ab6e32dab01016b66d2c7c6777f1d94383"}
,"/volume1/server/buscobarbie_api/src/logic/ads/retrieveFilteredAds.js": {"path":"/volume1/server/buscobarbie_api/src/logic/ads/retrieveFilteredAds.js","statementMap":{"0":{"start":{"line":1,"column":15},"end":{"line":1,"column":38}},"1":{"start":{"line":2,"column":28},"end":{"line":2,"column":49}},"2":{"start":{"line":4,"column":0},"end":{"line":60,"column":1}},"3":{"start":{"line":5,"column":16},"end":{"line":5,"column":20}},"4":{"start":{"line":6,"column":4},"end":{"line":6,"column":57}},"5":{"start":{"line":6,"column":34},"end":{"line":6,"column":57}},"6":{"start":{"line":8,"column":4},"end":{"line":8,"column":90}},"7":{"start":{"line":10,"column":24},"end":{"line":39,"column":5}},"8":{"start":{"line":11,"column":8},"end":{"line":11,"column":42}},"9":{"start":{"line":13,"column":8},"end":{"line":14,"column":48}},"10":{"start":{"line":14,"column":12},"end":{"line":14,"column":48}},"11":{"start":{"line":16,"column":8},"end":{"line":16,"column":34}},"12":{"start":{"line":18,"column":8},"end":{"line":18,"column":28}},"13":{"start":{"line":20,"column":8},"end":{"line":27,"column":9}},"14":{"start":{"line":21,"column":12},"end":{"line":26,"column":13}},"15":{"start":{"line":29,"column":8},"end":{"line":31,"column":9}},"16":{"start":{"line":30,"column":12},"end":{"line":30,"column":40}},"17":{"start":{"line":33,"column":8},"end":{"line":34,"column":28}},"18":{"start":{"line":34,"column":12},"end":{"line":34,"column":28}},"19":{"start":{"line":36,"column":8},"end":{"line":38,"column":9}},"20":{"start":{"line":37,"column":12},"end":{"line":37,"column":38}},"21":{"start":{"line":41,"column":16},"end":{"line":46,"column":5}},"22":{"start":{"line":42,"column":8},"end":{"line":42,"column":51}},"23":{"start":{"line":42,"column":32},"end":{"line":42,"column":51}},"24":{"start":{"line":43,"column":8},"end":{"line":43,"column":57}},"25":{"start":{"line":43,"column":39},"end":{"line":43,"column":57}},"26":{"start":{"line":44,"column":8},"end":{"line":44,"column":48}},"27":{"start":{"line":44,"column":33},"end":{"line":44,"column":48}},"28":{"start":{"line":45,"column":8},"end":{"line":45,"column":47}},"29":{"start":{"line":45,"column":33},"end":{"line":45,"column":47}},"30":{"start":{"line":48,"column":4},"end":{"line":59,"column":10}},"31":{"start":{"line":50,"column":12},"end":{"line":58,"column":18}},"32":{"start":{"line":52,"column":20},"end":{"line":57,"column":21}}},"fnMap":{"0":{"name":"(anonymous_0)","decl":{"start":{"line":4,"column":17},"end":{"line":4,"column":18}},"loc":{"start":{"line":4,"column":97},"end":{"line":60,"column":1}},"line":4},"1":{"name":"(anonymous_1)","decl":{"start":{"line":10,"column":28},"end":{"line":10,"column":29}},"loc":{"start":{"line":10,"column":40},"end":{"line":39,"column":5}},"line":10},"2":{"name":"(anonymous_2)","decl":{"start":{"line":41,"column":20},"end":{"line":41,"column":21}},"loc":{"start":{"line":41,"column":32},"end":{"line":46,"column":5}},"line":41},"3":{"name":"(anonymous_3)","decl":{"start":{"line":49,"column":14},"end":{"line":49,"column":15}},"loc":{"start":{"line":49,"column":21},"end":{"line":59,"column":9}},"line":49},"4":{"name":"(anonymous_4)","decl":{"start":{"line":51,"column":22},"end":{"line":51,"column":23}},"loc":{"start":{"line":51,"column":31},"end":{"line":58,"column":17}},"line":51}},"branchMap":{"0":{"loc":{"start":{"line":6,"column":4},"end":{"line":6,"column":57}},"type":"if","locations":[{"start":{"line":6,"column":4},"end":{"line":6,"column":57}},{"start":{},"end":{}}],"line":6},"1":{"loc":{"start":{"line":13,"column":8},"end":{"line":14,"column":48}},"type":"if","locations":[{"start":{"line":13,"column":8},"end":{"line":14,"column":48}},{"start":{},"end":{}}],"line":13},"2":{"loc":{"start":{"line":20,"column":8},"end":{"line":27,"column":9}},"type":"if","locations":[{"start":{"line":20,"column":8},"end":{"line":27,"column":9}},{"start":{},"end":{}}],"line":20},"3":{"loc":{"start":{"line":29,"column":8},"end":{"line":31,"column":9}},"type":"if","locations":[{"start":{"line":29,"column":8},"end":{"line":31,"column":9}},{"start":{},"end":{}}],"line":29},"4":{"loc":{"start":{"line":33,"column":8},"end":{"line":34,"column":28}},"type":"if","locations":[{"start":{"line":33,"column":8},"end":{"line":34,"column":28}},{"start":{},"end":{}}],"line":33},"5":{"loc":{"start":{"line":36,"column":8},"end":{"line":38,"column":9}},"type":"if","locations":[{"start":{"line":36,"column":8},"end":{"line":38,"column":9}},{"start":{},"end":{}}],"line":36},"6":{"loc":{"start":{"line":36,"column":12},"end":{"line":36,"column":33}},"type":"binary-expr","locations":[{"start":{"line":36,"column":12},"end":{"line":36,"column":17}},{"start":{"line":36,"column":21},"end":{"line":36,"column":33}}],"line":36},"7":{"loc":{"start":{"line":42,"column":8},"end":{"line":42,"column":51}},"type":"if","locations":[{"start":{"line":42,"column":8},"end":{"line":42,"column":51}},{"start":{},"end":{}}],"line":42},"8":{"loc":{"start":{"line":43,"column":8},"end":{"line":43,"column":57}},"type":"if","locations":[{"start":{"line":43,"column":8},"end":{"line":43,"column":57}},{"start":{},"end":{}}],"line":43},"9":{"loc":{"start":{"line":44,"column":8},"end":{"line":44,"column":48}},"type":"if","locations":[{"start":{"line":44,"column":8},"end":{"line":44,"column":48}},{"start":{},"end":{}}],"line":44},"10":{"loc":{"start":{"line":45,"column":8},"end":{"line":45,"column":47}},"type":"if","locations":[{"start":{"line":45,"column":8},"end":{"line":45,"column":47}},{"start":{},"end":{}}],"line":45}},"s":{"0":9,"1":9,"2":9,"3":0,"4":0,"5":0,"6":0,"7":0,"8":0,"9":0,"10":0,"11":0,"12":0,"13":0,"14":0,"15":0,"16":0,"17":0,"18":0,"19":0,"20":0,"21":0,"22":0,"23":0,"24":0,"25":0,"26":0,"27":0,"28":0,"29":0,"30":0,"31":0,"32":0},"f":{"0":0,"1":0,"2":0,"3":0,"4":0},"b":{"0":[0,0],"1":[0,0],"2":[0,0],"3":[0,0],"4":[0,0],"5":[0,0],"6":[0,0],"7":[0,0],"8":[0,0],"9":[0,0],"10":[0,0]},"_coverageSchema":"1a1c01bbd47fc00a2c39e90264f33305004495a9","hash":"8a2276ac36a8442651777872dd586c28999f0105"}
,"/volume1/server/buscobarbie_api/src/logic/user/authenticateGoogleUser.js": {"path":"/volume1/server/buscobarbie_api/src/logic/user/authenticateGoogleUser.js","statementMap":{"0":{"start":{"line":1,"column":26},"end":{"line":1,"column":47}},"1":{"start":{"line":2,"column":17},"end":{"line":2,"column":40}},"2":{"start":{"line":3,"column":15},"end":{"line":3,"column":34}},"3":{"start":{"line":4,"column":20},"end":{"line":4,"column":104}},"4":{"start":{"line":5,"column":14},"end":{"line":5,"column":35}},"5":{"start":{"line":7,"column":0},"end":{"line":24,"column":1}},"6":{"start":{"line":8,"column":4},"end":{"line":8,"column":24}},"7":{"start":{"line":10,"column":15},"end":{"line":10,"column":67}},"8":{"start":{"line":11,"column":4},"end":{"line":11,"column":29}},"9":{"start":{"line":11,"column":14},"end":{"line":11,"column":29}},"10":{"start":{"line":13,"column":19},"end":{"line":13,"column":21}},"11":{"start":{"line":15,"column":4},"end":{"line":17,"column":5}},"12":{"start":{"line":15,"column":17},"end":{"line":15,"column":18}},"13":{"start":{"line":16,"column":8},"end":{"line":16,"column":67}},"14":{"start":{"line":19,"column":17},"end":{"line":19,"column":48}},"15":{"start":{"line":21,"column":4},"end":{"line":21,"column":93}},"16":{"start":{"line":23,"column":4},"end":{"line":23,"column":18}}},"fnMap":{"0":{"name":"(anonymous_0)","decl":{"start":{"line":7,"column":17},"end":{"line":7,"column":18}},"loc":{"start":{"line":7,"column":46},"end":{"line":24,"column":1}},"line":7}},"branchMap":{"0":{"loc":{"start":{"line":11,"column":4},"end":{"line":11,"column":29}},"type":"if","locations":[{"start":{"line":11,"column":4},"end":{"line":11,"column":29}},{"start":{},"end":{}}],"line":11}},"s":{"0":9,"1":9,"2":9,"3":9,"4":9,"5":9,"6":2,"7":2,"8":2,"9":1,"10":1,"11":1,"12":1,"13":8,"14":1,"15":1,"16":1},"f":{"0":2},"b":{"0":[1,1]},"_coverageSchema":"1a1c01bbd47fc00a2c39e90264f33305004495a9","hash":"2469ae1fc7276fb767f42867ef66016f2cca009a"}
,"/volume1/server/buscobarbie_api/src/logic/user/authenticateUser.js": {"path":"/volume1/server/buscobarbie_api/src/logic/user/authenticateUser.js","statementMap":{"0":{"start":{"line":1,"column":89},"end":{"line":1,"column":106}},"1":{"start":{"line":2,"column":44},"end":{"line":2,"column":65}},"2":{"start":{"line":3,"column":17},"end":{"line":3,"column":40}},"3":{"start":{"line":4,"column":15},"end":{"line":4,"column":34}},"4":{"start":{"line":20,"column":0},"end":{"line":40,"column":1}},"5":{"start":{"line":21,"column":4},"end":{"line":21,"column":24}},"6":{"start":{"line":22,"column":4},"end":{"line":22,"column":30}},"7":{"start":{"line":24,"column":4},"end":{"line":39,"column":10}},"8":{"start":{"line":26,"column":12},"end":{"line":26,"column":48}},"9":{"start":{"line":29,"column":12},"end":{"line":29,"column":64}},"10":{"start":{"line":29,"column":23},"end":{"line":29,"column":64}},"11":{"start":{"line":30,"column":12},"end":{"line":30,"column":100}},"12":{"start":{"line":30,"column":40},"end":{"line":30,"column":100}},"13":{"start":{"line":31,"column":12},"end":{"line":31,"column":87}},"14":{"start":{"line":31,"column":41},"end":{"line":31,"column":87}},"15":{"start":{"line":33,"column":12},"end":{"line":38,"column":18}},"16":{"start":{"line":35,"column":20},"end":{"line":35,"column":90}},"17":{"start":{"line":35,"column":33},"end":{"line":35,"column":90}},"18":{"start":{"line":36,"column":20},"end":{"line":36,"column":71}}},"fnMap":{"0":{"name":"(anonymous_0)","decl":{"start":{"line":20,"column":17},"end":{"line":20,"column":18}},"loc":{"start":{"line":20,"column":44},"end":{"line":40,"column":1}},"line":20},"1":{"name":"(anonymous_1)","decl":{"start":{"line":25,"column":15},"end":{"line":25,"column":16}},"loc":{"start":{"line":25,"column":24},"end":{"line":27,"column":9}},"line":25},"2":{"name":"(anonymous_2)","decl":{"start":{"line":28,"column":14},"end":{"line":28,"column":15}},"loc":{"start":{"line":28,"column":22},"end":{"line":39,"column":9}},"line":28},"3":{"name":"(anonymous_3)","decl":{"start":{"line":34,"column":22},"end":{"line":34,"column":23}},"loc":{"start":{"line":34,"column":32},"end":{"line":38,"column":17}},"line":34}},"branchMap":{"0":{"loc":{"start":{"line":29,"column":12},"end":{"line":29,"column":64}},"type":"if","locations":[{"start":{"line":29,"column":12},"end":{"line":29,"column":64}},{"start":{},"end":{}}],"line":29},"1":{"loc":{"start":{"line":30,"column":12},"end":{"line":30,"column":100}},"type":"if","locations":[{"start":{"line":30,"column":12},"end":{"line":30,"column":100}},{"start":{},"end":{}}],"line":30},"2":{"loc":{"start":{"line":31,"column":12},"end":{"line":31,"column":87}},"type":"if","locations":[{"start":{"line":31,"column":12},"end":{"line":31,"column":87}},{"start":{},"end":{}}],"line":31},"3":{"loc":{"start":{"line":35,"column":20},"end":{"line":35,"column":90}},"type":"if","locations":[{"start":{"line":35,"column":20},"end":{"line":35,"column":90}},{"start":{},"end":{}}],"line":35}},"s":{"0":9,"1":9,"2":9,"3":9,"4":9,"5":5,"6":5,"7":5,"8":0,"9":5,"10":1,"11":4,"12":1,"13":3,"14":1,"15":2,"16":2,"17":1,"18":1},"f":{"0":5,"1":0,"2":5,"3":2},"b":{"0":[1,4],"1":[1,3],"2":[1,2],"3":[1,1]},"_coverageSchema":"1a1c01bbd47fc00a2c39e90264f33305004495a9","hash":"8005e975c95e27e85b9dc1c9e787311f4aef67bc"}
,"/volume1/server/buscobarbie_api/src/logic/user/contactUser.js": {"path":"/volume1/server/buscobarbie_api/src/logic/user/contactUser.js","statementMap":{"0":{"start":{"line":1,"column":26},"end":{"line":1,"column":43}},"1":{"start":{"line":2,"column":17},"end":{"line":2,"column":40}},"2":{"start":{"line":3,"column":19},"end":{"line":3,"column":40}},"3":{"start":{"line":4,"column":0},"end":{"line":4,"column":26}},"4":{"start":{"line":5,"column":18},"end":{"line":5,"column":39}},"5":{"start":{"line":6,"column":18},"end":{"line":6,"column":39}},"6":{"start":{"line":7,"column":18},"end":{"line":7,"column":39}},"7":{"start":{"line":8,"column":22},"end":{"line":8,"column":47}},"8":{"start":{"line":10,"column":0},"end":{"line":34,"column":1}},"9":{"start":{"line":12,"column":17},"end":{"line":12,"column":51}},"10":{"start":{"line":13,"column":4},"end":{"line":13,"column":56}},"11":{"start":{"line":13,"column":15},"end":{"line":13,"column":56}},"12":{"start":{"line":15,"column":24},"end":{"line":23,"column":6}},"13":{"start":{"line":25,"column":17},"end":{"line":32,"column":6}}},"fnMap":{"0":{"name":"(anonymous_0)","decl":{"start":{"line":10,"column":17},"end":{"line":10,"column":18}},"loc":{"start":{"line":10,"column":59},"end":{"line":34,"column":1}},"line":10}},"branchMap":{"0":{"loc":{"start":{"line":13,"column":4},"end":{"line":13,"column":56}},"type":"if","locations":[{"start":{"line":13,"column":4},"end":{"line":13,"column":56}},{"start":{},"end":{}}],"line":13}},"s":{"0":9,"1":9,"2":9,"3":9,"4":9,"5":9,"6":9,"7":9,"8":9,"9":2,"10":2,"11":1,"12":1,"13":1},"f":{"0":2},"b":{"0":[1,1]},"_coverageSchema":"1a1c01bbd47fc00a2c39e90264f33305004495a9","hash":"a55bde335d855157ccb5f1da3cd5d29246671ef4"}
,"/volume1/server/buscobarbie_api/src/logic/user/deleteUser.js": {"path":"/volume1/server/buscobarbie_api/src/logic/user/deleteUser.js","statementMap":{"0":{"start":{"line":1,"column":29},"end":{"line":1,"column":51}},"1":{"start":{"line":2,"column":21},"end":{"line":2,"column":44}},"2":{"start":{"line":3,"column":38},"end":{"line":3,"column":55}},"3":{"start":{"line":4,"column":11},"end":{"line":4,"column":33}},"4":{"start":{"line":6,"column":0},"end":{"line":23,"column":1}},"5":{"start":{"line":7,"column":4},"end":{"line":7,"column":28}},"6":{"start":{"line":9,"column":17},"end":{"line":9,"column":51}},"7":{"start":{"line":10,"column":4},"end":{"line":10,"column":56}},"8":{"start":{"line":10,"column":15},"end":{"line":10,"column":56}},"9":{"start":{"line":12,"column":4},"end":{"line":12,"column":43}},"10":{"start":{"line":14,"column":16},"end":{"line":14,"column":59}},"11":{"start":{"line":15,"column":4},"end":{"line":15,"column":65}},"12":{"start":{"line":15,"column":17},"end":{"line":15,"column":65}},"13":{"start":{"line":17,"column":4},"end":{"line":17,"column":41}},"14":{"start":{"line":19,"column":18},"end":{"line":19,"column":60}},"15":{"start":{"line":20,"column":4},"end":{"line":20,"column":59}},"16":{"start":{"line":20,"column":19},"end":{"line":20,"column":59}},"17":{"start":{"line":22,"column":4},"end":{"line":22,"column":68}}},"fnMap":{"0":{"name":"(anonymous_0)","decl":{"start":{"line":6,"column":17},"end":{"line":6,"column":18}},"loc":{"start":{"line":6,"column":41},"end":{"line":23,"column":1}},"line":6}},"branchMap":{"0":{"loc":{"start":{"line":10,"column":4},"end":{"line":10,"column":56}},"type":"if","locations":[{"start":{"line":10,"column":4},"end":{"line":10,"column":56}},{"start":{},"end":{}}],"line":10},"1":{"loc":{"start":{"line":15,"column":4},"end":{"line":15,"column":65}},"type":"if","locations":[{"start":{"line":15,"column":4},"end":{"line":15,"column":65}},{"start":{},"end":{}}],"line":15},"2":{"loc":{"start":{"line":20,"column":4},"end":{"line":20,"column":59}},"type":"if","locations":[{"start":{"line":20,"column":4},"end":{"line":20,"column":59}},{"start":{},"end":{}}],"line":20}},"s":{"0":9,"1":9,"2":9,"3":9,"4":9,"5":2,"6":2,"7":2,"8":1,"9":1,"10":1,"11":1,"12":0,"13":1,"14":1,"15":1,"16":0,"17":1},"f":{"0":2},"b":{"0":[1,1],"1":[0,1],"2":[0,1]},"_coverageSchema":"1a1c01bbd47fc00a2c39e90264f33305004495a9","hash":"81f9061e06ff0666468731ab1cd65d1eaf994d53"}
,"/volume1/server/buscobarbie_api/src/logic/user/recoverPassword.js": {"path":"/volume1/server/buscobarbie_api/src/logic/user/recoverPassword.js","statementMap":{"0":{"start":{"line":1,"column":26},"end":{"line":1,"column":47}},"1":{"start":{"line":2,"column":17},"end":{"line":2,"column":40}},"2":{"start":{"line":3,"column":19},"end":{"line":3,"column":40}},"3":{"start":{"line":4,"column":12},"end":{"line":4,"column":35}},"4":{"start":{"line":5,"column":0},"end":{"line":5,"column":26}},"5":{"start":{"line":6,"column":18},"end":{"line":6,"column":39}},"6":{"start":{"line":7,"column":18},"end":{"line":7,"column":39}},"7":{"start":{"line":8,"column":18},"end":{"line":8,"column":39}},"8":{"start":{"line":9,"column":22},"end":{"line":9,"column":47}},"9":{"start":{"line":10,"column":16},"end":{"line":10,"column":35}},"10":{"start":{"line":11,"column":19},"end":{"line":11,"column":41}},"11":{"start":{"line":13,"column":0},"end":{"line":41,"column":1}},"12":{"start":{"line":14,"column":4},"end":{"line":14,"column":24}},"13":{"start":{"line":16,"column":17},"end":{"line":16,"column":53}},"14":{"start":{"line":18,"column":4},"end":{"line":40,"column":27}},"15":{"start":{"line":20,"column":28},"end":{"line":28,"column":10}},"16":{"start":{"line":30,"column":22},"end":{"line":30,"column":82}},"17":{"start":{"line":32,"column":21},"end":{"line":37,"column":10}},"18":{"start":{"line":39,"column":8},"end":{"line":39,"column":19}},"19":{"start":{"line":40,"column":11},"end":{"line":40,"column":27}}},"fnMap":{"0":{"name":"(anonymous_0)","decl":{"start":{"line":13,"column":17},"end":{"line":13,"column":18}},"loc":{"start":{"line":13,"column":40},"end":{"line":41,"column":1}},"line":13}},"branchMap":{"0":{"loc":{"start":{"line":18,"column":4},"end":{"line":40,"column":27}},"type":"if","locations":[{"start":{"line":18,"column":4},"end":{"line":40,"column":27}},{"start":{"line":40,"column":11},"end":{"line":40,"column":27}}],"line":18}},"s":{"0":9,"1":9,"2":9,"3":9,"4":9,"5":9,"6":9,"7":9,"8":9,"9":9,"10":9,"11":9,"12":2,"13":2,"14":2,"15":1,"16":1,"17":1,"18":1,"19":1},"f":{"0":2},"b":{"0":[1,1]},"_coverageSchema":"1a1c01bbd47fc00a2c39e90264f33305004495a9","hash":"4747065ccda345025bff403ffad6cacb06c4f92b"}
,"/volume1/server/buscobarbie_api/src/logic/user/registerUserWithAd.js": {"path":"/volume1/server/buscobarbie_api/src/logic/user/registerUserWithAd.js","statementMap":{"0":{"start":{"line":1,"column":27},"end":{"line":1,"column":44}},"1":{"start":{"line":17,"column":4},"end":{"line":17,"column":25}},"2":{"start":{"line":18,"column":21},"end":{"line":18,"column":44}},"3":{"start":{"line":19,"column":11},"end":{"line":19,"column":33}},"4":{"start":{"line":20,"column":19},"end":{"line":20,"column":40}},"5":{"start":{"line":21,"column":17},"end":{"line":21,"column":32}},"6":{"start":{"line":22,"column":20},"end":{"line":22,"column":53}},"7":{"start":{"line":23,"column":0},"end":{"line":23,"column":26}},"8":{"start":{"line":24,"column":12},"end":{"line":24,"column":35}},"9":{"start":{"line":25,"column":15},"end":{"line":25,"column":34}},"10":{"start":{"line":26,"column":19},"end":{"line":26,"column":41}},"11":{"start":{"line":27,"column":23},"end":{"line":27,"column":49}},"12":{"start":{"line":28,"column":18},"end":{"line":28,"column":39}},"13":{"start":{"line":29,"column":18},"end":{"line":29,"column":39}},"14":{"start":{"line":30,"column":18},"end":{"line":30,"column":39}},"15":{"start":{"line":31,"column":22},"end":{"line":31,"column":47}},"16":{"start":{"line":32,"column":16},"end":{"line":32,"column":35}},"17":{"start":{"line":34,"column":0},"end":{"line":189,"column":1}},"18":{"start":{"line":35,"column":4},"end":{"line":35,"column":33}},"19":{"start":{"line":36,"column":4},"end":{"line":36,"column":22}},"20":{"start":{"line":37,"column":4},"end":{"line":37,"column":30}},"21":{"start":{"line":38,"column":4},"end":{"line":38,"column":24}},"22":{"start":{"line":39,"column":4},"end":{"line":39,"column":24}},"23":{"start":{"line":40,"column":4},"end":{"line":40,"column":22}},"24":{"start":{"line":41,"column":4},"end":{"line":41,"column":30}},"25":{"start":{"line":42,"column":4},"end":{"line":42,"column":22}},"26":{"start":{"line":43,"column":4},"end":{"line":43,"column":30}},"27":{"start":{"line":44,"column":4},"end":{"line":44,"column":24}},"28":{"start":{"line":45,"column":4},"end":{"line":45,"column":34}},"29":{"start":{"line":46,"column":4},"end":{"line":46,"column":25}},"30":{"start":{"line":47,"column":4},"end":{"line":47,"column":22}},"31":{"start":{"line":48,"column":14},"end":{"line":48,"column":16}},"32":{"start":{"line":49,"column":4},"end":{"line":52,"column":5}},"33":{"start":{"line":50,"column":8},"end":{"line":50,"column":29}},"34":{"start":{"line":51,"column":8},"end":{"line":51,"column":25}},"35":{"start":{"line":54,"column":21},"end":{"line":58,"column":5}},"36":{"start":{"line":60,"column":22},"end":{"line":60,"column":55}},"37":{"start":{"line":61,"column":4},"end":{"line":61,"column":77}},"38":{"start":{"line":61,"column":30},"end":{"line":61,"column":77}},"39":{"start":{"line":63,"column":17},"end":{"line":63,"column":48}},"40":{"start":{"line":65,"column":17},"end":{"line":65,"column":67}},"41":{"start":{"line":67,"column":4},"end":{"line":67,"column":42}},"42":{"start":{"line":69,"column":15},"end":{"line":69,"column":115}},"43":{"start":{"line":72,"column":4},"end":{"line":72,"column":99}},"44":{"start":{"line":74,"column":4},"end":{"line":83,"column":5}},"45":{"start":{"line":76,"column":21},"end":{"line":76,"column":23}},"46":{"start":{"line":77,"column":8},"end":{"line":80,"column":9}},"47":{"start":{"line":77,"column":21},"end":{"line":77,"column":22}},"48":{"start":{"line":78,"column":12},"end":{"line":78,"column":102}},"49":{"start":{"line":79,"column":12},"end":{"line":79,"column":124}},"50":{"start":{"line":82,"column":8},"end":{"line":82,"column":69}},"51":{"start":{"line":87,"column":24},"end":{"line":95,"column":6}},"52":{"start":{"line":97,"column":18},"end":{"line":97,"column":77}},"53":{"start":{"line":99,"column":22},"end":{"line":178,"column":12}},"54":{"start":{"line":180,"column":17},"end":{"line":185,"column":6}},"55":{"start":{"line":187,"column":4},"end":{"line":187,"column":15}}},"fnMap":{"0":{"name":"(anonymous_0)","decl":{"start":{"line":34,"column":17},"end":{"line":34,"column":18}},"loc":{"start":{"line":34,"column":145},"end":{"line":189,"column":1}},"line":34}},"branchMap":{"0":{"loc":{"start":{"line":49,"column":4},"end":{"line":52,"column":5}},"type":"if","locations":[{"start":{"line":49,"column":4},"end":{"line":52,"column":5}},{"start":{},"end":{}}],"line":49},"1":{"loc":{"start":{"line":61,"column":4},"end":{"line":61,"column":77}},"type":"if","locations":[{"start":{"line":61,"column":4},"end":{"line":61,"column":77}},{"start":{},"end":{}}],"line":61},"2":{"loc":{"start":{"line":74,"column":4},"end":{"line":83,"column":5}},"type":"if","locations":[{"start":{"line":74,"column":4},"end":{"line":83,"column":5}},{"start":{},"end":{}}],"line":74},"3":{"loc":{"start":{"line":163,"column":41},"end":{"line":163,"column":91}},"type":"cond-expr","locations":[{"start":{"line":163,"column":65},"end":{"line":163,"column":78}},{"start":{"line":163,"column":81},"end":{"line":163,"column":91}}],"line":163},"4":{"loc":{"start":{"line":164,"column":51},"end":{"line":164,"column":106}},"type":"cond-expr","locations":[{"start":{"line":164,"column":70},"end":{"line":164,"column":86}},{"start":{"line":164,"column":89},"end":{"line":164,"column":106}}],"line":164},"5":{"loc":{"start":{"line":165,"column":55},"end":{"line":165,"column":94}},"type":"cond-expr","locations":[{"start":{"line":165,"column":66},"end":{"line":165,"column":74}},{"start":{"line":165,"column":77},"end":{"line":165,"column":94}}],"line":165},"6":{"loc":{"start":{"line":168,"column":53},"end":{"line":168,"column":108}},"type":"cond-expr","locations":[{"start":{"line":168,"column":63},"end":{"line":168,"column":70}},{"start":{"line":168,"column":73},"end":{"line":168,"column":108}}],"line":168},"7":{"loc":{"start":{"line":169,"column":65},"end":{"line":169,"column":121}},"type":"cond-expr","locations":[{"start":{"line":169,"column":82},"end":{"line":169,"column":100}},{"start":{"line":169,"column":103},"end":{"line":169,"column":121}}],"line":169},"8":{"loc":{"start":{"line":170,"column":65},"end":{"line":170,"column":100}},"type":"cond-expr","locations":[{"start":{"line":170,"column":81},"end":{"line":170,"column":94}},{"start":{"line":170,"column":97},"end":{"line":170,"column":100}}],"line":170}},"s":{"0":9,"1":9,"2":9,"3":9,"4":9,"5":9,"6":9,"7":9,"8":9,"9":9,"10":9,"11":9,"12":9,"13":9,"14":9,"15":9,"16":9,"17":9,"18":3,"19":3,"20":3,"21":3,"22":3,"23":3,"24":3,"25":3,"26":3,"27":3,"28":3,"29":3,"30":3,"31":3,"32":3,"33":1,"34":1,"35":3,"36":3,"37":3,"38":1,"39":2,"40":2,"41":2,"42":2,"43":2,"44":2,"45":1,"46":1,"47":1,"48":2,"49":2,"50":1,"51":2,"52":2,"53":2,"54":2,"55":2},"f":{"0":3},"b":{"0":[1,2],"1":[1,2],"2":[1,1],"3":[1,1],"4":[1,1],"5":[1,1],"6":[1,1],"7":[1,1],"8":[1,1]},"_coverageSchema":"1a1c01bbd47fc00a2c39e90264f33305004495a9","hash":"0f79e93bbe7ed7d91b7b5ac7f0ac2e9e9a4d0624"}
,"/volume1/server/buscobarbie_api/src/logic/user/updatePassword.js": {"path":"/volume1/server/buscobarbie_api/src/logic/user/updatePassword.js","statementMap":{"0":{"start":{"line":1,"column":57},"end":{"line":1,"column":74}},"1":{"start":{"line":2,"column":17},"end":{"line":2,"column":40}},"2":{"start":{"line":3,"column":29},"end":{"line":3,"column":50}},"3":{"start":{"line":4,"column":29},"end":{"line":4,"column":51}},"4":{"start":{"line":5,"column":15},"end":{"line":5,"column":34}},"5":{"start":{"line":23,"column":0},"end":{"line":43,"column":1}},"6":{"start":{"line":24,"column":4},"end":{"line":24,"column":28}},"7":{"start":{"line":25,"column":4},"end":{"line":25,"column":27}},"8":{"start":{"line":26,"column":4},"end":{"line":26,"column":27}},"9":{"start":{"line":28,"column":4},"end":{"line":28,"column":78}},"10":{"start":{"line":28,"column":25},"end":{"line":28,"column":78}},"11":{"start":{"line":30,"column":4},"end":{"line":42,"column":23}},"12":{"start":{"line":32,"column":12},"end":{"line":32,"column":48}},"13":{"start":{"line":35,"column":12},"end":{"line":35,"column":82}},"14":{"start":{"line":35,"column":23},"end":{"line":35,"column":82}},"15":{"start":{"line":36,"column":12},"end":{"line":40,"column":18}},"16":{"start":{"line":38,"column":20},"end":{"line":38,"column":40}},"17":{"start":{"line":39,"column":20},"end":{"line":39,"column":38}}},"fnMap":{"0":{"name":"(anonymous_0)","decl":{"start":{"line":23,"column":17},"end":{"line":23,"column":18}},"loc":{"start":{"line":23,"column":49},"end":{"line":43,"column":1}},"line":23},"1":{"name":"(anonymous_1)","decl":{"start":{"line":31,"column":15},"end":{"line":31,"column":16}},"loc":{"start":{"line":31,"column":24},"end":{"line":33,"column":9}},"line":31},"2":{"name":"(anonymous_2)","decl":{"start":{"line":34,"column":14},"end":{"line":34,"column":15}},"loc":{"start":{"line":34,"column":22},"end":{"line":41,"column":9}},"line":34},"3":{"name":"(anonymous_3)","decl":{"start":{"line":37,"column":22},"end":{"line":37,"column":23}},"loc":{"start":{"line":37,"column":30},"end":{"line":40,"column":17}},"line":37},"4":{"name":"(anonymous_4)","decl":{"start":{"line":42,"column":14},"end":{"line":42,"column":15}},"loc":{"start":{"line":42,"column":20},"end":{"line":42,"column":22}},"line":42}},"branchMap":{"0":{"loc":{"start":{"line":28,"column":4},"end":{"line":28,"column":78}},"type":"if","locations":[{"start":{"line":28,"column":4},"end":{"line":28,"column":78}},{"start":{},"end":{}}],"line":28},"1":{"loc":{"start":{"line":35,"column":12},"end":{"line":35,"column":82}},"type":"if","locations":[{"start":{"line":35,"column":12},"end":{"line":35,"column":82}},{"start":{},"end":{}}],"line":35}},"s":{"0":9,"1":9,"2":9,"3":9,"4":9,"5":9,"6":3,"7":3,"8":3,"9":3,"10":1,"11":2,"12":0,"13":2,"14":1,"15":1,"16":1,"17":1},"f":{"0":3,"1":0,"2":2,"3":1,"4":1},"b":{"0":[1,2],"1":[1,1]},"_coverageSchema":"1a1c01bbd47fc00a2c39e90264f33305004495a9","hash":"57c7aa2b95ef1f06878211e9c572252664604202"}
,"/volume1/server/buscobarbie_api/src/logic/user/updateUser.js": {"path":"/volume1/server/buscobarbie_api/src/logic/user/updateUser.js","statementMap":{"0":{"start":{"line":1,"column":29},"end":{"line":1,"column":51}},"1":{"start":{"line":2,"column":43},"end":{"line":2,"column":64}},"2":{"start":{"line":3,"column":17},"end":{"line":3,"column":40}},"3":{"start":{"line":4,"column":26},"end":{"line":4,"column":43}},"4":{"start":{"line":5,"column":15},"end":{"line":5,"column":34}},"5":{"start":{"line":7,"column":0},"end":{"line":29,"column":1}},"6":{"start":{"line":8,"column":4},"end":{"line":8,"column":24}},"7":{"start":{"line":9,"column":4},"end":{"line":9,"column":22}},"8":{"start":{"line":10,"column":4},"end":{"line":28,"column":5}},"9":{"start":{"line":11,"column":8},"end":{"line":11,"column":34}},"10":{"start":{"line":13,"column":21},"end":{"line":13,"column":52}},"11":{"start":{"line":15,"column":21},"end":{"line":15,"column":101}},"12":{"start":{"line":17,"column":8},"end":{"line":17,"column":60}},"13":{"start":{"line":17,"column":19},"end":{"line":17,"column":60}},"14":{"start":{"line":19,"column":8},"end":{"line":19,"column":19}},"15":{"start":{"line":23,"column":21},"end":{"line":23,"column":85}},"16":{"start":{"line":25,"column":8},"end":{"line":25,"column":60}},"17":{"start":{"line":25,"column":19},"end":{"line":25,"column":60}},"18":{"start":{"line":27,"column":8},"end":{"line":27,"column":19}}},"fnMap":{"0":{"name":"(anonymous_0)","decl":{"start":{"line":7,"column":17},"end":{"line":7,"column":18}},"loc":{"start":{"line":7,"column":53},"end":{"line":29,"column":1}},"line":7}},"branchMap":{"0":{"loc":{"start":{"line":10,"column":4},"end":{"line":28,"column":5}},"type":"if","locations":[{"start":{"line":10,"column":4},"end":{"line":28,"column":5}},{"start":{"line":22,"column":9},"end":{"line":28,"column":5}}],"line":10},"1":{"loc":{"start":{"line":17,"column":8},"end":{"line":17,"column":60}},"type":"if","locations":[{"start":{"line":17,"column":8},"end":{"line":17,"column":60}},{"start":{},"end":{}}],"line":17},"2":{"loc":{"start":{"line":25,"column":8},"end":{"line":25,"column":60}},"type":"if","locations":[{"start":{"line":25,"column":8},"end":{"line":25,"column":60}},{"start":{},"end":{}}],"line":25}},"s":{"0":9,"1":9,"2":9,"3":9,"4":9,"5":9,"6":4,"7":4,"8":4,"9":2,"10":2,"11":2,"12":2,"13":1,"14":1,"15":2,"16":2,"17":1,"18":1},"f":{"0":4},"b":{"0":[2,2],"1":[1,1],"2":[1,1]},"_coverageSchema":"1a1c01bbd47fc00a2c39e90264f33305004495a9","hash":"c1886718b97e9a62afc4c7044045be9fd645ff88"}
,"/volume1/server/buscobarbie_api/src/logic/user/verifyUser.js": {"path":"/volume1/server/buscobarbie_api/src/logic/user/verifyUser.js","statementMap":{"0":{"start":{"line":1,"column":44},"end":{"line":1,"column":61}},"1":{"start":{"line":2,"column":17},"end":{"line":2,"column":40}},"2":{"start":{"line":3,"column":29},"end":{"line":3,"column":51}},"3":{"start":{"line":5,"column":0},"end":{"line":14,"column":1}},"4":{"start":{"line":6,"column":4},"end":{"line":6,"column":24}},"5":{"start":{"line":8,"column":4},"end":{"line":13,"column":10}},"6":{"start":{"line":10,"column":12},"end":{"line":10,"column":64}},"7":{"start":{"line":10,"column":23},"end":{"line":10,"column":64}},"8":{"start":{"line":11,"column":12},"end":{"line":11,"column":91}},"9":{"start":{"line":11,"column":40},"end":{"line":11,"column":91}},"10":{"start":{"line":12,"column":12},"end":{"line":12,"column":76}}},"fnMap":{"0":{"name":"(anonymous_0)","decl":{"start":{"line":5,"column":17},"end":{"line":5,"column":18}},"loc":{"start":{"line":5,"column":31},"end":{"line":14,"column":1}},"line":5},"1":{"name":"(anonymous_1)","decl":{"start":{"line":9,"column":14},"end":{"line":9,"column":15}},"loc":{"start":{"line":9,"column":22},"end":{"line":13,"column":9}},"line":9}},"branchMap":{"0":{"loc":{"start":{"line":10,"column":12},"end":{"line":10,"column":64}},"type":"if","locations":[{"start":{"line":10,"column":12},"end":{"line":10,"column":64}},{"start":{},"end":{}}],"line":10},"1":{"loc":{"start":{"line":11,"column":12},"end":{"line":11,"column":91}},"type":"if","locations":[{"start":{"line":11,"column":12},"end":{"line":11,"column":91}},{"start":{},"end":{}}],"line":11}},"s":{"0":9,"1":9,"2":9,"3":9,"4":3,"5":3,"6":3,"7":1,"8":2,"9":1,"10":1},"f":{"0":3,"1":3},"b":{"0":[1,2],"1":[1,1]},"_coverageSchema":"1a1c01bbd47fc00a2c39e90264f33305004495a9","hash":"352d1e0f5bd09b31819abb8a1a27a8ae9b0f1ac3"}
,"/volume1/server/buscobarbie_api/src/logic/userAds/deleteAd.js": {"path":"/volume1/server/buscobarbie_api/src/logic/userAds/deleteAd.js","statementMap":{"0":{"start":{"line":1,"column":39},"end":{"line":1,"column":56}},"1":{"start":{"line":2,"column":21},"end":{"line":2,"column":44}},"2":{"start":{"line":3,"column":29},"end":{"line":3,"column":51}},"3":{"start":{"line":4,"column":11},"end":{"line":4,"column":33}},"4":{"start":{"line":6,"column":0},"end":{"line":30,"column":1}},"5":{"start":{"line":7,"column":4},"end":{"line":7,"column":28}},"6":{"start":{"line":8,"column":4},"end":{"line":8,"column":26}},"7":{"start":{"line":10,"column":17},"end":{"line":10,"column":51}},"8":{"start":{"line":11,"column":4},"end":{"line":11,"column":56}},"9":{"start":{"line":11,"column":15},"end":{"line":11,"column":56}},"10":{"start":{"line":13,"column":21},"end":{"line":13,"column":61}},"11":{"start":{"line":14,"column":19},"end":{"line":14,"column":34}},"12":{"start":{"line":16,"column":4},"end":{"line":21,"column":5}},"13":{"start":{"line":16,"column":17},"end":{"line":16,"column":18}},"14":{"start":{"line":17,"column":8},"end":{"line":20,"column":9}},"15":{"start":{"line":18,"column":12},"end":{"line":18,"column":45}},"16":{"start":{"line":19,"column":12},"end":{"line":19,"column":84}},"17":{"start":{"line":23,"column":21},"end":{"line":23,"column":61}},"18":{"start":{"line":24,"column":19},"end":{"line":24,"column":34}},"19":{"start":{"line":26,"column":4},"end":{"line":27,"column":59}},"20":{"start":{"line":27,"column":8},"end":{"line":27,"column":59}},"21":{"start":{"line":29,"column":4},"end":{"line":29,"column":19}}},"fnMap":{"0":{"name":"(anonymous_0)","decl":{"start":{"line":6,"column":17},"end":{"line":6,"column":18}},"loc":{"start":{"line":6,"column":47},"end":{"line":30,"column":1}},"line":6}},"branchMap":{"0":{"loc":{"start":{"line":11,"column":4},"end":{"line":11,"column":56}},"type":"if","locations":[{"start":{"line":11,"column":4},"end":{"line":11,"column":56}},{"start":{},"end":{}}],"line":11},"1":{"loc":{"start":{"line":17,"column":8},"end":{"line":20,"column":9}},"type":"if","locations":[{"start":{"line":17,"column":8},"end":{"line":20,"column":9}},{"start":{},"end":{}}],"line":17},"2":{"loc":{"start":{"line":26,"column":4},"end":{"line":27,"column":59}},"type":"if","locations":[{"start":{"line":26,"column":4},"end":{"line":27,"column":59}},{"start":{},"end":{}}],"line":26}},"s":{"0":9,"1":9,"2":9,"3":9,"4":9,"5":0,"6":0,"7":0,"8":0,"9":0,"10":0,"11":0,"12":0,"13":0,"14":0,"15":0,"16":0,"17":0,"18":0,"19":0,"20":0,"21":0},"f":{"0":0},"b":{"0":[0,0],"1":[0,0],"2":[0,0]},"_coverageSchema":"1a1c01bbd47fc00a2c39e90264f33305004495a9","hash":"5c51c401f3552e4c7b7211689494026651b24112"}
,"/volume1/server/buscobarbie_api/src/logic/userAds/newUserAd.js": {"path":"/volume1/server/buscobarbie_api/src/logic/userAds/newUserAd.js","statementMap":{"0":{"start":{"line":1,"column":38},"end":{"line":1,"column":55}},"1":{"start":{"line":2,"column":21},"end":{"line":2,"column":44}},"2":{"start":{"line":3,"column":19},"end":{"line":3,"column":41}},"3":{"start":{"line":4,"column":29},"end":{"line":4,"column":51}},"4":{"start":{"line":17,"column":4},"end":{"line":17,"column":25}},"5":{"start":{"line":18,"column":23},"end":{"line":18,"column":49}},"6":{"start":{"line":19,"column":11},"end":{"line":19,"column":33}},"7":{"start":{"line":20,"column":0},"end":{"line":73,"column":1}},"8":{"start":{"line":21,"column":4},"end":{"line":21,"column":21}},"9":{"start":{"line":22,"column":4},"end":{"line":22,"column":24}},"10":{"start":{"line":23,"column":4},"end":{"line":23,"column":22}},"11":{"start":{"line":24,"column":4},"end":{"line":24,"column":30}},"12":{"start":{"line":25,"column":4},"end":{"line":25,"column":22}},"13":{"start":{"line":26,"column":4},"end":{"line":26,"column":30}},"14":{"start":{"line":27,"column":4},"end":{"line":27,"column":24}},"15":{"start":{"line":28,"column":4},"end":{"line":28,"column":34}},"16":{"start":{"line":29,"column":4},"end":{"line":29,"column":24}},"17":{"start":{"line":30,"column":4},"end":{"line":30,"column":33}},"18":{"start":{"line":31,"column":4},"end":{"line":31,"column":32}},"19":{"start":{"line":31,"column":14},"end":{"line":31,"column":32}},"20":{"start":{"line":32,"column":14},"end":{"line":32,"column":16}},"21":{"start":{"line":33,"column":4},"end":{"line":36,"column":5}},"22":{"start":{"line":34,"column":8},"end":{"line":34,"column":29}},"23":{"start":{"line":35,"column":8},"end":{"line":35,"column":25}},"24":{"start":{"line":37,"column":4},"end":{"line":37,"column":44}},"25":{"start":{"line":37,"column":23},"end":{"line":37,"column":44}},"26":{"start":{"line":39,"column":17},"end":{"line":39,"column":47}},"27":{"start":{"line":40,"column":4},"end":{"line":40,"column":56}},"28":{"start":{"line":40,"column":15},"end":{"line":40,"column":56}},"29":{"start":{"line":42,"column":21},"end":{"line":46,"column":5}},"30":{"start":{"line":48,"column":18},"end":{"line":48,"column":61}},"31":{"start":{"line":50,"column":4},"end":{"line":50,"column":76}},"32":{"start":{"line":50,"column":20},"end":{"line":50,"column":76}},"33":{"start":{"line":52,"column":15},"end":{"line":52,"column":116}},"34":{"start":{"line":54,"column":4},"end":{"line":54,"column":53}},"35":{"start":{"line":56,"column":17},"end":{"line":56,"column":19}},"36":{"start":{"line":57,"column":4},"end":{"line":63,"column":5}},"37":{"start":{"line":59,"column":8},"end":{"line":62,"column":9}},"38":{"start":{"line":59,"column":21},"end":{"line":59,"column":22}},"39":{"start":{"line":60,"column":12},"end":{"line":60,"column":86}},"40":{"start":{"line":61,"column":12},"end":{"line":61,"column":99}},"41":{"start":{"line":66,"column":4},"end":{"line":66,"column":19}},"42":{"start":{"line":68,"column":4},"end":{"line":68,"column":19}},"43":{"start":{"line":70,"column":16},"end":{"line":70,"column":50}},"44":{"start":{"line":72,"column":4},"end":{"line":72,"column":14}}},"fnMap":{"0":{"name":"(anonymous_0)","decl":{"start":{"line":20,"column":17},"end":{"line":20,"column":18}},"loc":{"start":{"line":20,"column":126},"end":{"line":73,"column":1}},"line":20}},"branchMap":{"0":{"loc":{"start":{"line":31,"column":4},"end":{"line":31,"column":32}},"type":"if","locations":[{"start":{"line":31,"column":4},"end":{"line":31,"column":32}},{"start":{},"end":{}}],"line":31},"1":{"loc":{"start":{"line":33,"column":4},"end":{"line":36,"column":5}},"type":"if","locations":[{"start":{"line":33,"column":4},"end":{"line":36,"column":5}},{"start":{},"end":{}}],"line":33},"2":{"loc":{"start":{"line":37,"column":4},"end":{"line":37,"column":44}},"type":"if","locations":[{"start":{"line":37,"column":4},"end":{"line":37,"column":44}},{"start":{},"end":{}}],"line":37},"3":{"loc":{"start":{"line":40,"column":4},"end":{"line":40,"column":56}},"type":"if","locations":[{"start":{"line":40,"column":4},"end":{"line":40,"column":56}},{"start":{},"end":{}}],"line":40},"4":{"loc":{"start":{"line":50,"column":4},"end":{"line":50,"column":76}},"type":"if","locations":[{"start":{"line":50,"column":4},"end":{"line":50,"column":76}},{"start":{},"end":{}}],"line":50},"5":{"loc":{"start":{"line":57,"column":4},"end":{"line":63,"column":5}},"type":"if","locations":[{"start":{"line":57,"column":4},"end":{"line":63,"column":5}},{"start":{},"end":{}}],"line":57}},"s":{"0":9,"1":9,"2":9,"3":9,"4":9,"5":9,"6":9,"7":9,"8":0,"9":0,"10":0,"11":0,"12":0,"13":0,"14":0,"15":0,"16":0,"17":0,"18":0,"19":0,"20":0,"21":0,"22":0,"23":0,"24":0,"25":0,"26":0,"27":0,"28":0,"29":0,"30":0,"31":0,"32":0,"33":0,"34":0,"35":0,"36":0,"37":0,"38":0,"39":0,"40":0,"41":0,"42":0,"43":0,"44":0},"f":{"0":0},"b":{"0":[0,0],"1":[0,0],"2":[0,0],"3":[0,0],"4":[0,0],"5":[0,0]},"_coverageSchema":"1a1c01bbd47fc00a2c39e90264f33305004495a9","hash":"6dd4f6569c9c7889b49dbb323e136fe9d7c30cf9"}
,"/volume1/server/buscobarbie_api/src/logic/userAds/retrieveUserWithAds.js": {"path":"/volume1/server/buscobarbie_api/src/logic/userAds/retrieveUserWithAds.js","statementMap":{"0":{"start":{"line":1,"column":26},"end":{"line":1,"column":43}},"1":{"start":{"line":2,"column":21},"end":{"line":2,"column":44}},"2":{"start":{"line":4,"column":0},"end":{"line":13,"column":1}},"3":{"start":{"line":5,"column":17},"end":{"line":5,"column":74}},"4":{"start":{"line":6,"column":4},"end":{"line":6,"column":56}},"5":{"start":{"line":6,"column":15},"end":{"line":6,"column":56}},"6":{"start":{"line":7,"column":18},"end":{"line":7,"column":61}},"7":{"start":{"line":8,"column":16},"end":{"line":8,"column":67}},"8":{"start":{"line":10,"column":17},"end":{"line":10,"column":37}},"9":{"start":{"line":12,"column":4},"end":{"line":12,"column":15}}},"fnMap":{"0":{"name":"(anonymous_0)","decl":{"start":{"line":4,"column":17},"end":{"line":4,"column":18}},"loc":{"start":{"line":4,"column":41},"end":{"line":13,"column":1}},"line":4}},"branchMap":{"0":{"loc":{"start":{"line":6,"column":4},"end":{"line":6,"column":56}},"type":"if","locations":[{"start":{"line":6,"column":4},"end":{"line":6,"column":56}},{"start":{},"end":{}}],"line":6}},"s":{"0":9,"1":9,"2":9,"3":0,"4":0,"5":0,"6":0,"7":0,"8":0,"9":0},"f":{"0":0},"b":{"0":[0,0]},"_coverageSchema":"1a1c01bbd47fc00a2c39e90264f33305004495a9","hash":"180ebd6691ba1dcc78974769906565a9f6590681"}
,"/volume1/server/buscobarbie_api/src/logic/userAds/updateAd.js": {"path":"/volume1/server/buscobarbie_api/src/logic/userAds/updateAd.js","statementMap":{"0":{"start":{"line":1,"column":44},"end":{"line":1,"column":61}},"1":{"start":{"line":2,"column":21},"end":{"line":2,"column":44}},"2":{"start":{"line":3,"column":13},"end":{"line":3,"column":28}},"3":{"start":{"line":4,"column":29},"end":{"line":4,"column":51}},"4":{"start":{"line":16,"column":4},"end":{"line":16,"column":25}},"5":{"start":{"line":17,"column":23},"end":{"line":17,"column":49}},"6":{"start":{"line":18,"column":11},"end":{"line":18,"column":33}},"7":{"start":{"line":19,"column":0},"end":{"line":83,"column":1}},"8":{"start":{"line":20,"column":4},"end":{"line":20,"column":24}},"9":{"start":{"line":21,"column":4},"end":{"line":21,"column":22}},"10":{"start":{"line":22,"column":4},"end":{"line":22,"column":30}},"11":{"start":{"line":23,"column":4},"end":{"line":23,"column":22}},"12":{"start":{"line":24,"column":4},"end":{"line":24,"column":30}},"13":{"start":{"line":25,"column":4},"end":{"line":25,"column":24}},"14":{"start":{"line":26,"column":4},"end":{"line":26,"column":34}},"15":{"start":{"line":27,"column":4},"end":{"line":27,"column":28}},"16":{"start":{"line":28,"column":4},"end":{"line":28,"column":26}},"17":{"start":{"line":29,"column":4},"end":{"line":29,"column":32}},"18":{"start":{"line":29,"column":14},"end":{"line":29,"column":32}},"19":{"start":{"line":30,"column":14},"end":{"line":30,"column":16}},"20":{"start":{"line":31,"column":4},"end":{"line":34,"column":5}},"21":{"start":{"line":32,"column":8},"end":{"line":32,"column":29}},"22":{"start":{"line":33,"column":8},"end":{"line":33,"column":25}},"23":{"start":{"line":35,"column":4},"end":{"line":35,"column":44}},"24":{"start":{"line":35,"column":23},"end":{"line":35,"column":44}},"25":{"start":{"line":37,"column":17},"end":{"line":37,"column":51}},"26":{"start":{"line":38,"column":4},"end":{"line":38,"column":56}},"27":{"start":{"line":38,"column":15},"end":{"line":38,"column":56}},"28":{"start":{"line":40,"column":15},"end":{"line":40,"column":38}},"29":{"start":{"line":41,"column":4},"end":{"line":41,"column":52}},"30":{"start":{"line":41,"column":13},"end":{"line":41,"column":52}},"31":{"start":{"line":42,"column":4},"end":{"line":42,"column":95}},"32":{"start":{"line":42,"column":39},"end":{"line":42,"column":95}},"33":{"start":{"line":44,"column":4},"end":{"line":44,"column":20}},"34":{"start":{"line":45,"column":4},"end":{"line":45,"column":18}},"35":{"start":{"line":46,"column":4},"end":{"line":46,"column":35}},"36":{"start":{"line":47,"column":4},"end":{"line":47,"column":27}},"37":{"start":{"line":48,"column":4},"end":{"line":48,"column":20}},"38":{"start":{"line":49,"column":4},"end":{"line":49,"column":20}},"39":{"start":{"line":50,"column":4},"end":{"line":50,"column":30}},"40":{"start":{"line":51,"column":4},"end":{"line":51,"column":23}},"41":{"start":{"line":52,"column":4},"end":{"line":52,"column":17}},"42":{"start":{"line":53,"column":4},"end":{"line":53,"column":18}},"43":{"start":{"line":54,"column":4},"end":{"line":54,"column":30}},"44":{"start":{"line":57,"column":18},"end":{"line":57,"column":62}},"45":{"start":{"line":58,"column":23},"end":{"line":58,"column":56}},"46":{"start":{"line":59,"column":4},"end":{"line":62,"column":6}},"47":{"start":{"line":60,"column":8},"end":{"line":61,"column":62}},"48":{"start":{"line":61,"column":12},"end":{"line":61,"column":62}},"49":{"start":{"line":64,"column":17},"end":{"line":64,"column":19}},"50":{"start":{"line":65,"column":4},"end":{"line":71,"column":5}},"51":{"start":{"line":67,"column":8},"end":{"line":70,"column":9}},"52":{"start":{"line":67,"column":21},"end":{"line":67,"column":22}},"53":{"start":{"line":68,"column":12},"end":{"line":68,"column":78}},"54":{"start":{"line":69,"column":12},"end":{"line":69,"column":91}},"55":{"start":{"line":74,"column":4},"end":{"line":74,"column":19}},"56":{"start":{"line":76,"column":4},"end":{"line":76,"column":31}},"57":{"start":{"line":78,"column":4},"end":{"line":78,"column":19}},"58":{"start":{"line":80,"column":16},"end":{"line":80,"column":50}},"59":{"start":{"line":82,"column":4},"end":{"line":82,"column":14}}},"fnMap":{"0":{"name":"(anonymous_0)","decl":{"start":{"line":19,"column":17},"end":{"line":19,"column":18}},"loc":{"start":{"line":19,"column":122},"end":{"line":83,"column":1}},"line":19},"1":{"name":"(anonymous_1)","decl":{"start":{"line":59,"column":17},"end":{"line":59,"column":18}},"loc":{"start":{"line":59,"column":31},"end":{"line":62,"column":5}},"line":59}},"branchMap":{"0":{"loc":{"start":{"line":29,"column":4},"end":{"line":29,"column":32}},"type":"if","locations":[{"start":{"line":29,"column":4},"end":{"line":29,"column":32}},{"start":{},"end":{}}],"line":29},"1":{"loc":{"start":{"line":31,"column":4},"end":{"line":34,"column":5}},"type":"if","locations":[{"start":{"line":31,"column":4},"end":{"line":34,"column":5}},{"start":{},"end":{}}],"line":31},"2":{"loc":{"start":{"line":35,"column":4},"end":{"line":35,"column":44}},"type":"if","locations":[{"start":{"line":35,"column":4},"end":{"line":35,"column":44}},{"start":{},"end":{}}],"line":35},"3":{"loc":{"start":{"line":38,"column":4},"end":{"line":38,"column":56}},"type":"if","locations":[{"start":{"line":38,"column":4},"end":{"line":38,"column":56}},{"start":{},"end":{}}],"line":38},"4":{"loc":{"start":{"line":41,"column":4},"end":{"line":41,"column":52}},"type":"if","locations":[{"start":{"line":41,"column":4},"end":{"line":41,"column":52}},{"start":{},"end":{}}],"line":41},"5":{"loc":{"start":{"line":42,"column":4},"end":{"line":42,"column":95}},"type":"if","locations":[{"start":{"line":42,"column":4},"end":{"line":42,"column":95}},{"start":{},"end":{}}],"line":42},"6":{"loc":{"start":{"line":60,"column":8},"end":{"line":61,"column":62}},"type":"if","locations":[{"start":{"line":60,"column":8},"end":{"line":61,"column":62}},{"start":{},"end":{}}],"line":60},"7":{"loc":{"start":{"line":65,"column":4},"end":{"line":71,"column":5}},"type":"if","locations":[{"start":{"line":65,"column":4},"end":{"line":71,"column":5}},{"start":{},"end":{}}],"line":65}},"s":{"0":9,"1":9,"2":9,"3":9,"4":9,"5":9,"6":9,"7":9,"8":0,"9":0,"10":0,"11":0,"12":0,"13":0,"14":0,"15":0,"16":0,"17":0,"18":0,"19":0,"20":0,"21":0,"22":0,"23":0,"24":0,"25":0,"26":0,"27":0,"28":0,"29":0,"30":0,"31":0,"32":0,"33":0,"34":0,"35":0,"36":0,"37":0,"38":0,"39":0,"40":0,"41":0,"42":0,"43":0,"44":0,"45":0,"46":0,"47":0,"48":0,"49":0,"50":0,"51":0,"52":0,"53":0,"54":0,"55":0,"56":0,"57":0,"58":0,"59":0},"f":{"0":0,"1":0},"b":{"0":[0,0],"1":[0,0],"2":[0,0],"3":[0,0],"4":[0,0],"5":[0,0],"6":[0,0],"7":[0,0]},"_coverageSchema":"1a1c01bbd47fc00a2c39e90264f33305004495a9","hash":"51d50a515308486bcbe7e0066d2ca4bd7d7ff861"}
,"/volume1/server/buscobarbie_api/src/logic/userAds/updateAdVisibility.js": {"path":"/volume1/server/buscobarbie_api/src/logic/userAds/updateAdVisibility.js","statementMap":{"0":{"start":{"line":1,"column":31},"end":{"line":1,"column":52}},"1":{"start":{"line":2,"column":21},"end":{"line":2,"column":44}},"2":{"start":{"line":3,"column":29},"end":{"line":3,"column":51}},"3":{"start":{"line":4,"column":44},"end":{"line":4,"column":61}},"4":{"start":{"line":6,"column":0},"end":{"line":22,"column":1}},"5":{"start":{"line":7,"column":4},"end":{"line":7,"column":34}},"6":{"start":{"line":8,"column":4},"end":{"line":8,"column":28}},"7":{"start":{"line":9,"column":4},"end":{"line":9,"column":26}},"8":{"start":{"line":11,"column":17},"end":{"line":11,"column":51}},"9":{"start":{"line":12,"column":4},"end":{"line":12,"column":56}},"10":{"start":{"line":12,"column":15},"end":{"line":12,"column":56}},"11":{"start":{"line":14,"column":15},"end":{"line":14,"column":45}},"12":{"start":{"line":15,"column":4},"end":{"line":15,"column":52}},"13":{"start":{"line":15,"column":13},"end":{"line":15,"column":52}},"14":{"start":{"line":17,"column":4},"end":{"line":17,"column":95}},"15":{"start":{"line":17,"column":39},"end":{"line":17,"column":95}},"16":{"start":{"line":19,"column":4},"end":{"line":19,"column":63}},"17":{"start":{"line":21,"column":4},"end":{"line":21,"column":49}}},"fnMap":{"0":{"name":"(anonymous_0)","decl":{"start":{"line":6,"column":17},"end":{"line":6,"column":18}},"loc":{"start":{"line":6,"column":59},"end":{"line":22,"column":1}},"line":6}},"branchMap":{"0":{"loc":{"start":{"line":12,"column":4},"end":{"line":12,"column":56}},"type":"if","locations":[{"start":{"line":12,"column":4},"end":{"line":12,"column":56}},{"start":{},"end":{}}],"line":12},"1":{"loc":{"start":{"line":15,"column":4},"end":{"line":15,"column":52}},"type":"if","locations":[{"start":{"line":15,"column":4},"end":{"line":15,"column":52}},{"start":{},"end":{}}],"line":15},"2":{"loc":{"start":{"line":17,"column":4},"end":{"line":17,"column":95}},"type":"if","locations":[{"start":{"line":17,"column":4},"end":{"line":17,"column":95}},{"start":{},"end":{}}],"line":17}},"s":{"0":9,"1":9,"2":9,"3":9,"4":9,"5":0,"6":0,"7":0,"8":0,"9":0,"10":0,"11":0,"12":0,"13":0,"14":0,"15":0,"16":0,"17":0},"f":{"0":0},"b":{"0":[0,0],"1":[0,0],"2":[0,0]},"_coverageSchema":"1a1c01bbd47fc00a2c39e90264f33305004495a9","hash":"35e2265aac92f14b7883c89e5983fe27e3edd9c6"}
,"/volume1/server/buscobarbie_api/src/models/Ad.js": {"path":"/volume1/server/buscobarbie_api/src/models/Ad.js","statementMap":{"0":{"start":{"line":1,"column":17},"end":{"line":1,"column":36}},"1":{"start":{"line":2,"column":47},"end":{"line":2,"column":55}},"2":{"start":{"line":4,"column":0},"end":{"line":100,"column":3}},"3":{"start":{"line":15,"column":16},"end":{"line":15,"column":37}},"4":{"start":{"line":24,"column":16},"end":{"line":24,"column":38}},"5":{"start":{"line":44,"column":20},"end":{"line":44,"column":41}},"6":{"start":{"line":54,"column":16},"end":{"line":54,"column":37}},"7":{"start":{"line":63,"column":16},"end":{"line":63,"column":36}}},"fnMap":{"0":{"name":"(anonymous_0)","decl":{"start":{"line":14,"column":23},"end":{"line":14,"column":24}},"loc":{"start":{"line":14,"column":35},"end":{"line":16,"column":13}},"line":14},"1":{"name":"(anonymous_1)","decl":{"start":{"line":23,"column":23},"end":{"line":23,"column":24}},"loc":{"start":{"line":23,"column":35},"end":{"line":25,"column":13}},"line":23},"2":{"name":"(anonymous_2)","decl":{"start":{"line":43,"column":27},"end":{"line":43,"column":28}},"loc":{"start":{"line":43,"column":39},"end":{"line":45,"column":17}},"line":43},"3":{"name":"(anonymous_3)","decl":{"start":{"line":53,"column":23},"end":{"line":53,"column":24}},"loc":{"start":{"line":53,"column":35},"end":{"line":55,"column":13}},"line":53},"4":{"name":"(anonymous_4)","decl":{"start":{"line":62,"column":23},"end":{"line":62,"column":24}},"loc":{"start":{"line":62,"column":35},"end":{"line":64,"column":13}},"line":62}},"branchMap":{},"s":{"0":9,"1":9,"2":9,"3":3,"4":3,"5":0,"6":3,"7":3},"f":{"0":3,"1":3,"2":0,"3":3,"4":3},"b":{},"_coverageSchema":"1a1c01bbd47fc00a2c39e90264f33305004495a9","hash":"d6e77b1f9d4322cbfdeb04fb7fa3a2e0449df5d5"}
,"/volume1/server/buscobarbie_api/src/models/Blacklist.js": {"path":"/volume1/server/buscobarbie_api/src/models/Blacklist.js","statementMap":{"0":{"start":{"line":1,"column":26},"end":{"line":1,"column":45}},"1":{"start":{"line":3,"column":0},"end":{"line":13,"column":3}}},"fnMap":{},"branchMap":{},"s":{"0":9,"1":9},"f":{},"b":{},"_coverageSchema":"1a1c01bbd47fc00a2c39e90264f33305004495a9","hash":"2fff5ccfdc62a17131b6e574ad33b9921a730440"}
,"/volume1/server/buscobarbie_api/src/models/User.js": {"path":"/volume1/server/buscobarbie_api/src/models/User.js","statementMap":{"0":{"start":{"line":1,"column":17},"end":{"line":1,"column":36}},"1":{"start":{"line":2,"column":26},"end":{"line":2,"column":34}},"2":{"start":{"line":4,"column":0},"end":{"line":41,"column":3}},"3":{"start":{"line":10,"column":16},"end":{"line":10,"column":37}},"4":{"start":{"line":20,"column":16},"end":{"line":20,"column":37}}},"fnMap":{"0":{"name":"(anonymous_0)","decl":{"start":{"line":9,"column":23},"end":{"line":9,"column":24}},"loc":{"start":{"line":9,"column":35},"end":{"line":11,"column":13}},"line":9},"1":{"name":"(anonymous_1)","decl":{"start":{"line":19,"column":23},"end":{"line":19,"column":24}},"loc":{"start":{"line":19,"column":35},"end":{"line":21,"column":13}},"line":19}},"branchMap":{},"s":{"0":9,"1":9,"2":9,"3":25,"4":25},"f":{"0":25,"1":25},"b":{},"_coverageSchema":"1a1c01bbd47fc00a2c39e90264f33305004495a9","hash":"0cc0ef7c1faea5eeb1c7c0eb019529708b9c7e72"}
,"/volume1/server/buscobarbie_api/src/models/index.js": {"path":"/volume1/server/buscobarbie_api/src/models/index.js","statementMap":{"0":{"start":{"line":1,"column":0},"end":{"line":5,"column":1}}},"fnMap":{},"branchMap":{},"s":{"0":9},"f":{},"b":{},"_coverageSchema":"1a1c01bbd47fc00a2c39e90264f33305004495a9","hash":"e2f74c7ea80fd5834ddd41019134768944bdbbc9"}
,"/volume1/server/buscobarbie_api/src/utils/errorHandler.js": {"path":"/volume1/server/buscobarbie_api/src/utils/errorHandler.js","statementMap":{"0":{"start":{"line":11,"column":4},"end":{"line":11,"column":21}},"1":{"start":{"line":12,"column":15},"end":{"line":12,"column":34}},"2":{"start":{"line":14,"column":0},"end":{"line":46,"column":1}},"3":{"start":{"line":15,"column":4},"end":{"line":43,"column":55}},"4":{"start":{"line":16,"column":8},"end":{"line":16,"column":54}},"5":{"start":{"line":18,"column":9},"end":{"line":43,"column":55}},"6":{"start":{"line":19,"column":8},"end":{"line":19,"column":55}},"7":{"start":{"line":21,"column":9},"end":{"line":43,"column":55}},"8":{"start":{"line":22,"column":8},"end":{"line":22,"column":60}},"9":{"start":{"line":24,"column":9},"end":{"line":43,"column":55}},"10":{"start":{"line":25,"column":8},"end":{"line":25,"column":54}},"11":{"start":{"line":27,"column":9},"end":{"line":43,"column":55}},"12":{"start":{"line":28,"column":8},"end":{"line":28,"column":54}},"13":{"start":{"line":30,"column":9},"end":{"line":43,"column":55}},"14":{"start":{"line":31,"column":8},"end":{"line":31,"column":54}},"15":{"start":{"line":33,"column":9},"end":{"line":43,"column":55}},"16":{"start":{"line":34,"column":8},"end":{"line":34,"column":54}},"17":{"start":{"line":36,"column":9},"end":{"line":43,"column":55}},"18":{"start":{"line":37,"column":8},"end":{"line":37,"column":54}},"19":{"start":{"line":39,"column":9},"end":{"line":43,"column":55}},"20":{"start":{"line":40,"column":8},"end":{"line":40,"column":54}},"21":{"start":{"line":43,"column":8},"end":{"line":43,"column":55}},"22":{"start":{"line":45,"column":4},"end":{"line":45,"column":23}}},"fnMap":{"0":{"name":"(anonymous_0)","decl":{"start":{"line":14,"column":17},"end":{"line":14,"column":18}},"loc":{"start":{"line":14,"column":39},"end":{"line":46,"column":1}},"line":14}},"branchMap":{"0":{"loc":{"start":{"line":15,"column":4},"end":{"line":43,"column":55}},"type":"if","locations":[{"start":{"line":15,"column":4},"end":{"line":43,"column":55}},{"start":{"line":18,"column":9},"end":{"line":43,"column":55}}],"line":15},"1":{"loc":{"start":{"line":15,"column":8},"end":{"line":15,"column":66}},"type":"binary-expr","locations":[{"start":{"line":15,"column":8},"end":{"line":15,"column":36}},{"start":{"line":15,"column":40},"end":{"line":15,"column":66}}],"line":15},"2":{"loc":{"start":{"line":18,"column":9},"end":{"line":43,"column":55}},"type":"if","locations":[{"start":{"line":18,"column":9},"end":{"line":43,"column":55}},{"start":{"line":21,"column":9},"end":{"line":43,"column":55}}],"line":18},"3":{"loc":{"start":{"line":21,"column":9},"end":{"line":43,"column":55}},"type":"if","locations":[{"start":{"line":21,"column":9},"end":{"line":43,"column":55}},{"start":{"line":24,"column":9},"end":{"line":43,"column":55}}],"line":21},"4":{"loc":{"start":{"line":24,"column":9},"end":{"line":43,"column":55}},"type":"if","locations":[{"start":{"line":24,"column":9},"end":{"line":43,"column":55}},{"start":{"line":27,"column":9},"end":{"line":43,"column":55}}],"line":24},"5":{"loc":{"start":{"line":27,"column":9},"end":{"line":43,"column":55}},"type":"if","locations":[{"start":{"line":27,"column":9},"end":{"line":43,"column":55}},{"start":{"line":30,"column":9},"end":{"line":43,"column":55}}],"line":27},"6":{"loc":{"start":{"line":30,"column":9},"end":{"line":43,"column":55}},"type":"if","locations":[{"start":{"line":30,"column":9},"end":{"line":43,"column":55}},{"start":{"line":33,"column":9},"end":{"line":43,"column":55}}],"line":30},"7":{"loc":{"start":{"line":33,"column":9},"end":{"line":43,"column":55}},"type":"if","locations":[{"start":{"line":33,"column":9},"end":{"line":43,"column":55}},{"start":{"line":36,"column":9},"end":{"line":43,"column":55}}],"line":33},"8":{"loc":{"start":{"line":36,"column":9},"end":{"line":43,"column":55}},"type":"if","locations":[{"start":{"line":36,"column":9},"end":{"line":43,"column":55}},{"start":{"line":39,"column":9},"end":{"line":43,"column":55}}],"line":36},"9":{"loc":{"start":{"line":39,"column":9},"end":{"line":43,"column":55}},"type":"if","locations":[{"start":{"line":39,"column":9},"end":{"line":43,"column":55}},{"start":{"line":43,"column":8},"end":{"line":43,"column":55}}],"line":39}},"s":{"0":9,"1":9,"2":9,"3":0,"4":0,"5":0,"6":0,"7":0,"8":0,"9":0,"10":0,"11":0,"12":0,"13":0,"14":0,"15":0,"16":0,"17":0,"18":0,"19":0,"20":0,"21":0,"22":0},"f":{"0":0},"b":{"0":[0,0],"1":[0,0],"2":[0,0],"3":[0,0],"4":[0,0],"5":[0,0],"6":[0,0],"7":[0,0],"8":[0,0],"9":[0,0]},"_coverageSchema":"1a1c01bbd47fc00a2c39e90264f33305004495a9","hash":"3622c5b7511637d6e98baaabe8be30b852c64fe3"}
,"/volume1/server/buscobarbie_api/src/utils/index.js": {"path":"/volume1/server/buscobarbie_api/src/utils/index.js","statementMap":{"0":{"start":{"line":1,"column":0},"end":{"line":6,"column":1}}},"fnMap":{},"branchMap":{},"s":{"0":9},"f":{},"b":{},"_coverageSchema":"1a1c01bbd47fc00a2c39e90264f33305004495a9","hash":"dbb961bdb5c2c7687d2779376efc5456daa17f62"}
,"/volume1/server/buscobarbie_api/src/utils/logger.js": {"path":"/volume1/server/buscobarbie_api/src/utils/logger.js","statementMap":{"0":{"start":{"line":1,"column":45},"end":{"line":1,"column":63}},"1":{"start":{"line":2,"column":46},"end":{"line":2,"column":52}},"2":{"start":{"line":4,"column":0},"end":{"line":17,"column":4}},"3":{"start":{"line":9,"column":20},"end":{"line":9,"column":76}}},"fnMap":{"0":{"name":"(anonymous_0)","decl":{"start":{"line":9,"column":15},"end":{"line":9,"column":16}},"loc":{"start":{"line":9,"column":20},"end":{"line":9,"column":76}},"line":9}},"branchMap":{},"s":{"0":9,"1":9,"2":9,"3":0},"f":{"0":0},"b":{},"_coverageSchema":"1a1c01bbd47fc00a2c39e90264f33305004495a9","hash":"ee360457b03e700bf1170ba3122725a807b3102f"}
,"/volume1/server/buscobarbie_api/src/utils/validateObjectId.js": {"path":"/volume1/server/buscobarbie_api/src/utils/validateObjectId.js","statementMap":{"0":{"start":{"line":1,"column":45},"end":{"line":1,"column":64}},"1":{"start":{"line":2,"column":24},"end":{"line":2,"column":41}},"2":{"start":{"line":4,"column":0},"end":{"line":6,"column":1}},"3":{"start":{"line":5,"column":4},"end":{"line":5,"column":59}},"4":{"start":{"line":5,"column":22},"end":{"line":5,"column":59}}},"fnMap":{"0":{"name":"(anonymous_0)","decl":{"start":{"line":4,"column":17},"end":{"line":4,"column":18}},"loc":{"start":{"line":4,"column":30},"end":{"line":6,"column":1}},"line":4}},"branchMap":{"0":{"loc":{"start":{"line":5,"column":4},"end":{"line":5,"column":59}},"type":"if","locations":[{"start":{"line":5,"column":4},"end":{"line":5,"column":59}},{"start":{},"end":{}}],"line":5}},"s":{"0":9,"1":9,"2":9,"3":12,"4":0},"f":{"0":12},"b":{"0":[0,12]},"_coverageSchema":"1a1c01bbd47fc00a2c39e90264f33305004495a9","hash":"02eb55a685c28b992b1e7452478122c55854bc84"}
,"/volume1/server/buscobarbie_api/src/utils/verifyToken.js": {"path":"/volume1/server/buscobarbie_api/src/utils/verifyToken.js","statementMap":{"0":{"start":{"line":1,"column":73},"end":{"line":1,"column":96}},"1":{"start":{"line":2,"column":36},"end":{"line":2,"column":53}},"2":{"start":{"line":3,"column":22},"end":{"line":3,"column":42}},"3":{"start":{"line":4,"column":19},"end":{"line":4,"column":41}},"4":{"start":{"line":6,"column":0},"end":{"line":19,"column":1}},"5":{"start":{"line":7,"column":4},"end":{"line":18,"column":5}},"6":{"start":{"line":8,"column":20},"end":{"line":8,"column":54}},"7":{"start":{"line":9,"column":8},"end":{"line":9,"column":54}},"8":{"start":{"line":9,"column":17},"end":{"line":9,"column":54}},"9":{"start":{"line":10,"column":24},"end":{"line":10,"column":49}},"10":{"start":{"line":11,"column":8},"end":{"line":11,"column":26}},"11":{"start":{"line":13,"column":8},"end":{"line":17,"column":48}},"12":{"start":{"line":14,"column":12},"end":{"line":14,"column":47}},"13":{"start":{"line":17,"column":12},"end":{"line":17,"column":48}}},"fnMap":{"0":{"name":"(anonymous_0)","decl":{"start":{"line":6,"column":17},"end":{"line":6,"column":18}},"loc":{"start":{"line":6,"column":40},"end":{"line":19,"column":1}},"line":6}},"branchMap":{"0":{"loc":{"start":{"line":9,"column":8},"end":{"line":9,"column":54}},"type":"if","locations":[{"start":{"line":9,"column":8},"end":{"line":9,"column":54}},{"start":{},"end":{}}],"line":9},"1":{"loc":{"start":{"line":13,"column":8},"end":{"line":17,"column":48}},"type":"if","locations":[{"start":{"line":13,"column":8},"end":{"line":17,"column":48}},{"start":{"line":17,"column":12},"end":{"line":17,"column":48}}],"line":13},"2":{"loc":{"start":{"line":13,"column":12},"end":{"line":13,"column":150}},"type":"binary-expr","locations":[{"start":{"line":13,"column":12},"end":{"line":13,"column":46}},{"start":{"line":13,"column":50},"end":{"line":13,"column":81}},{"start":{"line":13,"column":85},"end":{"line":13,"column":119}},{"start":{"line":13,"column":123},"end":{"line":13,"column":150}}],"line":13}},"s":{"0":9,"1":9,"2":9,"3":9,"4":9,"5":0,"6":0,"7":0,"8":0,"9":0,"10":0,"11":0,"12":0,"13":0},"f":{"0":0},"b":{"0":[0,0],"1":[0,0],"2":[0,0,0,0]},"_coverageSchema":"1a1c01bbd47fc00a2c39e90264f33305004495a9","hash":"79278541032e8ddf59d1a0b7171aa08178b93c94"}
}
