TN:
SF:src/logic/index.js
FNF:0
FNH:0
DA:1,20
LF:1
LH:1
BRF:0
BRH:0
end_of_record
TN:
SF:src/logic/admin/adminContact.js
FN:10,(anonymous_0)
FNF:1
FNH:1
FNDA:1,(anonymous_0)
DA:1,20
DA:2,20
DA:3,20
DA:4,20
DA:5,20
DA:6,20
DA:7,20
DA:8,20
DA:10,20
DA:11,1
DA:12,1
DA:13,1
DA:14,1
DA:16,1
DA:26,1
DA:75,1
LF:16
LH:16
BRF:0
BRH:0
end_of_record
TN:
SF:src/logic/admin/adminDeleteAd.js
FN:13,(anonymous_0)
FNF:1
FNH:1
FNDA:4,(anonymous_0)
DA:1,20
DA:2,20
DA:3,20
DA:4,20
DA:5,20
DA:6,20
DA:7,20
DA:8,20
DA:9,20
DA:10,20
DA:11,20
DA:13,20
DA:14,4
DA:15,4
DA:17,4
DA:18,4
DA:19,3
DA:21,2
DA:22,2
DA:24,1
DA:26,1
DA:27,1
DA:29,1
DA:39,1
DA:123,1
LF:25
LH:25
BRDA:18,0,0,1
BRDA:18,0,1,3
BRDA:19,1,0,1
BRDA:19,1,1,2
BRDA:22,2,0,1
BRDA:22,2,1,1
BRDA:107,3,0,1
BRDA:107,3,1,0
BRDA:108,4,0,1
BRDA:108,4,1,0
BRDA:109,5,0,0
BRDA:109,5,1,1
BRDA:112,6,0,0
BRDA:112,6,1,1
BRDA:113,7,0,0
BRDA:113,7,1,1
BRDA:114,8,0,0
BRDA:114,8,1,1
BRF:18
BRH:12
end_of_record
TN:
SF:src/logic/admin/retrieveAdminData.js
FN:5,(anonymous_0)
FNF:1
FNH:1
FNDA:3,(anonymous_0)
DA:1,20
DA:2,20
DA:3,20
DA:5,20
DA:6,3
DA:8,3
DA:9,3
DA:10,2
DA:12,1
DA:13,1
DA:15,1
DA:16,1
DA:18,1
LF:13
LH:13
BRDA:9,0,0,1
BRDA:9,0,1,2
BRDA:10,1,0,1
BRDA:10,1,1,1
BRF:4
BRH:4
end_of_record
TN:
SF:src/logic/admin/verifyAd.js
FN:12,(anonymous_0)
FNF:1
FNH:1
FNDA:4,(anonymous_0)
DA:1,20
DA:2,20
DA:3,20
DA:4,20
DA:5,20
DA:6,20
DA:7,20
DA:8,20
DA:9,20
DA:10,20
DA:12,20
DA:13,4
DA:14,4
DA:16,4
DA:17,4
DA:18,3
DA:20,2
DA:21,2
DA:23,1
DA:25,1
DA:27,1
DA:37,1
DA:118,1
LF:23
LH:23
BRDA:17,0,0,1
BRDA:17,0,1,3
BRDA:18,1,0,1
BRDA:18,1,1,2
BRDA:21,2,0,1
BRDA:21,2,1,1
BRDA:102,3,0,1
BRDA:102,3,1,0
BRDA:103,4,0,1
BRDA:103,4,1,0
BRDA:104,5,0,0
BRDA:104,5,1,1
BRDA:107,6,0,0
BRDA:107,6,1,1
BRDA:108,7,0,0
BRDA:108,7,1,1
BRDA:109,8,0,0
BRDA:109,8,1,1
BRF:18
BRH:12
end_of_record
TN:
SF:src/logic/ads/retrieveAdWithId.js
FN:5,(anonymous_0)
FN:9,(anonymous_1)
FN:13,(anonymous_2)
FNF:3
FNH:3
FNDA:4,(anonymous_0)
FNDA:4,(anonymous_1)
FNDA:2,(anonymous_2)
DA:1,20
DA:2,20
DA:3,20
DA:5,20
DA:6,4
DA:7,4
DA:8,4
DA:10,4
DA:11,3
DA:12,2
DA:14,2
DA:15,1
DA:16,1
LF:13
LH:13
BRDA:10,0,0,1
BRDA:10,0,1,3
BRDA:11,1,0,1
BRDA:11,1,1,2
BRDA:14,2,0,1
BRDA:14,2,1,1
BRF:6
BRH:6
end_of_record
TN:
SF:src/logic/ads/retrieveFilteredAds.js
FN:4,(anonymous_0)
FN:10,(anonymous_1)
FN:41,(anonymous_2)
FN:49,(anonymous_3)
FN:51,(anonymous_4)
FNF:5
FNH:5
FNDA:2,(anonymous_0)
FNDA:2,(anonymous_1)
FNDA:2,(anonymous_2)
FNDA:2,(anonymous_3)
FNDA:2,(anonymous_4)
DA:1,20
DA:2,20
DA:4,20
DA:5,2
DA:6,2
DA:8,2
DA:10,2
DA:11,2
DA:13,2
DA:14,1
DA:16,2
DA:18,2
DA:20,2
DA:21,1
DA:29,2
DA:30,2
DA:33,2
DA:34,1
DA:36,2
DA:37,1
DA:41,2
DA:42,2
DA:43,2
DA:44,2
DA:45,2
DA:48,2
DA:50,2
DA:52,2
LF:28
LH:28
BRDA:6,0,0,1
BRDA:6,0,1,1
BRDA:13,1,0,1
BRDA:13,1,1,1
BRDA:20,2,0,1
BRDA:20,2,1,1
BRDA:29,3,0,2
BRDA:29,3,1,0
BRDA:33,4,0,1
BRDA:33,4,1,1
BRDA:36,5,0,1
BRDA:36,5,1,1
BRDA:36,6,0,2
BRDA:36,6,1,1
BRDA:42,7,0,1
BRDA:42,7,1,1
BRDA:43,8,0,1
BRDA:43,8,1,1
BRDA:44,9,0,0
BRDA:44,9,1,2
BRDA:45,10,0,0
BRDA:45,10,1,2
BRF:22
BRH:19
end_of_record
TN:
SF:src/logic/user/authenticateGoogleUser.js
FN:10,(anonymous_0)
FNF:1
FNH:1
FNDA:2,(anonymous_0)
DA:1,20
DA:2,20
DA:3,20
DA:4,20
DA:5,20
DA:6,20
DA:7,20
DA:8,20
DA:10,20
DA:11,2
DA:13,2
DA:14,2
DA:16,1
DA:18,1
DA:19,8
DA:22,1
DA:24,1
DA:26,1
DA:28,1
LF:19
LH:19
BRDA:14,0,0,1
BRDA:14,0,1,1
BRF:2
BRH:2
end_of_record
TN:
SF:src/logic/user/authenticateUser.js
FN:20,(anonymous_0)
FNF:1
FNH:1
FNDA:5,(anonymous_0)
DA:1,20
DA:2,20
DA:3,20
DA:4,20
DA:20,20
DA:21,5
DA:22,5
DA:24,5
DA:26,5
DA:27,4
DA:28,3
DA:30,2
DA:32,2
DA:33,1
LF:14
LH:14
BRDA:26,0,0,1
BRDA:26,0,1,4
BRDA:27,1,0,1
BRDA:27,1,1,3
BRDA:28,2,0,1
BRDA:28,2,1,2
BRDA:32,3,0,1
BRDA:32,3,1,1
BRF:8
BRH:8
end_of_record
TN:
SF:src/logic/user/contactUser.js
FN:11,(anonymous_0)
FNF:1
FNH:1
FNDA:2,(anonymous_0)
DA:1,20
DA:2,20
DA:3,20
DA:4,20
DA:5,20
DA:6,20
DA:7,20
DA:8,20
DA:9,20
DA:11,20
DA:13,2
DA:14,2
DA:16,1
DA:26,1
DA:94,1
LF:15
LH:15
BRDA:14,0,0,1
BRDA:14,0,1,1
BRF:2
BRH:2
end_of_record
TN:
SF:src/logic/user/deleteUser.js
FN:6,(anonymous_0)
FNF:1
FNH:1
FNDA:2,(anonymous_0)
DA:1,20
DA:2,20
DA:3,20
DA:4,20
DA:6,20
DA:7,2
DA:9,2
DA:10,2
DA:12,1
DA:14,1
DA:16,1
LF:11
LH:11
BRDA:10,0,0,1
BRDA:10,0,1,1
BRF:2
BRH:2
end_of_record
TN:
SF:src/logic/user/recoverPassword.js
FN:13,(anonymous_0)
FNF:1
FNH:1
FNDA:2,(anonymous_0)
DA:1,20
DA:2,20
DA:3,20
DA:4,20
DA:5,20
DA:6,20
DA:7,20
DA:8,20
DA:9,20
DA:10,20
DA:11,20
DA:13,20
DA:14,2
DA:16,2
DA:18,2
DA:20,1
DA:30,1
DA:32,1
DA:107,1
DA:114,1
DA:115,1
LF:21
LH:21
BRDA:18,0,0,1
BRDA:18,0,1,1
BRDA:18,1,0,2
BRDA:18,1,1,1
BRF:4
BRH:4
end_of_record
TN:
SF:src/logic/user/registerUserWithAd.js
FN:34,(anonymous_0)
FNF:1
FNH:1
FNDA:3,(anonymous_0)
DA:1,20
DA:17,20
DA:18,20
DA:19,20
DA:20,20
DA:21,20
DA:22,20
DA:23,20
DA:24,20
DA:25,20
DA:26,20
DA:27,20
DA:28,20
DA:29,20
DA:30,20
DA:31,20
DA:32,20
DA:34,20
DA:35,3
DA:36,3
DA:37,3
DA:38,3
DA:39,3
DA:40,3
DA:41,3
DA:42,3
DA:43,3
DA:44,3
DA:45,3
DA:46,3
DA:47,3
DA:48,3
DA:49,3
DA:50,1
DA:51,1
DA:54,3
DA:60,3
DA:61,3
DA:63,2
DA:65,2
DA:67,2
DA:69,2
DA:72,2
DA:74,2
DA:76,1
DA:77,1
DA:78,2
DA:79,2
DA:82,1
DA:87,2
DA:97,2
DA:99,2
DA:181,2
DA:188,2
LF:54
LH:54
BRDA:49,0,0,1
BRDA:49,0,1,2
BRDA:61,1,0,1
BRDA:61,1,1,2
BRDA:74,2,0,1
BRDA:74,2,1,1
BRDA:163,3,0,1
BRDA:163,3,1,1
BRDA:164,4,0,1
BRDA:164,4,1,1
BRDA:165,5,0,1
BRDA:165,5,1,1
BRDA:168,6,0,1
BRDA:168,6,1,1
BRDA:169,7,0,1
BRDA:169,7,1,1
BRDA:170,8,0,1
BRDA:170,8,1,1
BRF:18
BRH:18
end_of_record
TN:
SF:src/logic/user/updatePassword.js
FN:22,(anonymous_0)
FNF:1
FNH:1
FNDA:3,(anonymous_0)
DA:1,20
DA:2,20
DA:3,20
DA:4,20
DA:5,20
DA:22,20
DA:23,3
DA:24,3
DA:25,3
DA:27,3
DA:29,2
DA:31,2
DA:33,1
DA:35,1
DA:36,1
LF:15
LH:15
BRDA:27,0,0,1
BRDA:27,0,1,2
BRDA:31,1,0,1
BRDA:31,1,1,1
BRF:4
BRH:4
end_of_record
TN:
SF:src/logic/user/updateUser.js
FN:7,(anonymous_0)
FNF:1
FNH:1
FNDA:4,(anonymous_0)
DA:1,20
DA:2,20
DA:3,20
DA:4,20
DA:5,20
DA:7,20
DA:8,4
DA:9,4
DA:10,4
DA:11,2
DA:13,2
DA:15,2
DA:17,2
DA:19,1
DA:23,2
DA:25,2
DA:27,1
LF:17
LH:17
BRDA:10,0,0,2
BRDA:10,0,1,2
BRDA:17,1,0,1
BRDA:17,1,1,1
BRDA:25,2,0,1
BRDA:25,2,1,1
BRF:6
BRH:6
end_of_record
TN:
SF:src/logic/user/verifyUser.js
FN:5,(anonymous_0)
FN:9,(anonymous_1)
FNF:2
FNH:2
FNDA:3,(anonymous_0)
FNDA:3,(anonymous_1)
DA:1,20
DA:2,20
DA:3,20
DA:5,20
DA:6,3
DA:8,3
DA:10,3
DA:11,2
DA:12,1
LF:9
LH:9
BRDA:10,0,0,1
BRDA:10,0,1,2
BRDA:11,1,0,1
BRDA:11,1,1,1
BRF:4
BRH:4
end_of_record
TN:
SF:src/logic/userAds/deleteAd.js
FN:6,(anonymous_0)
FNF:1
FNH:1
FNDA:2,(anonymous_0)
DA:1,20
DA:2,20
DA:3,20
DA:4,20
DA:6,20
DA:7,2
DA:8,2
DA:10,2
DA:11,2
DA:13,1
DA:14,1
DA:16,1
DA:17,2
DA:18,1
DA:19,1
DA:23,1
DA:24,1
DA:26,1
DA:27,0
DA:29,1
LF:20
LH:19
BRDA:11,0,0,1
BRDA:11,0,1,1
BRDA:17,1,0,1
BRDA:17,1,1,1
BRDA:26,2,0,0
BRDA:26,2,1,1
BRF:6
BRH:5
end_of_record
TN:
SF:src/logic/userAds/newUserAd.js
FN:21,(anonymous_0)
FNF:1
FNH:1
FNDA:4,(anonymous_0)
DA:1,20
DA:2,20
DA:3,20
DA:16,20
DA:17,20
DA:18,20
DA:19,20
DA:21,20
DA:22,4
DA:23,4
DA:24,4
DA:25,4
DA:26,4
DA:27,4
DA:28,4
DA:29,4
DA:30,4
DA:31,4
DA:32,4
DA:33,4
DA:34,4
DA:35,3
DA:36,3
DA:39,4
DA:40,4
DA:42,3
DA:48,3
DA:50,3
DA:52,2
DA:54,2
DA:56,2
DA:57,2
DA:59,1
DA:60,2
DA:61,2
DA:66,2
DA:68,2
DA:70,2
DA:72,2
LF:39
LH:39
BRDA:34,0,0,3
BRDA:34,0,1,1
BRDA:40,1,0,1
BRDA:40,1,1,3
BRDA:50,2,0,1
BRDA:50,2,1,2
BRDA:57,3,0,1
BRDA:57,3,1,1
BRF:8
BRH:8
end_of_record
TN:
SF:src/logic/userAds/retrieveUserWithAds.js
FN:4,(anonymous_0)
FNF:1
FNH:1
FNDA:2,(anonymous_0)
DA:1,20
DA:2,20
DA:4,20
DA:5,2
DA:6,2
DA:7,1
DA:8,1
DA:10,1
DA:12,1
LF:9
LH:9
BRDA:6,0,0,1
BRDA:6,0,1,1
BRF:2
BRH:2
end_of_record
TN:
SF:src/logic/userAds/updateAd.js
FN:23,(anonymous_0)
FN:63,(anonymous_1)
FNF:2
FNH:2
FNDA:5,(anonymous_0)
FNDA:2,(anonymous_1)
DA:1,20
DA:2,20
DA:3,20
DA:4,20
DA:5,20
DA:6,20
DA:18,20
DA:19,20
DA:20,20
DA:21,20
DA:23,20
DA:24,5
DA:25,5
DA:26,5
DA:27,5
DA:28,5
DA:29,5
DA:30,5
DA:31,5
DA:32,5
DA:33,5
DA:34,5
DA:35,5
DA:36,2
DA:37,2
DA:39,5
DA:41,5
DA:42,5
DA:44,4
DA:45,4
DA:46,3
DA:48,2
DA:49,2
DA:50,2
DA:51,2
DA:52,2
DA:53,2
DA:54,2
DA:55,2
DA:56,2
DA:57,2
DA:58,2
DA:61,2
DA:62,2
DA:63,2
DA:64,2
DA:65,2
DA:68,2
DA:69,2
DA:71,1
DA:72,2
DA:73,2
DA:78,2
DA:80,2
DA:82,2
DA:84,2
DA:86,2
LF:57
LH:57
BRDA:35,0,0,2
BRDA:35,0,1,3
BRDA:42,1,0,1
BRDA:42,1,1,4
BRDA:45,2,0,1
BRDA:45,2,1,3
BRDA:46,3,0,1
BRDA:46,3,1,2
BRDA:64,4,0,2
BRDA:64,4,1,0
BRDA:69,5,0,1
BRDA:69,5,1,1
BRF:12
BRH:11
end_of_record
TN:
SF:src/logic/userAds/updateAdVisibility.js
FN:6,(anonymous_0)
FNF:1
FNH:1
FNDA:4,(anonymous_0)
DA:1,20
DA:2,20
DA:3,20
DA:4,20
DA:6,20
DA:7,4
DA:8,4
DA:9,4
DA:11,4
DA:12,4
DA:14,3
DA:15,3
DA:17,2
DA:19,1
DA:21,1
LF:15
LH:15
BRDA:12,0,0,1
BRDA:12,0,1,3
BRDA:15,1,0,1
BRDA:15,1,1,2
BRDA:17,2,0,1
BRDA:17,2,1,1
BRF:6
BRH:6
end_of_record
TN:
SF:src/models/Ad.js
FN:14,(anonymous_0)
FN:23,(anonymous_1)
FN:43,(anonymous_2)
FN:53,(anonymous_3)
FN:62,(anonymous_4)
FNF:5
FNH:4
FNDA:46,(anonymous_0)
FNDA:46,(anonymous_1)
FNDA:0,(anonymous_2)
FNDA:44,(anonymous_3)
FNDA:46,(anonymous_4)
DA:1,20
DA:2,20
DA:4,20
DA:15,46
DA:24,46
DA:44,0
DA:54,44
DA:63,46
LF:8
LH:7
BRF:0
BRH:0
end_of_record
TN:
SF:src/models/Blacklist.js
FNF:0
FNH:0
DA:1,20
DA:3,20
LF:2
LH:2
BRF:0
BRH:0
end_of_record
TN:
SF:src/models/User.js
FN:9,(anonymous_0)
FN:19,(anonymous_1)
FNF:2
FNH:2
FNDA:62,(anonymous_0)
FNDA:62,(anonymous_1)
DA:1,20
DA:2,20
DA:4,20
DA:10,62
DA:20,62
LF:5
LH:5
BRF:0
BRH:0
end_of_record
TN:
SF:src/models/index.js
FNF:0
FNH:0
DA:1,20
LF:1
LH:1
BRF:0
BRH:0
end_of_record
TN:
SF:src/utils/arrangeGoogleName.js
FN:1,(anonymous_0)
FNF:1
FNH:0
FNDA:0,(anonymous_0)
DA:1,20
DA:2,0
DA:3,0
DA:4,0
LF:4
LH:1
BRDA:2,0,0,0
BRDA:2,0,1,0
BRDA:3,1,0,0
BRDA:3,1,1,0
BRF:4
BRH:0
end_of_record
TN:
SF:src/utils/errorHandler.js
FN:14,(anonymous_0)
FNF:1
FNH:0
FNDA:0,(anonymous_0)
DA:11,20
DA:12,20
DA:14,20
DA:15,0
DA:16,0
DA:18,0
DA:19,0
DA:21,0
DA:22,0
DA:24,0
DA:25,0
DA:27,0
DA:28,0
DA:30,0
DA:31,0
DA:33,0
DA:34,0
DA:36,0
DA:37,0
DA:39,0
DA:40,0
DA:43,0
DA:45,0
LF:23
LH:3
BRDA:15,0,0,0
BRDA:15,0,1,0
BRDA:15,1,0,0
BRDA:15,1,1,0
BRDA:18,2,0,0
BRDA:18,2,1,0
BRDA:21,3,0,0
BRDA:21,3,1,0
BRDA:24,4,0,0
BRDA:24,4,1,0
BRDA:27,5,0,0
BRDA:27,5,1,0
BRDA:30,6,0,0
BRDA:30,6,1,0
BRDA:33,7,0,0
BRDA:33,7,1,0
BRDA:36,8,0,0
BRDA:36,8,1,0
BRDA:39,9,0,0
BRDA:39,9,1,0
BRF:20
BRH:0
end_of_record
TN:
SF:src/utils/index.js
FNF:0
FNH:0
DA:1,20
LF:1
LH:1
BRF:0
BRH:0
end_of_record
TN:
SF:src/utils/logger.js
FN:9,(anonymous_0)
FNF:1
FNH:0
FNDA:0,(anonymous_0)
DA:1,20
DA:2,20
DA:4,20
DA:9,0
LF:4
LH:3
BRF:0
BRH:0
end_of_record
TN:
SF:src/utils/validateObjectId.js
FN:4,(anonymous_0)
FNF:1
FNH:1
FNDA:61,(anonymous_0)
DA:1,20
DA:2,20
DA:4,20
DA:5,61
LF:4
LH:4
BRDA:5,0,0,0
BRDA:5,0,1,61
BRF:2
BRH:1
end_of_record
TN:
SF:src/utils/verifyToken.js
FN:6,(anonymous_0)
FNF:1
FNH:0
FNDA:0,(anonymous_0)
DA:1,20
DA:2,20
DA:3,20
DA:4,20
DA:6,20
DA:7,0
DA:8,0
DA:9,0
DA:10,0
DA:11,0
DA:13,0
DA:14,0
DA:17,0
LF:13
LH:5
BRDA:9,0,0,0
BRDA:9,0,1,0
BRDA:13,1,0,0
BRDA:13,1,1,0
BRDA:13,2,0,0
BRDA:13,2,1,0
BRDA:13,2,2,0
BRDA:13,2,3,0
BRF:8
BRH:0
end_of_record
